{"meta": {"format": 3, "version": "7.14.1", "timestamp": "2026-06-03T23:43:09.104157", "branch_coverage": false, "show_contexts": false}, "files": {"src\\__init__.py": {"executed_lines": [1], "summary": {"covered_lines": 1, "num_statements": 1, "percent_covered": 100.0, "percent_covered_display": "100.0", "missing_lines": 0, "excluded_lines": 0, "percent_statements_covered": 100.0, "percent_statements_covered_display": "100.0"}, "missing_lines": [], "excluded_lines": [], "functions": {"": {"executed_lines": [1], "summary": {"covered_lines": 1, "num_statements": 1, "percent_covered": 100.0, "percent_covered_display": "100.0", "missing_lines": 0, "excluded_lines": 0, "percent_statements_covered": 100.0, "percent_statements_covered_display": "100.0"}, "missing_lines": [], "excluded_lines": [], "start_line": 1}}, "classes": {"": {"executed_lines": [1], "summary": {"covered_lines": 1, "num_statements": 1, "percent_covered": 100.0, "percent_covered_display": "100.0", "missing_lines": 0, "excluded_lines": 0, "percent_statements_covered": 100.0, "percent_statements_covered_display": "100.0"}, "missing_lines": [], "excluded_lines": [], "start_line": 1}}}, "src\\core\\__init__.py": {"executed_lines": [2], "summary": {"covered_lines": 1, "num_statements": 1, "percent_covered": 100.0, "percent_covered_display": "100.0", "missing_lines": 0, "excluded_lines": 0, "percent_statements_covered": 100.0, "percent_statements_covered_display": "100.0"}, "missing_lines": [], "excluded_lines": [], "functions": {"": {"executed_lines": [2], "summary": {"covered_lines": 1, "num_statements": 1, "percent_covered": 100.0, "percent_covered_display": "100.0", "missing_lines": 0, "excluded_lines": 0, "percent_statements_covered": 100.0, "percent_statements_covered_display": "100.0"}, "missing_lines": [], "excluded_lines": [], "start_line": 1}}, "classes": {"": {"executed_lines": [2], "summary": {"covered_lines": 1, "num_statements": 1, "percent_covered": 100.0, "percent_covered_display": "100.0", "missing_lines": 0, "excluded_lines": 0, "percent_statements_covered": 100.0, "percent_statements_covered_display": "100.0"}, "missing_lines": [], "excluded_lines": [], "start_line": 1}}}, "src\\core\\audit\\__init__.py": {"executed_lines": [1, 2, 3, 4, 6], "summary": {"covered_lines": 5, "num_statements": 5, "percent_covered": 100.0, "percent_covered_display": "100.0", "missing_lines": 0, "excluded_lines": 0, "percent_statements_covered": 100.0, "percent_statements_covered_display": "100.0"}, "missing_lines": [], "excluded_lines": [], "functions": {"": {"executed_lines": [1, 2, 3, 4, 6], "summary": {"covered_lines": 5, "num_statements": 5, "percent_covered": 100.0, "percent_covered_display": "100.0", "missing_lines": 0, "excluded_lines": 0, "percent_statements_covered": 100.0, "percent_statements_covered_display": "100.0"}, "missing_lines": [], "excluded_lines": [], "start_line": 1}}, "classes": {"": {"executed_lines": [1, 2, 3, 4, 6], "summary": {"covered_lines": 5, "num_statements": 5, "percent_covered": 100.0, "percent_covered_display": "100.0", "missing_lines": 0, "excluded_lines": 0, "percent_statements_covered": 100.0, "percent_statements_covered_display": "100.0"}, "missing_lines": [], "excluded_lines": [], "start_line": 1}}}, "src\\core\\audit\\audit_compliance.py": {"executed_lines": [1, 5, 6, 8, 9, 12, 14, 15, 16, 18, 26, 29, 32, 35, 36, 37, 43, 44, 45, 46, 47, 48, 49, 50, 51, 52, 58, 61, 62, 72, 73, 74, 75, 76, 77, 78, 79, 80, 81, 82, 83, 84, 87, 90, 93, 94, 95, 99, 100, 104, 107], "summary": {"covered_lines": 51, "num_statements": 61, "percent_covered": 83.60655737704919, "percent_covered_display": "83.6", "missing_lines": 10, "excluded_lines": 0, "percent_statements_covered": 83.60655737704919, "percent_statements_covered_display": "83.6"}, "missing_lines": [85, 86, 96, 97, 98, 101, 102, 110, 112, 113], "excluded_lines": [], "functions": {"get_audit_timestamp": {"executed_lines": [29], "summary": {"covered_lines": 1, "num_statements": 1, "percent_covered": 100.0, "percent_covered_display": "100.0", "missing_lines": 0, "excluded_lines": 0, "percent_statements_covered": 100.0, "percent_statements_covered_display": "100.0"}, "missing_lines": [], "excluded_lines": [], "start_line": 26}, "format_cef": {"executed_lines": [35, 36, 37, 43, 44, 45, 46, 47, 48, 49, 50, 51, 52], "summary": {"covered_lines": 13, "num_statements": 13, "percent_covered": 100.0, "percent_covered_display": "100.0", "missing_lines": 0, "excluded_lines": 0, "percent_statements_covered": 100.0, "percent_statements_covered_display": "100.0"}, "missing_lines": [], "excluded_lines": [], "start_line": 32}, "format_cef_from_row": {"executed_lines": [61, 62, 72, 73, 74, 75, 76, 77, 78, 79, 80, 81, 82, 83, 84, 87], "summary": {"covered_lines": 16, "num_statements": 18, "percent_covered": 88.88888888888889, "percent_covered_display": "88.9", "missing_lines": 2, "excluded_lines": 0, "percent_statements_covered": 88.88888888888889, "percent_statements_covered_display": "88.9"}, "missing_lines": [85, 86], "excluded_lines": [], "start_line": 58}, "reconstruct_chronological": {"executed_lines": [93, 104], "summary": {"covered_lines": 2, "num_statements": 2, "percent_covered": 100.0, "percent_covered_display": "100.0", "missing_lines": 0, "excluded_lines": 0, "percent_statements_covered": 100.0, "percent_statements_covered_display": "100.0"}, "missing_lines": [], "excluded_lines": [], "start_line": 90}, "reconstruct_chronological._seq": {"executed_lines": [94, 95, 99, 100], "summary": {"covered_lines": 4, "num_statements": 9, "percent_covered": 44.44444444444444, "percent_covered_display": "44.4", "missing_lines": 5, "excluded_lines": 0, "percent_statements_covered": 44.44444444444444, "percent_statements_covered_display": "44.4"}, "missing_lines": [96, 97, 98, 101, 102], "excluded_lines": [], "start_line": 93}, "fetch_chronological_timeline": {"executed_lines": [], "summary": {"covered_lines": 0, "num_statements": 3, "percent_covered": 0.0, "percent_covered_display": "0.0", "missing_lines": 3, "excluded_lines": 0, "percent_statements_covered": 0.0, "percent_statements_covered_display": "0.0"}, "missing_lines": [110, 112, 113], "excluded_lines": [], "start_line": 107}, "": {"executed_lines": [1, 5, 6, 8, 9, 12, 14, 15, 16, 18, 26, 32, 58, 90, 107], "summary": {"covered_lines": 15, "num_statements": 15, "percent_covered": 100.0, "percent_covered_display": "100.0", "missing_lines": 0, "excluded_lines": 0, "percent_statements_covered": 100.0, "percent_statements_covered_display": "100.0"}, "missing_lines": [], "excluded_lines": [], "start_line": 1}}, "classes": {"": {"executed_lines": [1, 5, 6, 8, 9, 12, 14, 15, 16, 18, 26, 29, 32, 35, 36, 37, 43, 44, 45, 46, 47, 48, 49, 50, 51, 52, 58, 61, 62, 72, 73, 74, 75, 76, 77, 78, 79, 80, 81, 82, 83, 84, 87, 90, 93, 94, 95, 99, 100, 104, 107], "summary": {"covered_lines": 51, "num_statements": 61, "percent_covered": 83.60655737704919, "percent_covered_display": "83.6", "missing_lines": 10, "excluded_lines": 0, "percent_statements_covered": 83.60655737704919, "percent_statements_covered_display": "83.6"}, "missing_lines": [85, 86, 96, 97, 98, 101, 102, 110, 112, 113], "excluded_lines": [], "start_line": 1}}}, "src\\core\\audit\\audit_logger.py": {"executed_lines": [1, 5, 6, 7, 9, 11, 12, 13, 14, 15, 16, 17, 18, 19, 20, 21, 22, 25, 38, 73, 76, 77, 78, 79, 87, 88, 89, 90, 91, 93, 94, 95, 96, 98, 104, 105, 107, 110, 113, 116, 121, 122, 124, 125, 126, 127, 128, 130, 138, 140, 147, 148, 149, 150, 151, 153, 154, 155, 156, 164, 166, 167, 169, 170, 171, 172, 173, 174, 177, 179, 182, 186, 189, 192, 196, 199, 201, 204, 205, 206, 208, 211, 214, 215, 216, 217, 218, 225, 226, 227, 229, 230, 231, 233], "summary": {"covered_lines": 94, "num_statements": 102, "percent_covered": 92.15686274509804, "percent_covered_display": "92.2", "missing_lines": 8, "excluded_lines": 0, "percent_statements_covered": 92.15686274509804, "percent_statements_covered_display": "92.2"}, "missing_lines": [97, 99, 100, 101, 102, 197, 202, 228], "excluded_lines": [], "functions": {"_load_chain_state": {"executed_lines": [76, 77, 78, 79, 87, 88, 89, 90, 91, 93, 94, 95, 96, 98, 104, 105, 107], "summary": {"covered_lines": 17, "num_statements": 22, "percent_covered": 77.27272727272727, "percent_covered_display": "77.3", "missing_lines": 5, "excluded_lines": 0, "percent_statements_covered": 77.27272727272727, "percent_statements_covered_display": "77.3"}, "missing_lines": [97, 99, 100, 101, 102], "excluded_lines": [], "start_line": 73}, "reload_chain_state": {"executed_lines": [113], "summary": {"covered_lines": 1, "num_statements": 1, "percent_covered": 100.0, "percent_covered_display": "100.0", "missing_lines": 0, "excluded_lines": 0, "percent_statements_covered": 100.0, "percent_statements_covered_display": "100.0"}, "missing_lines": [], "excluded_lines": [], "start_line": 110}, "_append_record": {"executed_lines": [121, 122, 124, 125, 126, 127, 128, 130, 138, 140, 147, 148, 149, 150, 151, 153, 154, 155, 156, 164, 166, 167, 169, 170, 171, 172, 173, 174], "summary": {"covered_lines": 28, "num_statements": 28, "percent_covered": 100.0, "percent_covered_display": "100.0", "missing_lines": 0, "excluded_lines": 0, "percent_statements_covered": 100.0, "percent_statements_covered_display": "100.0"}, "missing_lines": [], "excluded_lines": [], "start_line": 116}, "_handle_event": {"executed_lines": [179], "summary": {"covered_lines": 1, "num_statements": 1, "percent_covered": 100.0, "percent_covered_display": "100.0", "missing_lines": 0, "excluded_lines": 0, "percent_statements_covered": 100.0, "percent_statements_covered_display": "100.0"}, "missing_lines": [], "excluded_lines": [], "start_line": 177}, "AuditLogger.log_event": {"executed_lines": [189], "summary": {"covered_lines": 1, "num_statements": 1, "percent_covered": 100.0, "percent_covered_display": "100.0", "missing_lines": 0, "excluded_lines": 0, "percent_statements_covered": 100.0, "percent_statements_covered_display": "100.0"}, "missing_lines": [], "excluded_lines": [], "start_line": 186}, "setup_audit_subscribers": {"executed_lines": [196, 199, 201, 204, 205, 206, 208], "summary": {"covered_lines": 7, "num_statements": 9, "percent_covered": 77.77777777777777, "percent_covered_display": "77.8", "missing_lines": 2, "excluded_lines": 0, "percent_statements_covered": 77.77777777777777, "percent_statements_covered_display": "77.8"}, "missing_lines": [197, 202], "excluded_lines": [], "start_line": 192}, "fetch_all_rows": {"executed_lines": [214, 215, 216, 217, 218, 225, 226, 227, 229, 230, 231, 233], "summary": {"covered_lines": 12, "num_statements": 13, "percent_covered": 92.3076923076923, "percent_covered_display": "92.3", "missing_lines": 1, "excluded_lines": 0, "percent_statements_covered": 92.3076923076923, "percent_statements_covered_display": "92.3"}, "missing_lines": [228], "excluded_lines": [], "start_line": 211}, "": {"executed_lines": [1, 5, 6, 7, 9, 11, 12, 13, 14, 15, 16, 17, 18, 19, 20, 21, 22, 25, 38, 73, 110, 116, 177, 182, 186, 192, 211], "summary": {"covered_lines": 27, "num_statements": 27, "percent_covered": 100.0, "percent_covered_display": "100.0", "missing_lines": 0, "excluded_lines": 0, "percent_statements_covered": 100.0, "percent_statements_covered_display": "100.0"}, "missing_lines": [], "excluded_lines": [], "start_line": 1}}, "classes": {"AuditLogger": {"executed_lines": [189], "summary": {"covered_lines": 1, "num_statements": 1, "percent_covered": 100.0, "percent_covered_display": "100.0", "missing_lines": 0, "excluded_lines": 0, "percent_statements_covered": 100.0, "percent_statements_covered_display": "100.0"}, "missing_lines": [], "excluded_lines": [], "start_line": 182}, "": {"executed_lines": [1, 5, 6, 7, 9, 11, 12, 13, 14, 15, 16, 17, 18, 19, 20, 21, 22, 25, 38, 73, 76, 77, 78, 79, 87, 88, 89, 90, 91, 93, 94, 95, 96, 98, 104, 105, 107, 110, 113, 116, 121, 122, 124, 125, 126, 127, 128, 130, 138, 140, 147, 148, 149, 150, 151, 153, 154, 155, 156, 164, 166, 167, 169, 170, 171, 172, 173, 174, 177, 179, 182, 186, 192, 196, 199, 201, 204, 205, 206, 208, 211, 214, 215, 216, 217, 218, 225, 226, 227, 229, 230, 231, 233], "summary": {"covered_lines": 93, "num_statements": 101, "percent_covered": 92.07920792079207, "percent_covered_display": "92.1", "missing_lines": 8, "excluded_lines": 0, "percent_statements_covered": 92.07920792079207, "percent_statements_covered_display": "92.1"}, "missing_lines": [97, 99, 100, 101, 102, 197, 202, 228], "excluded_lines": [], "start_line": 1}}}, "src\\core\\audit\\audit_security.py": {"executed_lines": [1, 5, 6, 8, 9, 12, 15, 17, 20, 24, 26, 27, 28, 29, 30, 38, 41, 45, 47, 50, 56, 59, 60, 63, 66, 67, 68, 69, 70, 71, 78, 80, 83, 102, 105, 106, 107, 108, 111, 114, 115, 123, 126, 135, 145], "summary": {"covered_lines": 45, "num_statements": 57, "percent_covered": 78.94736842105263, "percent_covered_display": "78.9", "missing_lines": 12, "excluded_lines": 0, "percent_statements_covered": 78.94736842105263, "percent_statements_covered_display": "78.9"}, "missing_lines": [53, 86, 87, 88, 89, 90, 91, 92, 93, 94, 98, 99], "excluded_lines": [], "functions": {"_utc_now_iso": {"executed_lines": [17], "summary": {"covered_lines": 1, "num_statements": 1, "percent_covered": 100.0, "percent_covered_display": "100.0", "missing_lines": 0, "excluded_lines": 0, "percent_statements_covered": 100.0, "percent_statements_covered_display": "100.0"}, "missing_lines": [], "excluded_lines": [], "start_line": 15}, "set_audit_maintenance": {"executed_lines": [24, 26, 27, 28, 29, 30, 38, 41, 45, 47], "summary": {"covered_lines": 10, "num_statements": 10, "percent_covered": 100.0, "percent_covered_display": "100.0", "missing_lines": 0, "excluded_lines": 0, "percent_statements_covered": 100.0, "percent_statements_covered_display": "100.0"}, "missing_lines": [], "excluded_lines": [], "start_line": 20}, "is_audit_maintenance": {"executed_lines": [], "summary": {"covered_lines": 0, "num_statements": 1, "percent_covered": 0.0, "percent_covered_display": "0.0", "missing_lines": 1, "excluded_lines": 0, "percent_statements_covered": 0.0, "percent_statements_covered_display": "0.0"}, "missing_lines": [53], "excluded_lines": [], "start_line": 50}, "require_audit_read_access": {"executed_lines": [59, 60], "summary": {"covered_lines": 2, "num_statements": 2, "percent_covered": 100.0, "percent_covered_display": "100.0", "missing_lines": 0, "excluded_lines": 0, "percent_statements_covered": 100.0, "percent_statements_covered_display": "100.0"}, "missing_lines": [], "excluded_lines": [], "start_line": 56}, "log_protection_event": {"executed_lines": [66, 67, 68, 69, 70, 71, 78, 80], "summary": {"covered_lines": 8, "num_statements": 8, "percent_covered": 100.0, "percent_covered_display": "100.0", "missing_lines": 0, "excluded_lines": 0, "percent_statements_covered": 100.0, "percent_statements_covered_display": "100.0"}, "missing_lines": [], "excluded_lines": [], "start_line": 63}, "check_append_only_sql": {"executed_lines": [], "summary": {"covered_lines": 0, "num_statements": 11, "percent_covered": 0.0, "percent_covered_display": "0.0", "missing_lines": 11, "excluded_lines": 0, "percent_statements_covered": 0.0, "percent_statements_covered_display": "0.0"}, "missing_lines": [86, 87, 88, 89, 90, 91, 92, 93, 94, 98, 99], "excluded_lines": [], "start_line": 83}, "ensure_signed": {"executed_lines": [105, 106, 107, 108], "summary": {"covered_lines": 4, "num_statements": 4, "percent_covered": 100.0, "percent_covered_display": "100.0", "missing_lines": 0, "excluded_lines": 0, "percent_statements_covered": 100.0, "percent_statements_covered_display": "100.0"}, "missing_lines": [], "excluded_lines": [], "start_line": 102}, "install_audit_security_triggers": {"executed_lines": [114, 115, 123, 126, 135, 145], "summary": {"covered_lines": 6, "num_statements": 6, "percent_covered": 100.0, "percent_covered_display": "100.0", "missing_lines": 0, "excluded_lines": 0, "percent_statements_covered": 100.0, "percent_statements_covered_display": "100.0"}, "missing_lines": [], "excluded_lines": [], "start_line": 111}, "": {"executed_lines": [1, 5, 6, 8, 9, 12, 15, 20, 50, 56, 63, 83, 102, 111], "summary": {"covered_lines": 14, "num_statements": 14, "percent_covered": 100.0, "percent_covered_display": "100.0", "missing_lines": 0, "excluded_lines": 0, "percent_statements_covered": 100.0, "percent_statements_covered_display": "100.0"}, "missing_lines": [], "excluded_lines": [], "start_line": 1}}, "classes": {"": {"executed_lines": [1, 5, 6, 8, 9, 12, 15, 17, 20, 24, 26, 27, 28, 29, 30, 38, 41, 45, 47, 50, 56, 59, 60, 63, 66, 67, 68, 69, 70, 71, 78, 80, 83, 102, 105, 106, 107, 108, 111, 114, 115, 123, 126, 135, 145], "summary": {"covered_lines": 45, "num_statements": 57, "percent_covered": 78.94736842105263, "percent_covered_display": "78.9", "missing_lines": 12, "excluded_lines": 0, "percent_statements_covered": 78.94736842105263, "percent_statements_covered_display": "78.9"}, "missing_lines": [53, 86, 87, 88, 89, 90, 91, 92, 93, 94, 98, 99], "excluded_lines": [], "start_line": 1}}}, "src\\core\\audit\\log_entry.py": {"executed_lines": [1, 5, 6, 7, 8, 11, 12, 13, 14, 15, 16, 19, 54, 88, 89, 90, 93, 96, 98, 101, 104, 107, 110, 112, 114, 116, 119, 121, 122, 123, 124, 125, 128, 130, 131, 132, 134, 137, 139, 140, 141, 143, 146, 148, 149, 150, 153, 156, 157, 159, 162, 165, 166, 167, 168, 169, 170, 172, 175, 176, 177, 179, 182, 185, 186, 188, 191, 194, 196, 197, 198, 200, 201, 202, 203, 204, 205, 206, 207, 211, 213, 226, 229, 230, 231, 232, 233, 234, 235, 236, 238, 255, 258, 269, 270, 271, 272, 273, 274, 275, 277, 279, 280, 282, 284, 285, 286, 288, 289], "summary": {"covered_lines": 109, "num_statements": 127, "percent_covered": 85.8267716535433, "percent_covered_display": "85.8", "missing_lines": 18, "excluded_lines": 0, "percent_statements_covered": 85.8267716535433, "percent_statements_covered_display": "85.8"}, "missing_lines": [111, 113, 115, 133, 142, 158, 171, 173, 178, 187, 208, 209, 237, 276, 278, 281, 283, 287], "excluded_lines": [], "functions": {"utc_timestamp": {"executed_lines": [96, 98], "summary": {"covered_lines": 2, "num_statements": 2, "percent_covered": 100.0, "percent_covered_display": "100.0", "missing_lines": 0, "excluded_lines": 0, "percent_statements_covered": 100.0, "percent_statements_covered_display": "100.0"}, "missing_lines": [], "excluded_lines": [], "start_line": 93}, "get_event_category": {"executed_lines": [104], "summary": {"covered_lines": 1, "num_statements": 1, "percent_covered": 100.0, "percent_covered_display": "100.0", "missing_lines": 0, "excluded_lines": 0, "percent_statements_covered": 100.0, "percent_statements_covered_display": "100.0"}, "missing_lines": [], "excluded_lines": [], "start_line": 101}, "get_event_severity": {"executed_lines": [110, 112, 114, 116], "summary": {"covered_lines": 4, "num_statements": 7, "percent_covered": 57.142857142857146, "percent_covered_display": "57.1", "missing_lines": 3, "excluded_lines": 0, "percent_statements_covered": 57.142857142857146, "percent_statements_covered_display": "57.1"}, "missing_lines": [111, 113, 115], "excluded_lines": [], "start_line": 107}, "_is_secret_key": {"executed_lines": [121, 122, 123, 124, 125], "summary": {"covered_lines": 5, "num_statements": 5, "percent_covered": 100.0, "percent_covered_display": "100.0", "missing_lines": 0, "excluded_lines": 0, "percent_statements_covered": 100.0, "percent_statements_covered_display": "100.0"}, "missing_lines": [], "excluded_lines": [], "start_line": 119}, "_is_key_field": {"executed_lines": [130, 131, 132, 134], "summary": {"covered_lines": 4, "num_statements": 5, "percent_covered": 80.0, "percent_covered_display": "80.0", "missing_lines": 1, "excluded_lines": 0, "percent_statements_covered": 80.0, "percent_statements_covered_display": "80.0"}, "missing_lines": [133], "excluded_lines": [], "start_line": 128}, "_is_personal_key": {"executed_lines": [139, 140, 141, 143], "summary": {"covered_lines": 4, "num_statements": 5, "percent_covered": 80.0, "percent_covered_display": "80.0", "missing_lines": 1, "excluded_lines": 0, "percent_statements_covered": 80.0, "percent_statements_covered_display": "80.0"}, "missing_lines": [142], "excluded_lines": [], "start_line": 137}, "_hash_personal": {"executed_lines": [148, 149, 150], "summary": {"covered_lines": 3, "num_statements": 3, "percent_covered": 100.0, "percent_covered_display": "100.0", "missing_lines": 0, "excluded_lines": 0, "percent_statements_covered": 100.0, "percent_statements_covered_display": "100.0"}, "missing_lines": [], "excluded_lines": [], "start_line": 146}, "anonymize_search_query": {"executed_lines": [156, 157, 159], "summary": {"covered_lines": 3, "num_statements": 4, "percent_covered": 75.0, "percent_covered_display": "75.0", "missing_lines": 1, "excluded_lines": 0, "percent_statements_covered": 75.0, "percent_statements_covered_display": "75.0"}, "missing_lines": [158], "excluded_lines": [], "start_line": 153}, "sanitize_details": {"executed_lines": [165, 166, 167, 168, 169, 170, 172, 175, 176, 177, 179], "summary": {"covered_lines": 11, "num_statements": 14, "percent_covered": 78.57142857142857, "percent_covered_display": "78.6", "missing_lines": 3, "excluded_lines": 0, "percent_statements_covered": 78.57142857142857, "percent_statements_covered_display": "78.6"}, "missing_lines": [171, 173, 178], "excluded_lines": [], "start_line": 162}, "normalize_event_type": {"executed_lines": [185, 186, 188], "summary": {"covered_lines": 3, "num_statements": 4, "percent_covered": 75.0, "percent_covered_display": "75.0", "missing_lines": 1, "excluded_lines": 0, "percent_statements_covered": 75.0, "percent_statements_covered_display": "75.0"}, "missing_lines": [187], "excluded_lines": [], "start_line": 182}, "build_log_entry": {"executed_lines": [194, 196, 197, 198, 200, 201, 202, 203, 204, 205, 206, 207, 211, 213], "summary": {"covered_lines": 14, "num_statements": 16, "percent_covered": 87.5, "percent_covered_display": "87.5", "missing_lines": 2, "excluded_lines": 0, "percent_statements_covered": 87.5, "percent_statements_covered_display": "87.5"}, "missing_lines": [208, 209], "excluded_lines": [], "start_line": 191}, "parse_log_rows": {"executed_lines": [229, 230, 231, 232, 233, 234, 235, 236, 238, 255], "summary": {"covered_lines": 10, "num_statements": 11, "percent_covered": 90.9090909090909, "percent_covered_display": "90.9", "missing_lines": 1, "excluded_lines": 0, "percent_statements_covered": 90.9090909090909, "percent_statements_covered_display": "90.9"}, "missing_lines": [237], "excluded_lines": [], "start_line": 226}, "filter_audit_items": {"executed_lines": [269, 270, 271, 272, 273, 274, 275, 277, 279, 280, 282, 284, 285, 286, 288, 289], "summary": {"covered_lines": 16, "num_statements": 21, "percent_covered": 76.19047619047619, "percent_covered_display": "76.2", "missing_lines": 5, "excluded_lines": 0, "percent_statements_covered": 76.19047619047619, "percent_statements_covered_display": "76.2"}, "missing_lines": [276, 278, 281, 283, 287], "excluded_lines": [], "start_line": 258}, "": {"executed_lines": [1, 5, 6, 7, 8, 11, 12, 13, 14, 15, 16, 19, 54, 88, 89, 90, 93, 101, 107, 119, 128, 137, 146, 153, 162, 182, 191, 226, 258], "summary": {"covered_lines": 29, "num_statements": 29, "percent_covered": 100.0, "percent_covered_display": "100.0", "missing_lines": 0, "excluded_lines": 0, "percent_statements_covered": 100.0, "percent_statements_covered_display": "100.0"}, "missing_lines": [], "excluded_lines": [], "start_line": 1}}, "classes": {"": {"executed_lines": [1, 5, 6, 7, 8, 11, 12, 13, 14, 15, 16, 19, 54, 88, 89, 90, 93, 96, 98, 101, 104, 107, 110, 112, 114, 116, 119, 121, 122, 123, 124, 125, 128, 130, 131, 132, 134, 137, 139, 140, 141, 143, 146, 148, 149, 150, 153, 156, 157, 159, 162, 165, 166, 167, 168, 169, 170, 172, 175, 176, 177, 179, 182, 185, 186, 188, 191, 194, 196, 197, 198, 200, 201, 202, 203, 204, 205, 206, 207, 211, 213, 226, 229, 230, 231, 232, 233, 234, 235, 236, 238, 255, 258, 269, 270, 271, 272, 273, 274, 275, 277, 279, 280, 282, 284, 285, 286, 288, 289], "summary": {"covered_lines": 109, "num_statements": 127, "percent_covered": 85.8267716535433, "percent_covered_display": "85.8", "missing_lines": 18, "excluded_lines": 0, "percent_statements_covered": 85.8267716535433, "percent_statements_covered_display": "85.8"}, "missing_lines": [111, 113, 115, 133, 142, 158, 171, 173, 178, 187, 208, 209, 237, 276, 278, 281, 283, 287], "excluded_lines": [], "start_line": 1}}}, "src\\core\\audit\\log_export.py": {"executed_lines": [1, 5, 6, 7, 8, 9, 11, 12, 13, 15, 16, 17, 18, 19, 20, 21, 23, 26, 28, 31, 40, 48, 56, 59, 60, 61, 63, 66, 69, 70, 71, 72, 73, 82, 85, 88, 89, 91, 92, 93, 94, 95, 103, 104, 105, 106, 107, 110, 112, 113, 114, 115, 116, 119, 120, 121, 122, 124, 127, 134, 135, 136, 137, 138, 139, 140, 141, 142, 144, 145, 148, 151, 152, 153, 154, 157, 167, 168, 169, 170, 172, 184, 186, 187, 191, 192, 195, 198, 199, 210, 220, 222, 224, 225, 227, 228, 229, 230, 246, 247], "summary": {"covered_lines": 100, "num_statements": 140, "percent_covered": 71.42857142857143, "percent_covered_display": "71.4", "missing_lines": 40, "excluded_lines": 0, "percent_statements_covered": 71.42857142857143, "percent_statements_covered_display": "71.4"}, "missing_lines": [34, 35, 36, 37, 42, 43, 44, 45, 50, 51, 52, 53, 62, 96, 97, 98, 99, 100, 101, 102, 143, 155, 156, 188, 189, 190, 221, 231, 232, 233, 234, 235, 236, 237, 238, 239, 240, 241, 242, 244], "excluded_lines": [], "functions": {"_utc_now_iso": {"executed_lines": [28], "summary": {"covered_lines": 1, "num_statements": 1, "percent_covered": 100.0, "percent_covered_display": "100.0", "missing_lines": 0, "excluded_lines": 0, "percent_statements_covered": 100.0, "percent_statements_covered_display": "100.0"}, "missing_lines": [], "excluded_lines": [], "start_line": 26}, "derive_export_key": {"executed_lines": [], "summary": {"covered_lines": 0, "num_statements": 4, "percent_covered": 0.0, "percent_covered_display": "0.0", "missing_lines": 4, "excluded_lines": 0, "percent_statements_covered": 0.0, "percent_statements_covered_display": "0.0"}, "missing_lines": [34, 35, 36, 37], "excluded_lines": [], "start_line": 31}, "_encrypt_bytes": {"executed_lines": [], "summary": {"covered_lines": 0, "num_statements": 4, "percent_covered": 0.0, "percent_covered_display": "0.0", "missing_lines": 4, "excluded_lines": 0, "percent_statements_covered": 0.0, "percent_statements_covered_display": "0.0"}, "missing_lines": [42, 43, 44, 45], "excluded_lines": [], "start_line": 40}, "_decrypt_bytes": {"executed_lines": [], "summary": {"covered_lines": 0, "num_statements": 4, "percent_covered": 0.0, "percent_covered_display": "0.0", "missing_lines": 4, "excluded_lines": 0, "percent_statements_covered": 0.0, "percent_statements_covered_display": "0.0"}, "missing_lines": [50, 51, 52, 53], "excluded_lines": [], "start_line": 48}, "load_signed_json_export": {"executed_lines": [59, 60, 61, 63], "summary": {"covered_lines": 4, "num_statements": 5, "percent_covered": 80.0, "percent_covered_display": "80.0", "missing_lines": 1, "excluded_lines": 0, "percent_statements_covered": 80.0, "percent_statements_covered_display": "80.0"}, "missing_lines": [62], "excluded_lines": [], "start_line": 56}, "rows_from_signed_json": {"executed_lines": [69, 70, 71, 72, 73, 82], "summary": {"covered_lines": 6, "num_statements": 6, "percent_covered": 100.0, "percent_covered_display": "100.0", "missing_lines": 0, "excluded_lines": 0, "percent_statements_covered": 100.0, "percent_statements_covered_display": "100.0"}, "missing_lines": [], "excluded_lines": [], "start_line": 66}, "verify_export_independent": {"executed_lines": [88, 89, 91, 92, 93, 94, 95, 103, 104, 105, 106, 107], "summary": {"covered_lines": 12, "num_statements": 19, "percent_covered": 63.1578947368421, "percent_covered_display": "63.2", "missing_lines": 7, "excluded_lines": 0, "percent_statements_covered": 63.1578947368421, "percent_statements_covered_display": "63.2"}, "missing_lines": [96, 97, 98, 99, 100, 101, 102], "excluded_lines": [], "start_line": 85}, "_load_public_key": {"executed_lines": [112, 113, 114, 115, 116, 119, 120, 121, 122, 124], "summary": {"covered_lines": 10, "num_statements": 10, "percent_covered": 100.0, "percent_covered_display": "100.0", "missing_lines": 0, "excluded_lines": 0, "percent_statements_covered": 100.0, "percent_statements_covered_display": "100.0"}, "missing_lines": [], "excluded_lines": [], "start_line": 110}, "filter_rows_by_date": {"executed_lines": [134, 135, 136, 137, 138, 139, 140, 141, 142, 144, 145], "summary": {"covered_lines": 11, "num_statements": 12, "percent_covered": 91.66666666666667, "percent_covered_display": "91.7", "missing_lines": 1, "excluded_lines": 0, "percent_statements_covered": 91.66666666666667, "percent_statements_covered_display": "91.7"}, "missing_lines": [143], "excluded_lines": [], "start_line": 127}, "build_signed_json": {"executed_lines": [151, 152, 153, 154, 157, 167, 168, 169, 170, 172], "summary": {"covered_lines": 10, "num_statements": 12, "percent_covered": 83.33333333333333, "percent_covered_display": "83.3", "missing_lines": 2, "excluded_lines": 0, "percent_statements_covered": 83.33333333333333, "percent_statements_covered_display": "83.3"}, "missing_lines": [155, 156], "excluded_lines": [], "start_line": 148}, "_write_file": {"executed_lines": [186, 187, 191, 192], "summary": {"covered_lines": 4, "num_statements": 7, "percent_covered": 57.142857142857146, "percent_covered_display": "57.1", "missing_lines": 3, "excluded_lines": 0, "percent_statements_covered": 57.142857142857146, "percent_statements_covered_display": "57.1"}, "missing_lines": [188, 189, 190], "excluded_lines": [], "start_line": 184}, "log_export_operation": {"executed_lines": [198, 199], "summary": {"covered_lines": 2, "num_statements": 2, "percent_covered": 100.0, "percent_covered_display": "100.0", "missing_lines": 0, "excluded_lines": 0, "percent_statements_covered": 100.0, "percent_statements_covered_display": "100.0"}, "missing_lines": [], "excluded_lines": [], "start_line": 195}, "export_audit_log": {"executed_lines": [220, 222, 224, 225, 227, 228, 229, 230, 246, 247], "summary": {"covered_lines": 10, "num_statements": 24, "percent_covered": 41.666666666666664, "percent_covered_display": "41.7", "missing_lines": 14, "excluded_lines": 0, "percent_statements_covered": 41.666666666666664, "percent_statements_covered_display": "41.7"}, "missing_lines": [221, 231, 232, 233, 234, 235, 236, 237, 238, 239, 240, 241, 242, 244], "excluded_lines": [], "start_line": 210}, "": {"executed_lines": [1, 5, 6, 7, 8, 9, 11, 12, 13, 15, 16, 17, 18, 19, 20, 21, 23, 26, 31, 40, 48, 56, 66, 85, 110, 127, 148, 184, 195, 210], "summary": {"covered_lines": 30, "num_statements": 30, "percent_covered": 100.0, "percent_covered_display": "100.0", "missing_lines": 0, "excluded_lines": 0, "percent_statements_covered": 100.0, "percent_statements_covered_display": "100.0"}, "missing_lines": [], "excluded_lines": [], "start_line": 1}}, "classes": {"": {"executed_lines": [1, 5, 6, 7, 8, 9, 11, 12, 13, 15, 16, 17, 18, 19, 20, 21, 23, 26, 28, 31, 40, 48, 56, 59, 60, 61, 63, 66, 69, 70, 71, 72, 73, 82, 85, 88, 89, 91, 92, 93, 94, 95, 103, 104, 105, 106, 107, 110, 112, 113, 114, 115, 116, 119, 120, 121, 122, 124, 127, 134, 135, 136, 137, 138, 139, 140, 141, 142, 144, 145, 148, 151, 152, 153, 154, 157, 167, 168, 169, 170, 172, 184, 186, 187, 191, 192, 195, 198, 199, 210, 220, 222, 224, 225, 227, 228, 229, 230, 246, 247], "summary": {"covered_lines": 100, "num_statements": 140, "percent_covered": 71.42857142857143, "percent_covered_display": "71.4", "missing_lines": 40, "excluded_lines": 0, "percent_statements_covered": 71.42857142857143, "percent_statements_covered_display": "71.4"}, "missing_lines": [34, 35, 36, 37, 42, 43, 44, 45, 50, 51, 52, 53, 62, 96, 97, 98, 99, 100, 101, 102, 143, 155, 156, 188, 189, 190, 221, 231, 232, 233, 234, 235, 236, 237, 238, 239, 240, 241, 242, 244], "excluded_lines": [], "start_line": 1}}}, "src\\core\\audit\\log_formatters.py": {"executed_lines": [1, 5, 6, 7, 8, 11, 27, 35, 45, 56, 73], "summary": {"covered_lines": 11, "num_statements": 65, "percent_covered": 16.923076923076923, "percent_covered_display": "16.9", "missing_lines": 54, "excluded_lines": 0, "percent_statements_covered": 16.923076923076923, "percent_statements_covered_display": "16.9"}, "missing_lines": [13, 14, 15, 16, 23, 24, 30, 31, 32, 38, 40, 41, 42, 48, 49, 50, 51, 52, 53, 59, 60, 61, 62, 63, 64, 65, 66, 68, 69, 70, 75, 76, 77, 79, 80, 81, 82, 87, 92, 94, 95, 96, 97, 98, 99, 100, 101, 103, 104, 105, 106, 107, 109, 114], "excluded_lines": [], "functions": {"_rows_to_dicts": {"executed_lines": [], "summary": {"covered_lines": 0, "num_statements": 6, "percent_covered": 0.0, "percent_covered_display": "0.0", "missing_lines": 6, "excluded_lines": 0, "percent_statements_covered": 0.0, "percent_statements_covered_display": "0.0"}, "missing_lines": [13, 14, 15, 16, 23, 24], "excluded_lines": [], "start_line": 11}, "export_json": {"executed_lines": [], "summary": {"covered_lines": 0, "num_statements": 3, "percent_covered": 0.0, "percent_covered_display": "0.0", "missing_lines": 3, "excluded_lines": 0, "percent_statements_covered": 0.0, "percent_statements_covered_display": "0.0"}, "missing_lines": [30, 31, 32], "excluded_lines": [], "start_line": 27}, "export_cef": {"executed_lines": [], "summary": {"covered_lines": 0, "num_statements": 4, "percent_covered": 0.0, "percent_covered_display": "0.0", "missing_lines": 4, "excluded_lines": 0, "percent_statements_covered": 0.0, "percent_statements_covered_display": "0.0"}, "missing_lines": [38, 40, 41, 42], "excluded_lines": [], "start_line": 35}, "export_csv": {"executed_lines": [], "summary": {"covered_lines": 0, "num_statements": 6, "percent_covered": 0.0, "percent_covered_display": "0.0", "missing_lines": 6, "excluded_lines": 0, "percent_statements_covered": 0.0, "percent_statements_covered_display": "0.0"}, "missing_lines": [48, 49, 50, 51, 52, 53], "excluded_lines": [], "start_line": 45}, "export_pdf": {"executed_lines": [], "summary": {"covered_lines": 0, "num_statements": 11, "percent_covered": 0.0, "percent_covered_display": "0.0", "missing_lines": 11, "excluded_lines": 0, "percent_statements_covered": 0.0, "percent_statements_covered_display": "0.0"}, "missing_lines": [59, 60, 61, 62, 63, 64, 65, 66, 68, 69, 70], "excluded_lines": [], "start_line": 56}, "_build_simple_pdf": {"executed_lines": [], "summary": {"covered_lines": 0, "num_statements": 24, "percent_covered": 0.0, "percent_covered_display": "0.0", "missing_lines": 24, "excluded_lines": 0, "percent_statements_covered": 0.0, "percent_statements_covered_display": "0.0"}, "missing_lines": [75, 76, 77, 79, 80, 81, 82, 87, 92, 94, 95, 96, 97, 98, 99, 100, 101, 103, 104, 105, 106, 107, 109, 114], "excluded_lines": [], "start_line": 73}, "": {"executed_lines": [1, 5, 6, 7, 8, 11, 27, 35, 45, 56, 73], "summary": {"covered_lines": 11, "num_statements": 11, "percent_covered": 100.0, "percent_covered_display": "100.0", "missing_lines": 0, "excluded_lines": 0, "percent_statements_covered": 100.0, "percent_statements_covered_display": "100.0"}, "missing_lines": [], "excluded_lines": [], "start_line": 1}}, "classes": {"": {"executed_lines": [1, 5, 6, 7, 8, 11, 27, 35, 45, 56, 73], "summary": {"covered_lines": 11, "num_statements": 65, "percent_covered": 16.923076923076923, "percent_covered_display": "16.9", "missing_lines": 54, "excluded_lines": 0, "percent_statements_covered": 16.923076923076923, "percent_statements_covered_display": "16.9"}, "missing_lines": [13, 14, 15, 16, 23, 24, 30, 31, 32, 38, 40, 41, 42, 48, 49, 50, 51, 52, 53, 59, 60, 61, 62, 63, 64, 65, 66, 68, 69, 70, 75, 76, 77, 79, 80, 81, 82, 87, 92, 94, 95, 96, 97, 98, 99, 100, 101, 103, 104, 105, 106, 107, 109, 114], "excluded_lines": [], "start_line": 1}}}, "src\\core\\audit\\log_integrity.py": {"executed_lines": [1, 5, 6, 7, 8, 10, 11, 12, 14, 15, 16, 18, 19, 20, 22, 23, 25, 26, 29, 31, 34, 37, 40, 46, 49, 50, 51, 54, 56, 57, 58, 59, 60, 64, 65, 66, 67, 69, 72, 75, 76, 77, 80, 82, 85, 88, 89, 90, 91, 92, 93, 100, 102, 105, 108, 115, 116, 117, 118, 120, 121, 124, 126, 127, 128, 129, 130, 131, 132, 133, 134, 135, 136, 137, 140, 143, 144, 145, 146, 149, 152, 155, 156, 157, 159, 162, 165, 166, 167, 170, 173, 174, 177, 180, 183, 186, 187, 188, 189, 190, 193, 196, 197, 199, 200, 201, 202, 203, 204, 205, 206, 208, 209, 210, 213, 216, 217, 218, 219, 220, 223, 225], "summary": {"covered_lines": 122, "num_statements": 129, "percent_covered": 94.57364341085271, "percent_covered_display": "94.6", "missing_lines": 7, "excluded_lines": 0, "percent_statements_covered": 94.57364341085271, "percent_statements_covered_display": "94.6"}, "missing_lines": [43, 78, 79, 81, 147, 148, 158], "excluded_lines": [], "functions": {"_utc_now_iso": {"executed_lines": [31], "summary": {"covered_lines": 1, "num_statements": 1, "percent_covered": 100.0, "percent_covered_display": "100.0", "missing_lines": 0, "excluded_lines": 0, "percent_statements_covered": 100.0, "percent_statements_covered_display": "100.0"}, "missing_lines": [], "excluded_lines": [], "start_line": 29}, "get_integrity_status": {"executed_lines": [37], "summary": {"covered_lines": 1, "num_statements": 1, "percent_covered": 100.0, "percent_covered_display": "100.0", "missing_lines": 0, "excluded_lines": 0, "percent_statements_covered": 100.0, "percent_statements_covered_display": "100.0"}, "missing_lines": [], "excluded_lines": [], "start_line": 34}, "get_last_report": {"executed_lines": [], "summary": {"covered_lines": 0, "num_statements": 1, "percent_covered": 0.0, "percent_covered_display": "0.0", "missing_lines": 1, "excluded_lines": 0, "percent_statements_covered": 0.0, "percent_statements_covered_display": "0.0"}, "missing_lines": [43], "excluded_lines": [], "start_line": 40}, "_set_result": {"executed_lines": [49, 50, 51], "summary": {"covered_lines": 3, "num_statements": 3, "percent_covered": 100.0, "percent_covered_display": "100.0", "missing_lines": 0, "excluded_lines": 0, "percent_statements_covered": 100.0, "percent_statements_covered_display": "100.0"}, "missing_lines": [], "excluded_lines": [], "start_line": 46}, "_read_setting": {"executed_lines": [56, 57, 58, 59, 60, 64, 65, 66, 67, 69], "summary": {"covered_lines": 10, "num_statements": 10, "percent_covered": 100.0, "percent_covered_display": "100.0", "missing_lines": 0, "excluded_lines": 0, "percent_statements_covered": 100.0, "percent_statements_covered_display": "100.0"}, "missing_lines": [], "excluded_lines": [], "start_line": 54}, "get_verify_interval_hours": {"executed_lines": [75, 76, 77, 80, 82], "summary": {"covered_lines": 5, "num_statements": 8, "percent_covered": 62.5, "percent_covered_display": "62.5", "missing_lines": 3, "excluded_lines": 0, "percent_statements_covered": 62.5, "percent_statements_covered_display": "62.5"}, "missing_lines": [78, 79, 81], "excluded_lines": [], "start_line": 72}, "write_security_log": {"executed_lines": [88, 89, 90, 91, 92, 93, 100, 102], "summary": {"covered_lines": 8, "num_statements": 8, "percent_covered": 100.0, "percent_covered_display": "100.0", "missing_lines": 0, "excluded_lines": 0, "percent_statements_covered": 100.0, "percent_statements_covered_display": "100.0"}, "missing_lines": [], "excluded_lines": [], "start_line": 85}, "build_report": {"executed_lines": [108, 115, 116, 117, 118, 120, 121], "summary": {"covered_lines": 7, "num_statements": 7, "percent_covered": 100.0, "percent_covered_display": "100.0", "missing_lines": 0, "excluded_lines": 0, "percent_statements_covered": 100.0, "percent_statements_covered_display": "100.0"}, "missing_lines": [], "excluded_lines": [], "start_line": 105}, "_run_check": {"executed_lines": [126, 127, 128, 129, 130, 131, 132, 133, 134, 135, 136, 137], "summary": {"covered_lines": 12, "num_statements": 12, "percent_covered": 100.0, "percent_covered_display": "100.0", "missing_lines": 0, "excluded_lines": 0, "percent_statements_covered": 100.0, "percent_statements_covered_display": "100.0"}, "missing_lines": [], "excluded_lines": [], "start_line": 124}, "verify_on_startup": {"executed_lines": [143, 144, 145, 146, 149], "summary": {"covered_lines": 5, "num_statements": 7, "percent_covered": 71.42857142857143, "percent_covered_display": "71.4", "missing_lines": 2, "excluded_lines": 0, "percent_statements_covered": 71.42857142857143, "percent_statements_covered_display": "71.4"}, "missing_lines": [147, 148], "excluded_lines": [], "start_line": 140}, "verify_periodic": {"executed_lines": [155, 156, 157, 159], "summary": {"covered_lines": 4, "num_statements": 5, "percent_covered": 80.0, "percent_covered_display": "80.0", "missing_lines": 1, "excluded_lines": 0, "percent_statements_covered": 80.0, "percent_statements_covered_display": "80.0"}, "missing_lines": [158], "excluded_lines": [], "start_line": 152}, "verify_manual_full": {"executed_lines": [165, 166, 167], "summary": {"covered_lines": 3, "num_statements": 3, "percent_covered": 100.0, "percent_covered_display": "100.0", "missing_lines": 0, "excluded_lines": 0, "percent_statements_covered": 100.0, "percent_statements_covered_display": "100.0"}, "missing_lines": [], "excluded_lines": [], "start_line": 162}, "export_report_to_file": {"executed_lines": [173, 174], "summary": {"covered_lines": 2, "num_statements": 2, "percent_covered": 100.0, "percent_covered_display": "100.0", "missing_lines": 0, "excluded_lines": 0, "percent_statements_covered": 100.0, "percent_statements_covered_display": "100.0"}, "missing_lines": [], "excluded_lines": [], "start_line": 170}, "should_lock_on_tamper": {"executed_lines": [180], "summary": {"covered_lines": 1, "num_statements": 1, "percent_covered": 100.0, "percent_covered_display": "100.0", "missing_lines": 0, "excluded_lines": 0, "percent_statements_covered": 100.0, "percent_statements_covered_display": "100.0"}, "missing_lines": [], "excluded_lines": [], "start_line": 177}, "safe_verify_manual_full": {"executed_lines": [186, 187, 188, 189, 190], "summary": {"covered_lines": 5, "num_statements": 5, "percent_covered": 100.0, "percent_covered_display": "100.0", "missing_lines": 0, "excluded_lines": 0, "percent_statements_covered": 100.0, "percent_statements_covered_display": "100.0"}, "missing_lines": [], "excluded_lines": [], "start_line": 183}, "recover_audit_log_clear": {"executed_lines": [196, 197, 199, 200, 201, 202, 203, 204, 205, 206, 208, 209, 210], "summary": {"covered_lines": 13, "num_statements": 13, "percent_covered": 100.0, "percent_covered_display": "100.0", "missing_lines": 0, "excluded_lines": 0, "percent_statements_covered": 100.0, "percent_statements_covered_display": "100.0"}, "missing_lines": [], "excluded_lines": [], "start_line": 193}, "check_audit_table_exists": {"executed_lines": [216, 217, 218, 219, 220, 223, 225], "summary": {"covered_lines": 7, "num_statements": 7, "percent_covered": 100.0, "percent_covered_display": "100.0", "missing_lines": 0, "excluded_lines": 0, "percent_statements_covered": 100.0, "percent_statements_covered_display": "100.0"}, "missing_lines": [], "excluded_lines": [], "start_line": 213}, "": {"executed_lines": [1, 5, 6, 7, 8, 10, 11, 12, 14, 15, 16, 18, 19, 20, 22, 23, 25, 26, 29, 34, 40, 46, 54, 72, 85, 105, 124, 140, 152, 162, 170, 177, 183, 193, 213], "summary": {"covered_lines": 35, "num_statements": 35, "percent_covered": 100.0, "percent_covered_display": "100.0", "missing_lines": 0, "excluded_lines": 0, "percent_statements_covered": 100.0, "percent_statements_covered_display": "100.0"}, "missing_lines": [], "excluded_lines": [], "start_line": 1}}, "classes": {"": {"executed_lines": [1, 5, 6, 7, 8, 10, 11, 12, 14, 15, 16, 18, 19, 20, 22, 23, 25, 26, 29, 31, 34, 37, 40, 46, 49, 50, 51, 54, 56, 57, 58, 59, 60, 64, 65, 66, 67, 69, 72, 75, 76, 77, 80, 82, 85, 88, 89, 90, 91, 92, 93, 100, 102, 105, 108, 115, 116, 117, 118, 120, 121, 124, 126, 127, 128, 129, 130, 131, 132, 133, 134, 135, 136, 137, 140, 143, 144, 145, 146, 149, 152, 155, 156, 157, 159, 162, 165, 166, 167, 170, 173, 174, 177, 180, 183, 186, 187, 188, 189, 190, 193, 196, 197, 199, 200, 201, 202, 203, 204, 205, 206, 208, 209, 210, 213, 216, 217, 218, 219, 220, 223, 225], "summary": {"covered_lines": 122, "num_statements": 129, "percent_covered": 94.57364341085271, "percent_covered_display": "94.6", "missing_lines": 7, "excluded_lines": 0, "percent_statements_covered": 94.57364341085271, "percent_statements_covered_display": "94.6"}, "missing_lines": [43, 78, 79, 81, 147, 148, 158], "excluded_lines": [], "start_line": 1}}}, "src\\core\\audit\\log_signer.py": {"executed_lines": [1, 5, 6, 7, 9, 10, 11, 13, 15, 17, 18, 19, 20, 22, 23, 24, 27, 29, 30, 32, 33, 38, 41, 42, 43, 49, 52, 54, 55, 57, 58, 59, 63, 64, 65, 66, 67, 68, 69, 70, 81, 84, 87, 88, 89, 92, 95, 98, 100, 101, 102, 103, 104, 109, 110, 111, 112, 113, 114, 115, 120, 122, 123, 124, 129, 132, 133, 134, 135, 138, 140, 141, 143, 144, 145, 146, 147, 152, 154, 155, 157, 158, 161, 164, 166, 167, 168, 171, 174], "summary": {"covered_lines": 89, "num_statements": 116, "percent_covered": 76.72413793103448, "percent_covered_display": "76.7", "missing_lines": 27, "excluded_lines": 0, "percent_statements_covered": 76.72413793103448, "percent_statements_covered_display": "76.7"}, "missing_lines": [31, 34, 35, 56, 60, 61, 71, 72, 79, 105, 106, 116, 117, 125, 126, 142, 148, 149, 156, 165, 169, 177, 178, 179, 180, 181, 182], "excluded_lines": [], "functions": {"_get_master_salt": {"executed_lines": [29, 30, 32, 33], "summary": {"covered_lines": 4, "num_statements": 7, "percent_covered": 57.142857142857146, "percent_covered_display": "57.1", "missing_lines": 3, "excluded_lines": 0, "percent_statements_covered": 57.142857142857146, "percent_statements_covered_display": "57.1"}, "missing_lines": [31, 34, 35], "excluded_lines": [], "start_line": 27}, "derive_audit_signing_key": {"executed_lines": [41, 42, 43, 49], "summary": {"covered_lines": 4, "num_statements": 4, "percent_covered": 100.0, "percent_covered_display": "100.0", "missing_lines": 0, "excluded_lines": 0, "percent_statements_covered": 100.0, "percent_statements_covered_display": "100.0"}, "missing_lines": [], "excluded_lines": [], "start_line": 38}, "_save_public_key_once": {"executed_lines": [54, 55, 57, 58, 59, 63, 64, 65, 66, 67, 68, 69, 70, 81], "summary": {"covered_lines": 14, "num_statements": 20, "percent_covered": 70.0, "percent_covered_display": "70.0", "missing_lines": 6, "excluded_lines": 0, "percent_statements_covered": 70.0, "percent_statements_covered_display": "70.0"}, "missing_lines": [56, 60, 61, 71, 72, 79], "excluded_lines": [], "start_line": 52}, "cache_audit_signing_key": {"executed_lines": [87, 88, 89], "summary": {"covered_lines": 3, "num_statements": 3, "percent_covered": 100.0, "percent_covered_display": "100.0", "missing_lines": 0, "excluded_lines": 0, "percent_statements_covered": 100.0, "percent_statements_covered_display": "100.0"}, "missing_lines": [], "excluded_lines": [], "start_line": 84}, "get_audit_signing_key": {"executed_lines": [95], "summary": {"covered_lines": 1, "num_statements": 1, "percent_covered": 100.0, "percent_covered_display": "100.0", "missing_lines": 0, "excluded_lines": 0, "percent_statements_covered": 100.0, "percent_statements_covered_display": "100.0"}, "missing_lines": [], "excluded_lines": [], "start_line": 92}, "_ed25519_private_key": {"executed_lines": [100, 101, 102, 103, 104], "summary": {"covered_lines": 5, "num_statements": 7, "percent_covered": 71.42857142857143, "percent_covered_display": "71.4", "missing_lines": 2, "excluded_lines": 0, "percent_statements_covered": 71.42857142857143, "percent_statements_covered_display": "71.4"}, "missing_lines": [105, 106], "excluded_lines": [], "start_line": 98}, "_sign_ed25519": {"executed_lines": [110, 111, 112, 113, 114, 115], "summary": {"covered_lines": 6, "num_statements": 8, "percent_covered": 75.0, "percent_covered_display": "75.0", "missing_lines": 2, "excluded_lines": 0, "percent_statements_covered": 75.0, "percent_statements_covered_display": "75.0"}, "missing_lines": [116, 117], "excluded_lines": [], "start_line": 109}, "_sign_hmac": {"executed_lines": [122, 123, 124], "summary": {"covered_lines": 3, "num_statements": 5, "percent_covered": 60.0, "percent_covered_display": "60.0", "missing_lines": 2, "excluded_lines": 0, "percent_statements_covered": 60.0, "percent_statements_covered_display": "60.0"}, "missing_lines": [125, 126], "excluded_lines": [], "start_line": 120}, "sign_bytes": {"executed_lines": [132, 133, 134, 135], "summary": {"covered_lines": 4, "num_statements": 4, "percent_covered": 100.0, "percent_covered_display": "100.0", "missing_lines": 0, "excluded_lines": 0, "percent_statements_covered": 100.0, "percent_statements_covered_display": "100.0"}, "missing_lines": [], "excluded_lines": [], "start_line": 129}, "_verify_ed25519": {"executed_lines": [140, 141, 143, 144, 145, 146, 147], "summary": {"covered_lines": 7, "num_statements": 10, "percent_covered": 70.0, "percent_covered_display": "70.0", "missing_lines": 3, "excluded_lines": 0, "percent_statements_covered": 70.0, "percent_statements_covered_display": "70.0"}, "missing_lines": [142, 148, 149], "excluded_lines": [], "start_line": 138}, "_verify_hmac": {"executed_lines": [154, 155, 157, 158], "summary": {"covered_lines": 4, "num_statements": 5, "percent_covered": 80.0, "percent_covered_display": "80.0", "missing_lines": 1, "excluded_lines": 0, "percent_statements_covered": 80.0, "percent_statements_covered_display": "80.0"}, "missing_lines": [156], "excluded_lines": [], "start_line": 152}, "verify_bytes": {"executed_lines": [164, 166, 167, 168, 171], "summary": {"covered_lines": 5, "num_statements": 7, "percent_covered": 71.42857142857143, "percent_covered_display": "71.4", "missing_lines": 2, "excluded_lines": 0, "percent_statements_covered": 71.42857142857143, "percent_statements_covered_display": "71.4"}, "missing_lines": [165, 169], "excluded_lines": [], "start_line": 161}, "get_signing_algorithm_name": {"executed_lines": [], "summary": {"covered_lines": 0, "num_statements": 6, "percent_covered": 0.0, "percent_covered_display": "0.0", "missing_lines": 6, "excluded_lines": 0, "percent_statements_covered": 0.0, "percent_statements_covered_display": "0.0"}, "missing_lines": [177, 178, 179, 180, 181, 182], "excluded_lines": [], "start_line": 174}, "": {"executed_lines": [1, 5, 6, 7, 9, 10, 11, 13, 15, 17, 18, 19, 20, 22, 23, 24, 27, 38, 52, 84, 92, 98, 109, 120, 129, 138, 152, 161, 174], "summary": {"covered_lines": 29, "num_statements": 29, "percent_covered": 100.0, "percent_covered_display": "100.0", "missing_lines": 0, "excluded_lines": 0, "percent_statements_covered": 100.0, "percent_statements_covered_display": "100.0"}, "missing_lines": [], "excluded_lines": [], "start_line": 1}}, "classes": {"": {"executed_lines": [1, 5, 6, 7, 9, 10, 11, 13, 15, 17, 18, 19, 20, 22, 23, 24, 27, 29, 30, 32, 33, 38, 41, 42, 43, 49, 52, 54, 55, 57, 58, 59, 63, 64, 65, 66, 67, 68, 69, 70, 81, 84, 87, 88, 89, 92, 95, 98, 100, 101, 102, 103, 104, 109, 110, 111, 112, 113, 114, 115, 120, 122, 123, 124, 129, 132, 133, 134, 135, 138, 140, 141, 143, 144, 145, 146, 147, 152, 154, 155, 157, 158, 161, 164, 166, 167, 168, 171, 174], "summary": {"covered_lines": 89, "num_statements": 116, "percent_covered": 76.72413793103448, "percent_covered_display": "76.7", "missing_lines": 27, "excluded_lines": 0, "percent_statements_covered": 76.72413793103448, "percent_statements_covered_display": "76.7"}, "missing_lines": [31, 34, 35, 56, 60, 61, 71, 72, 79, 105, 106, 116, 117, 125, 126, 142, 148, 149, 156, 165, 169, 177, 178, 179, 180, 181, 182], "excluded_lines": [], "start_line": 1}}}, "src\\core\\audit\\log_storage.py": {"executed_lines": [1, 5, 7, 9, 10, 12, 13, 16, 21, 34, 44, 54, 68, 96, 111], "summary": {"covered_lines": 15, "num_statements": 77, "percent_covered": 19.48051948051948, "percent_covered_display": "19.5", "missing_lines": 62, "excluded_lines": 0, "percent_statements_covered": 19.48051948051948, "percent_statements_covered_display": "19.5"}, "missing_lines": [18, 23, 24, 28, 29, 30, 31, 37, 38, 39, 40, 41, 47, 48, 49, 50, 51, 57, 58, 59, 60, 65, 71, 72, 73, 74, 75, 83, 91, 93, 98, 99, 100, 101, 114, 116, 117, 118, 119, 120, 121, 122, 124, 125, 126, 127, 128, 137, 138, 139, 140, 145, 146, 147, 155, 156, 157, 158, 159, 164, 166, 167], "excluded_lines": [], "functions": {"_utc_now_iso": {"executed_lines": [], "summary": {"covered_lines": 0, "num_statements": 1, "percent_covered": 0.0, "percent_covered_display": "0.0", "missing_lines": 1, "excluded_lines": 0, "percent_statements_covered": 0.0, "percent_statements_covered_display": "0.0"}, "missing_lines": [18], "excluded_lines": [], "start_line": 16}, "_read_setting": {"executed_lines": [], "summary": {"covered_lines": 0, "num_statements": 6, "percent_covered": 0.0, "percent_covered_display": "0.0", "missing_lines": 6, "excluded_lines": 0, "percent_statements_covered": 0.0, "percent_statements_covered_display": "0.0"}, "missing_lines": [23, 24, 28, 29, 30, 31], "excluded_lines": [], "start_line": 21}, "get_max_entries": {"executed_lines": [], "summary": {"covered_lines": 0, "num_statements": 5, "percent_covered": 0.0, "percent_covered_display": "0.0", "missing_lines": 5, "excluded_lines": 0, "percent_statements_covered": 0.0, "percent_statements_covered_display": "0.0"}, "missing_lines": [37, 38, 39, 40, 41], "excluded_lines": [], "start_line": 34}, "get_max_age_days": {"executed_lines": [], "summary": {"covered_lines": 0, "num_statements": 5, "percent_covered": 0.0, "percent_covered_display": "0.0", "missing_lines": 5, "excluded_lines": 0, "percent_statements_covered": 0.0, "percent_statements_covered_display": "0.0"}, "missing_lines": [47, 48, 49, 50, 51], "excluded_lines": [], "start_line": 44}, "get_retention_policy": {"executed_lines": [], "summary": {"covered_lines": 0, "num_statements": 5, "percent_covered": 0.0, "percent_covered_display": "0.0", "missing_lines": 5, "excluded_lines": 0, "percent_statements_covered": 0.0, "percent_statements_covered_display": "0.0"}, "missing_lines": [57, 58, 59, 60, 65], "excluded_lines": [], "start_line": 54}, "set_rotation_policy": {"executed_lines": [], "summary": {"covered_lines": 0, "num_statements": 8, "percent_covered": 0.0, "percent_covered_display": "0.0", "missing_lines": 8, "excluded_lines": 0, "percent_statements_covered": 0.0, "percent_statements_covered_display": "0.0"}, "missing_lines": [71, 72, 73, 74, 75, 83, 91, 93], "excluded_lines": [], "start_line": 68}, "_archive_rows": {"executed_lines": [], "summary": {"covered_lines": 0, "num_statements": 4, "percent_covered": 0.0, "percent_covered_display": "0.0", "missing_lines": 4, "excluded_lines": 0, "percent_statements_covered": 0.0, "percent_statements_covered_display": "0.0"}, "missing_lines": [98, 99, 100, 101], "excluded_lines": [], "start_line": 96}, "apply_log_rotation": {"executed_lines": [], "summary": {"covered_lines": 0, "num_statements": 28, "percent_covered": 0.0, "percent_covered_display": "0.0", "missing_lines": 28, "excluded_lines": 0, "percent_statements_covered": 0.0, "percent_statements_covered_display": "0.0"}, "missing_lines": [114, 116, 117, 118, 119, 120, 121, 122, 124, 125, 126, 127, 128, 137, 138, 139, 140, 145, 146, 147, 155, 156, 157, 158, 159, 164, 166, 167], "excluded_lines": [], "start_line": 111}, "": {"executed_lines": [1, 5, 7, 9, 10, 12, 13, 16, 21, 34, 44, 54, 68, 96, 111], "summary": {"covered_lines": 15, "num_statements": 15, "percent_covered": 100.0, "percent_covered_display": "100.0", "missing_lines": 0, "excluded_lines": 0, "percent_statements_covered": 100.0, "percent_statements_covered_display": "100.0"}, "missing_lines": [], "excluded_lines": [], "start_line": 1}}, "classes": {"": {"executed_lines": [1, 5, 7, 9, 10, 12, 13, 16, 21, 34, 44, 54, 68, 96, 111], "summary": {"covered_lines": 15, "num_statements": 77, "percent_covered": 19.48051948051948, "percent_covered_display": "19.5", "missing_lines": 62, "excluded_lines": 0, "percent_statements_covered": 19.48051948051948, "percent_statements_covered_display": "19.5"}, "missing_lines": [18, 23, 24, 28, 29, 30, 31, 37, 38, 39, 40, 41, 47, 48, 49, 50, 51, 57, 58, 59, 60, 65, 71, 72, 73, 74, 75, 83, 91, 93, 98, 99, 100, 101, 114, 116, 117, 118, 119, 120, 121, 122, 124, 125, 126, 127, 128, 137, 138, 139, 140, 145, 146, 147, 155, 156, 157, 158, 159, 164, 166, 167], "excluded_lines": [], "start_line": 1}}}, "src\\core\\audit\\log_verifier.py": {"executed_lines": [1, 5, 6, 7, 9, 12, 15, 18, 21, 27, 30, 33, 35, 36, 37, 38, 39, 40, 41, 44, 53, 56, 57, 58, 59, 60, 63, 64, 65, 66, 68, 69, 71, 78, 79, 81, 89, 92, 95, 98, 101, 102, 103, 105, 106, 107, 108, 109, 110, 112, 113, 114, 116, 117, 119, 120, 122, 123, 125, 126, 127], "summary": {"covered_lines": 61, "num_statements": 64, "percent_covered": 95.3125, "percent_covered_display": "95.3", "missing_lines": 3, "excluded_lines": 0, "percent_statements_covered": 95.3125, "percent_statements_covered_display": "95.3"}, "missing_lines": [34, 90, 93], "excluded_lines": [], "functions": {"compute_entry_hash": {"executed_lines": [15], "summary": {"covered_lines": 1, "num_statements": 1, "percent_covered": 100.0, "percent_covered_display": "100.0", "missing_lines": 0, "excluded_lines": 0, "percent_statements_covered": 100.0, "percent_statements_covered_display": "100.0"}, "missing_lines": [], "excluded_lines": [], "start_line": 12}, "build_signed_payload_bytes": {"executed_lines": [21, 27], "summary": {"covered_lines": 2, "num_statements": 2, "percent_covered": 100.0, "percent_covered_display": "100.0", "missing_lines": 0, "excluded_lines": 0, "percent_statements_covered": 100.0, "percent_statements_covered_display": "100.0"}, "missing_lines": [], "excluded_lines": [], "start_line": 18}, "parse_stored_details": {"executed_lines": [33, 35, 36, 37, 38, 39, 40, 41], "summary": {"covered_lines": 8, "num_statements": 9, "percent_covered": 88.88888888888889, "percent_covered_display": "88.9", "missing_lines": 1, "excluded_lines": 0, "percent_statements_covered": 88.88888888888889, "percent_statements_covered_display": "88.9"}, "missing_lines": [34], "excluded_lines": [], "start_line": 30}, "verify_single_row": {"executed_lines": [53, 56, 57, 58, 59, 60, 63, 64, 65, 66, 68, 69, 71, 78, 79, 81, 89, 92, 95], "summary": {"covered_lines": 19, "num_statements": 21, "percent_covered": 90.47619047619048, "percent_covered_display": "90.5", "missing_lines": 2, "excluded_lines": 0, "percent_statements_covered": 90.47619047619048, "percent_statements_covered_display": "90.5"}, "missing_lines": [90, 93], "excluded_lines": [], "start_line": 44}, "verify_chain": {"executed_lines": [101, 102, 103, 105, 106, 107, 108, 109, 110, 112, 113, 114, 116, 117, 119, 120, 122, 123, 125, 126, 127], "summary": {"covered_lines": 21, "num_statements": 21, "percent_covered": 100.0, "percent_covered_display": "100.0", "missing_lines": 0, "excluded_lines": 0, "percent_statements_covered": 100.0, "percent_statements_covered_display": "100.0"}, "missing_lines": [], "excluded_lines": [], "start_line": 98}, "": {"executed_lines": [1, 5, 6, 7, 9, 12, 18, 30, 44, 98], "summary": {"covered_lines": 10, "num_statements": 10, "percent_covered": 100.0, "percent_covered_display": "100.0", "missing_lines": 0, "excluded_lines": 0, "percent_statements_covered": 100.0, "percent_statements_covered_display": "100.0"}, "missing_lines": [], "excluded_lines": [], "start_line": 1}}, "classes": {"": {"executed_lines": [1, 5, 6, 7, 9, 12, 15, 18, 21, 27, 30, 33, 35, 36, 37, 38, 39, 40, 41, 44, 53, 56, 57, 58, 59, 60, 63, 64, 65, 66, 68, 69, 71, 78, 79, 81, 89, 92, 95, 98, 101, 102, 103, 105, 106, 107, 108, 109, 110, 112, 113, 114, 116, 117, 119, 120, 122, 123, 125, 126, 127], "summary": {"covered_lines": 61, "num_statements": 64, "percent_covered": 95.3125, "percent_covered_display": "95.3", "missing_lines": 3, "excluded_lines": 0, "percent_statements_covered": 95.3125, "percent_statements_covered_display": "95.3"}, "missing_lines": [34, 90, 93], "excluded_lines": [], "start_line": 1}}}, "src\\core\\clipboard\\__init__.py": {"executed_lines": [3, 4, 5, 15], "summary": {"covered_lines": 4, "num_statements": 4, "percent_covered": 100.0, "percent_covered_display": "100.0", "missing_lines": 0, "excluded_lines": 0, "percent_statements_covered": 100.0, "percent_statements_covered_display": "100.0"}, "missing_lines": [], "excluded_lines": [], "functions": {"": {"executed_lines": [3, 4, 5, 15], "summary": {"covered_lines": 4, "num_statements": 4, "percent_covered": 100.0, "percent_covered_display": "100.0", "missing_lines": 0, "excluded_lines": 0, "percent_statements_covered": 100.0, "percent_statements_covered_display": "100.0"}, "missing_lines": [], "excluded_lines": [], "start_line": 1}}, "classes": {"": {"executed_lines": [3, 4, 5, 15], "summary": {"covered_lines": 4, "num_statements": 4, "percent_covered": 100.0, "percent_covered_display": "100.0", "missing_lines": 0, "excluded_lines": 0, "percent_statements_covered": 100.0, "percent_statements_covered_display": "100.0"}, "missing_lines": [], "excluded_lines": [], "start_line": 1}}}, "src\\core\\clipboard\\clipboard_monitor.py": {"executed_lines": [1, 5, 6, 7, 9, 12, 16, 24, 25, 26, 27, 28, 29, 31, 34, 36, 37, 38, 39, 41, 44, 45, 46, 48, 50, 51, 52, 56, 58, 59, 60, 63], "summary": {"covered_lines": 32, "num_statements": 37, "percent_covered": 86.48648648648648, "percent_covered_display": "86.5", "missing_lines": 5, "excluded_lines": 0, "percent_statements_covered": 86.48648648648648, "percent_statements_covered_display": "86.5"}, "missing_lines": [35, 53, 54, 61, 62], "excluded_lines": [], "functions": {"ClipboardMonitor.__init__": {"executed_lines": [24, 25, 26, 27, 28, 29], "summary": {"covered_lines": 6, "num_statements": 6, "percent_covered": 100.0, "percent_covered_display": "100.0", "missing_lines": 0, "excluded_lines": 0, "percent_statements_covered": 100.0, "percent_statements_covered_display": "100.0"}, "missing_lines": [], "excluded_lines": [], "start_line": 16}, "ClipboardMonitor.start": {"executed_lines": [34, 36, 37, 38, 39], "summary": {"covered_lines": 5, "num_statements": 6, "percent_covered": 83.33333333333333, "percent_covered_display": "83.3", "missing_lines": 1, "excluded_lines": 0, "percent_statements_covered": 83.33333333333333, "percent_statements_covered_display": "83.3"}, "missing_lines": [35], "excluded_lines": [], "start_line": 31}, "ClipboardMonitor.stop": {"executed_lines": [44, 45, 46], "summary": {"covered_lines": 3, "num_statements": 3, "percent_covered": 100.0, "percent_covered_display": "100.0", "missing_lines": 0, "excluded_lines": 0, "percent_statements_covered": 100.0, "percent_statements_covered_display": "100.0"}, "missing_lines": [], "excluded_lines": [], "start_line": 41}, "ClipboardMonitor._safe_get_text": {"executed_lines": [50, 51, 52], "summary": {"covered_lines": 3, "num_statements": 5, "percent_covered": 60.0, "percent_covered_display": "60.0", "missing_lines": 2, "excluded_lines": 0, "percent_statements_covered": 60.0, "percent_statements_covered_display": "60.0"}, "missing_lines": [53, 54], "excluded_lines": [], "start_line": 48}, "ClipboardMonitor._loop": {"executed_lines": [58, 59, 60, 63], "summary": {"covered_lines": 4, "num_statements": 6, "percent_covered": 66.66666666666667, "percent_covered_display": "66.7", "missing_lines": 2, "excluded_lines": 0, "percent_statements_covered": 66.66666666666667, "percent_statements_covered_display": "66.7"}, "missing_lines": [61, 62], "excluded_lines": [], "start_line": 56}, "": {"executed_lines": [1, 5, 6, 7, 9, 12, 16, 31, 41, 48, 56], "summary": {"covered_lines": 11, "num_statements": 11, "percent_covered": 100.0, "percent_covered_display": "100.0", "missing_lines": 0, "excluded_lines": 0, "percent_statements_covered": 100.0, "percent_statements_covered_display": "100.0"}, "missing_lines": [], "excluded_lines": [], "start_line": 1}}, "classes": {"ClipboardMonitor": {"executed_lines": [24, 25, 26, 27, 28, 29, 34, 36, 37, 38, 39, 44, 45, 46, 50, 51, 52, 58, 59, 60, 63], "summary": {"covered_lines": 21, "num_statements": 26, "percent_covered": 80.76923076923077, "percent_covered_display": "80.8", "missing_lines": 5, "excluded_lines": 0, "percent_statements_covered": 80.76923076923077, "percent_statements_covered_display": "80.8"}, "missing_lines": [35, 53, 54, 61, 62], "excluded_lines": [], "start_line": 12}, "": {"executed_lines": [1, 5, 6, 7, 9, 12, 16, 31, 41, 48, 56], "summary": {"covered_lines": 11, "num_statements": 11, "percent_covered": 100.0, "percent_covered_display": "100.0", "missing_lines": 0, "excluded_lines": 0, "percent_statements_covered": 100.0, "percent_statements_covered_display": "100.0"}, "missing_lines": [], "excluded_lines": [], "start_line": 1}}}, "src\\core\\clipboard\\clipboard_service.py": {"executed_lines": [1, 5, 6, 7, 8, 9, 10, 11, 12, 13, 14, 15, 16, 21, 23, 25, 26, 29, 30, 31, 32, 33, 34, 35, 37, 40, 41, 42, 43, 44, 45, 46, 47, 48, 49, 51, 54, 55, 56, 58, 59, 61, 63, 64, 65, 66, 70, 77, 78, 79, 80, 81, 82, 83, 84, 85, 86, 87, 88, 90, 92, 95, 96, 97, 98, 99, 103, 105, 110, 111, 113, 116, 117, 118, 122, 124, 127, 128, 130, 133, 134, 136, 144, 145, 146, 147, 148, 150, 160, 161, 162, 163, 164, 166, 167, 174, 176, 177, 178, 179, 181, 182, 194, 195, 196, 197, 198, 200, 207, 208, 209, 211, 214, 216, 217, 218, 219, 220, 221, 222, 224, 225, 232, 233, 235, 238, 239, 241, 243, 244, 245, 247, 252, 253, 254, 256, 258, 259, 260, 262, 263, 278, 279, 280, 281, 282, 283, 284, 285, 286, 287, 288, 289, 290, 292, 293, 294, 296, 299, 300, 301, 303, 304, 311, 314, 315, 317, 318, 319, 321, 322, 329, 332, 333, 335, 337, 339, 340, 342, 343, 344, 346, 348, 351, 352, 353, 354, 356, 359, 361, 363, 364, 365, 366, 368, 370, 373, 374, 375, 377, 379, 380, 382, 387, 388, 389, 390, 391, 393, 395, 397, 398, 399, 400, 402, 404, 406, 407, 408, 412, 414, 416, 418, 420, 422, 423, 424, 425, 426, 427, 435, 437, 439, 440, 441, 442, 443, 444, 452, 454, 456, 458, 459, 460, 462, 464, 465, 466, 470, 476, 479, 480, 481, 483, 485, 486, 488, 491, 492, 493, 494, 499, 500, 501, 502, 503, 505, 508, 509, 511, 514, 515, 517, 526, 528, 529, 530, 531, 532, 533, 535, 537, 539, 540, 547, 548, 549, 551, 553, 554, 556, 557, 558, 560, 562, 564, 565], "summary": {"covered_lines": 297, "num_statements": 351, "percent_covered": 84.61538461538461, "percent_covered_display": "84.6", "missing_lines": 54, "excluded_lines": 0, "percent_statements_covered": 84.61538461538461, "percent_statements_covered_display": "84.6"}, "missing_lines": [67, 68, 151, 159, 183, 192, 215, 265, 274, 316, 338, 341, 345, 357, 367, 369, 372, 396, 405, 409, 410, 415, 421, 428, 429, 430, 431, 432, 433, 438, 445, 446, 447, 448, 449, 450, 467, 468, 472, 473, 474, 482, 484, 519, 520, 521, 522, 523, 524, 534, 563, 566, 567, 568], "excluded_lines": [], "functions": {"SecureClipboardItem.secure_wipe": {"executed_lines": [40, 41, 42, 43, 44, 45, 46, 47, 48, 49], "summary": {"covered_lines": 10, "num_statements": 10, "percent_covered": 100.0, "percent_covered_display": "100.0", "missing_lines": 0, "excluded_lines": 0, "percent_statements_covered": 100.0, "percent_statements_covered_display": "100.0"}, "missing_lines": [], "excluded_lines": [], "start_line": 37}, "ClipboardService._entry_id_from_source": {"executed_lines": [63, 64, 65, 66], "summary": {"covered_lines": 4, "num_statements": 6, "percent_covered": 66.66666666666667, "percent_covered_display": "66.7", "missing_lines": 2, "excluded_lines": 0, "percent_statements_covered": 66.66666666666667, "percent_statements_covered_display": "66.7"}, "missing_lines": [67, 68], "excluded_lines": [], "start_line": 61}, "ClipboardService.__init__": {"executed_lines": [77, 78, 79, 80, 81, 82, 83, 84, 85, 86, 87, 88, 90], "summary": {"covered_lines": 13, "num_statements": 13, "percent_covered": 100.0, "percent_covered_display": "100.0", "missing_lines": 0, "excluded_lines": 0, "percent_statements_covered": 100.0, "percent_statements_covered_display": "100.0"}, "missing_lines": [], "excluded_lines": [], "start_line": 70}, "ClipboardService.start": {"executed_lines": [95, 96, 97, 98, 99, 103, 105, 110, 111], "summary": {"covered_lines": 9, "num_statements": 9, "percent_covered": 100.0, "percent_covered_display": "100.0", "missing_lines": 0, "excluded_lines": 0, "percent_statements_covered": 100.0, "percent_statements_covered_display": "100.0"}, "missing_lines": [], "excluded_lines": [], "start_line": 92}, "ClipboardService.stop": {"executed_lines": [116, 117, 118, 122], "summary": {"covered_lines": 4, "num_statements": 4, "percent_covered": 100.0, "percent_covered_display": "100.0", "missing_lines": 0, "excluded_lines": 0, "percent_statements_covered": 100.0, "percent_statements_covered_display": "100.0"}, "missing_lines": [], "excluded_lines": [], "start_line": 113}, "ClipboardService.subscribe": {"executed_lines": [127, 128], "summary": {"covered_lines": 2, "num_statements": 2, "percent_covered": 100.0, "percent_covered_display": "100.0", "missing_lines": 0, "excluded_lines": 0, "percent_statements_covered": 100.0, "percent_statements_covered_display": "100.0"}, "missing_lines": [], "excluded_lines": [], "start_line": 124}, "ClipboardService.unsubscribe": {"executed_lines": [133, 134], "summary": {"covered_lines": 2, "num_statements": 2, "percent_covered": 100.0, "percent_covered_display": "100.0", "missing_lines": 0, "excluded_lines": 0, "percent_statements_covered": 100.0, "percent_statements_covered_display": "100.0"}, "missing_lines": [], "excluded_lines": [], "start_line": 130}, "ClipboardService.copy_to_clipboard": {"executed_lines": [144, 145, 146, 147, 148, 150, 160, 161, 162, 163, 164, 166, 167, 174, 176, 177, 178, 179, 181, 182, 194, 195, 196, 197, 198, 200, 207, 208, 209], "summary": {"covered_lines": 29, "num_statements": 33, "percent_covered": 87.87878787878788, "percent_covered_display": "87.9", "missing_lines": 4, "excluded_lines": 0, "percent_statements_covered": 87.87878787878788, "percent_statements_covered_display": "87.9"}, "missing_lines": [151, 159, 183, 192], "excluded_lines": [], "start_line": 136}, "ClipboardService.copy_ephemeral": {"executed_lines": [214, 216, 217, 218, 219, 220, 221, 222, 224, 225, 232, 233], "summary": {"covered_lines": 12, "num_statements": 13, "percent_covered": 92.3076923076923, "percent_covered_display": "92.3", "missing_lines": 1, "excluded_lines": 0, "percent_statements_covered": 92.3076923076923, "percent_statements_covered_display": "92.3"}, "missing_lines": [215], "excluded_lines": [], "start_line": 211}, "ClipboardService.clear_clipboard": {"executed_lines": [238, 239], "summary": {"covered_lines": 2, "num_statements": 2, "percent_covered": 100.0, "percent_covered_display": "100.0", "missing_lines": 0, "excluded_lines": 0, "percent_statements_covered": 100.0, "percent_statements_covered_display": "100.0"}, "missing_lines": [], "excluded_lines": [], "start_line": 235}, "ClipboardService._on_timeout": {"executed_lines": [243, 244, 245, 247, 252, 253, 254], "summary": {"covered_lines": 7, "num_statements": 7, "percent_covered": 100.0, "percent_covered_display": "100.0", "missing_lines": 0, "excluded_lines": 0, "percent_statements_covered": 100.0, "percent_statements_covered_display": "100.0"}, "missing_lines": [], "excluded_lines": [], "start_line": 241}, "ClipboardService._clear_clipboard": {"executed_lines": [258, 259, 260, 262, 263, 278, 279, 280, 281, 282, 283, 284, 285, 286, 287, 288, 289, 290, 292, 293, 294], "summary": {"covered_lines": 21, "num_statements": 23, "percent_covered": 91.30434782608695, "percent_covered_display": "91.3", "missing_lines": 2, "excluded_lines": 0, "percent_statements_covered": 91.30434782608695, "percent_statements_covered_display": "91.3"}, "missing_lines": [265, 274], "excluded_lines": [], "start_line": 256}, "ClipboardService.get_clipboard_status": {"executed_lines": [299, 300, 301, 303, 304], "summary": {"covered_lines": 5, "num_statements": 5, "percent_covered": 100.0, "percent_covered_display": "100.0", "missing_lines": 0, "excluded_lines": 0, "percent_statements_covered": 100.0, "percent_statements_covered_display": "100.0"}, "missing_lines": [], "excluded_lines": [], "start_line": 296}, "ClipboardService.get_clipboard_preview": {"executed_lines": [314, 315, 317, 318, 319, 321, 322], "summary": {"covered_lines": 7, "num_statements": 8, "percent_covered": 87.5, "percent_covered_display": "87.5", "missing_lines": 1, "excluded_lines": 0, "percent_statements_covered": 87.5, "percent_statements_covered_display": "87.5"}, "missing_lines": [316], "excluded_lines": [], "start_line": 311}, "ClipboardService.set_timeout_seconds": {"executed_lines": [332, 333], "summary": {"covered_lines": 2, "num_statements": 2, "percent_covered": 100.0, "percent_covered_display": "100.0", "missing_lines": 0, "excluded_lines": 0, "percent_statements_covered": 100.0, "percent_statements_covered_display": "100.0"}, "missing_lines": [], "excluded_lines": [], "start_line": 329}, "ClipboardService._get_remaining_time": {"executed_lines": [337, 339, 340, 342, 343, 344, 346], "summary": {"covered_lines": 7, "num_statements": 10, "percent_covered": 70.0, "percent_covered_display": "70.0", "missing_lines": 3, "excluded_lines": 0, "percent_statements_covered": 70.0, "percent_statements_covered_display": "70.0"}, "missing_lines": [338, 341, 345], "excluded_lines": [], "start_line": 335}, "ClipboardService.copy_secret": {"executed_lines": [351, 352, 353, 354, 356, 359], "summary": {"covered_lines": 6, "num_statements": 7, "percent_covered": 85.71428571428571, "percent_covered_display": "85.7", "missing_lines": 1, "excluded_lines": 0, "percent_statements_covered": 85.71428571428571, "percent_statements_covered_display": "85.7"}, "missing_lines": [357], "excluded_lines": [], "start_line": 348}, "ClipboardService._on_clipboard_changed": {"executed_lines": [363, 364, 365, 366, 368, 370, 373, 374, 375, 377, 379, 380, 382, 387, 388, 389, 390, 391], "summary": {"covered_lines": 18, "num_statements": 21, "percent_covered": 85.71428571428571, "percent_covered_display": "85.7", "missing_lines": 3, "excluded_lines": 0, "percent_statements_covered": 85.71428571428571, "percent_statements_covered_display": "85.7"}, "missing_lines": [367, 369, 372], "excluded_lines": [], "start_line": 361}, "ClipboardService._obfuscate_data": {"executed_lines": [395, 397, 398, 399, 400], "summary": {"covered_lines": 5, "num_statements": 6, "percent_covered": 83.33333333333333, "percent_covered_display": "83.3", "missing_lines": 1, "excluded_lines": 0, "percent_statements_covered": 83.33333333333333, "percent_statements_covered_display": "83.3"}, "missing_lines": [396], "excluded_lines": [], "start_line": 393}, "ClipboardService._decode_item": {"executed_lines": [404, 406, 407, 408], "summary": {"covered_lines": 4, "num_statements": 7, "percent_covered": 57.142857142857146, "percent_covered_display": "57.1", "missing_lines": 3, "excluded_lines": 0, "percent_statements_covered": 57.142857142857146, "percent_statements_covered_display": "57.1"}, "missing_lines": [405, 409, 410], "excluded_lines": [], "start_line": 402}, "ClipboardService._xor_bytes": {"executed_lines": [414, 416], "summary": {"covered_lines": 2, "num_statements": 3, "percent_covered": 66.66666666666667, "percent_covered_display": "66.7", "missing_lines": 1, "excluded_lines": 0, "percent_statements_covered": 66.66666666666667, "percent_statements_covered_display": "66.7"}, "missing_lines": [415], "excluded_lines": [], "start_line": 412}, "ClipboardService._try_lock_buffer": {"executed_lines": [420, 422, 423, 424, 425, 426, 427], "summary": {"covered_lines": 7, "num_statements": 14, "percent_covered": 50.0, "percent_covered_display": "50.0", "missing_lines": 7, "excluded_lines": 0, "percent_statements_covered": 50.0, "percent_statements_covered_display": "50.0"}, "missing_lines": [421, 428, 429, 430, 431, 432, 433], "excluded_lines": [], "start_line": 418}, "ClipboardService._try_unlock_buffer": {"executed_lines": [437, 439, 440, 441, 442, 443, 444], "summary": {"covered_lines": 7, "num_statements": 14, "percent_covered": 50.0, "percent_covered_display": "50.0", "missing_lines": 7, "excluded_lines": 0, "percent_statements_covered": 50.0, "percent_statements_covered_display": "50.0"}, "missing_lines": [438, 445, 446, 447, 448, 449, 450], "excluded_lines": [], "start_line": 435}, "ClipboardService._show_notification": {"executed_lines": [454], "summary": {"covered_lines": 1, "num_statements": 1, "percent_covered": 100.0, "percent_covered_display": "100.0", "missing_lines": 0, "excluded_lines": 0, "percent_statements_covered": 100.0, "percent_statements_covered_display": "100.0"}, "missing_lines": [], "excluded_lines": [], "start_line": 452}, "ClipboardService._on_user_logged_out": {"executed_lines": [458, 459, 460], "summary": {"covered_lines": 3, "num_statements": 3, "percent_covered": 100.0, "percent_covered_display": "100.0", "missing_lines": 0, "excluded_lines": 0, "percent_statements_covered": 100.0, "percent_statements_covered_display": "100.0"}, "missing_lines": [], "excluded_lines": [], "start_line": 456}, "ClipboardService._notify": {"executed_lines": [464, 465, 466], "summary": {"covered_lines": 3, "num_statements": 5, "percent_covered": 60.0, "percent_covered_display": "60.0", "missing_lines": 2, "excluded_lines": 0, "percent_statements_covered": 60.0, "percent_statements_covered_display": "60.0"}, "missing_lines": [467, 468], "excluded_lines": [], "start_line": 462}, "ClipboardService._cancel_timer": {"executed_lines": [], "summary": {"covered_lines": 0, "num_statements": 3, "percent_covered": 0.0, "percent_covered_display": "0.0", "missing_lines": 3, "excluded_lines": 0, "percent_statements_covered": 0.0, "percent_statements_covered_display": "0.0"}, "missing_lines": [472, 473, 474], "excluded_lines": [], "start_line": 470}, "ClipboardService.clear_if_owned": {"executed_lines": [479, 480, 481, 483, 485, 486], "summary": {"covered_lines": 6, "num_statements": 8, "percent_covered": 75.0, "percent_covered_display": "75.0", "missing_lines": 2, "excluded_lines": 0, "percent_statements_covered": 75.0, "percent_statements_covered_display": "75.0"}, "missing_lines": [482, 484], "excluded_lines": [], "start_line": 476}, "ClipboardService.force_clear": {"executed_lines": [491, 492, 493, 494, 499, 500, 501, 502, 503], "summary": {"covered_lines": 9, "num_statements": 9, "percent_covered": 100.0, "percent_covered_display": "100.0", "missing_lines": 0, "excluded_lines": 0, "percent_statements_covered": 100.0, "percent_statements_covered_display": "100.0"}, "missing_lines": [], "excluded_lines": [], "start_line": 488}, "ClipboardService.set_block_future_copies_on_suspicious": {"executed_lines": [508, 509], "summary": {"covered_lines": 2, "num_statements": 2, "percent_covered": 100.0, "percent_covered_display": "100.0", "missing_lines": 0, "excluded_lines": 0, "percent_statements_covered": 100.0, "percent_statements_covered_display": "100.0"}, "missing_lines": [], "excluded_lines": [], "start_line": 505}, "ClipboardService.allow_future_copies": {"executed_lines": [514, 515], "summary": {"covered_lines": 2, "num_statements": 2, "percent_covered": 100.0, "percent_covered_display": "100.0", "missing_lines": 0, "excluded_lines": 0, "percent_statements_covered": 100.0, "percent_statements_covered_display": "100.0"}, "missing_lines": [], "excluded_lines": [], "start_line": 511}, "ClipboardService._arm_timer": {"executed_lines": [], "summary": {"covered_lines": 0, "num_statements": 6, "percent_covered": 0.0, "percent_covered_display": "0.0", "missing_lines": 6, "excluded_lines": 0, "percent_statements_covered": 0.0, "percent_statements_covered_display": "0.0"}, "missing_lines": [519, 520, 521, 522, 523, 524], "excluded_lines": [], "start_line": 517}, "ClipboardService._normalize_timeout": {"executed_lines": [5
[...]
lines": 19, "num_statements": 22, "percent_covered": 86.36363636363636, "percent_covered_display": "86.4", "missing_lines": 3, "excluded_lines": 0, "percent_statements_covered": 86.36363636363636, "percent_statements_covered_display": "86.4"}, "missing_lines": [63, 69, 70], "excluded_lines": [], "start_line": 34}, "Database": {"executed_lines": [111, 112, 113, 117, 118, 119, 120, 122, 123, 124], "summary": {"covered_lines": 10, "num_statements": 12, "percent_covered": 83.33333333333333, "percent_covered_display": "83.3", "missing_lines": 2, "excluded_lines": 0, "percent_statements_covered": 83.33333333333333, "percent_statements_covered_display": "83.3"}, "missing_lines": [128, 132], "excluded_lines": [], "start_line": 106}, "": {"executed_lines": [2, 4, 6, 7, 8, 10, 13, 16, 22, 29, 34, 37, 45, 52, 65, 74, 77, 79, 80, 81, 82, 83, 84, 87, 100, 106, 109, 115, 126, 130, 135, 137], "summary": {"covered_lines": 32, "num_statements": 43, "percent_covered": 74.4186046511628, "percent_covered_display": "74.4", "missing_lines": 11, "excluded_lines": 0, "percent_statements_covered": 74.4186046511628, "percent_statements_covered_display": "74.4"}, "missing_lines": [89, 90, 91, 92, 93, 94, 95, 96, 97, 102, 103], "excluded_lines": [], "start_line": 1}}}, "src\\database\\io_storage.py": {"executed_lines": [1, 5, 6, 7, 8, 10, 12, 13, 14, 15, 16, 19, 21, 24, 35, 36, 37, 38, 39, 40, 58, 60, 61, 64, 76, 77, 78, 79, 98, 99, 101, 104, 116, 117, 118, 119, 120, 148, 150, 153, 156, 157, 158, 159, 163, 165, 168, 171, 172, 173, 174, 183, 184, 185, 186, 198, 201, 204, 205, 206, 207, 208, 217, 226, 227, 228, 241, 243, 246, 249, 250, 251, 252, 256, 257, 258, 260, 263, 266, 267, 269, 270, 271, 272, 273, 274, 278, 280, 281, 284, 287, 288, 289, 290, 291, 292, 293, 294, 305, 307, 310, 312, 313, 314, 315, 316, 317, 318, 322, 323, 324, 325, 326, 327, 328, 331, 332, 333, 334, 337, 338, 340, 343, 346, 347, 348, 349, 359, 360, 361, 372, 374, 377, 380, 381, 382, 383, 393, 394, 395, 408, 410], "summary": {"covered_lines": 142, "num_statements": 145, "percent_covered": 97.93103448275862, "percent_covered_display": "97.9", "missing_lines": 3, "excluded_lines": 0, "percent_statements_covered": 97.93103448275862, "percent_statements_covered_display": "97.9"}, "missing_lines": [268, 335, 336], "excluded_lines": [], "functions": {"_utc_now_iso": {"executed_lines": [21], "summary": {"covered_lines": 1, "num_statements": 1, "percent_covered": 100.0, "percent_covered_display": "100.0", "missing_lines": 0, "excluded_lines": 0, "percent_statements_covered": 100.0, "percent_statements_covered_display": "100.0"}, "missing_lines": [], "excluded_lines": [], "start_line": 19}, "insert_shared_entry": {"executed_lines": [35, 36, 37, 38, 39, 40, 58, 60, 61], "summary": {"covered_lines": 9, "num_statements": 9, "percent_covered": 100.0, "percent_covered_display": "100.0", "missing_lines": 0, "excluded_lines": 0, "percent_statements_covered": 100.0, "percent_statements_covered_display": "100.0"}, "missing_lines": [], "excluded_lines": [], "start_line": 24}, "insert_io_history": {"executed_lines": [76, 77, 78, 79, 98, 99, 101], "summary": {"covered_lines": 7, "num_statements": 7, "percent_covered": 100.0, "percent_covered_display": "100.0", "missing_lines": 0, "excluded_lines": 0, "percent_statements_covered": 100.0, "percent_statements_covered_display": "100.0"}, "missing_lines": [], "excluded_lines": [], "start_line": 64}, "upsert_contact": {"executed_lines": [116, 117, 118, 119, 120, 148, 150], "summary": {"covered_lines": 7, "num_statements": 7, "percent_covered": 100.0, "percent_covered_display": "100.0", "missing_lines": 0, "excluded_lines": 0, "percent_statements_covered": 100.0, "percent_statements_covered_display": "100.0"}, "missing_lines": [], "excluded_lines": [], "start_line": 104}, "touch_contact_last_used": {"executed_lines": [156, 157, 158, 159, 163, 165], "summary": {"covered_lines": 6, "num_statements": 6, "percent_covered": 100.0, "percent_covered_display": "100.0", "missing_lines": 0, "excluded_lines": 0, "percent_statements_covered": 100.0, "percent_statements_covered_display": "100.0"}, "missing_lines": [], "excluded_lines": [], "start_line": 153}, "get_contact_row": {"executed_lines": [171, 172, 173, 174, 183, 184, 185, 186, 198], "summary": {"covered_lines": 9, "num_statements": 9, "percent_covered": 100.0, "percent_covered_display": "100.0", "missing_lines": 0, "excluded_lines": 0, "percent_statements_covered": 100.0, "percent_statements_covered_display": "100.0"}, "missing_lines": [], "excluded_lines": [], "start_line": 168}, "list_contact_rows": {"executed_lines": [204, 205, 206, 207, 208, 217, 226, 227, 228, 241, 243], "summary": {"covered_lines": 11, "num_statements": 11, "percent_covered": 100.0, "percent_covered_display": "100.0", "missing_lines": 0, "excluded_lines": 0, "percent_statements_covered": 100.0, "percent_statements_covered_display": "100.0"}, "missing_lines": [], "excluded_lines": [], "start_line": 201}, "revoke_contact_row": {"executed_lines": [249, 250, 251, 252, 256, 257, 258, 260], "summary": {"covered_lines": 8, "num_statements": 8, "percent_covered": 100.0, "percent_covered_display": "100.0", "missing_lines": 0, "excluded_lines": 0, "percent_statements_covered": 100.0, "percent_statements_covered_display": "100.0"}, "missing_lines": [], "excluded_lines": [], "start_line": 246}, "set_contact_fingerprint_verified": {"executed_lines": [266, 267, 269, 270, 271, 272, 273, 274, 278, 280, 281], "summary": {"covered_lines": 11, "num_statements": 12, "percent_covered": 91.66666666666667, "percent_covered_display": "91.7", "missing_lines": 1, "excluded_lines": 0, "percent_statements_covered": 91.66666666666667, "percent_statements_covered_display": "91.7"}, "missing_lines": [268], "excluded_lines": [], "start_line": 263}, "save_share_inbox": {"executed_lines": [287, 288, 289, 290, 291, 292, 293, 294, 305, 307], "summary": {"covered_lines": 10, "num_statements": 10, "percent_covered": 100.0, "percent_covered_display": "100.0", "missing_lines": 0, "excluded_lines": 0, "percent_statements_covered": 100.0, "percent_statements_covered_display": "100.0"}, "missing_lines": [], "excluded_lines": [], "start_line": 284}, "load_share_inbox_by_token": {"executed_lines": [312, 313, 314, 315, 316, 317, 318, 322, 323, 324, 325, 326, 327, 328, 331, 332, 333, 334, 337, 338, 340], "summary": {"covered_lines": 21, "num_statements": 23, "percent_covered": 91.30434782608695, "percent_covered_display": "91.3", "missing_lines": 2, "excluded_lines": 0, "percent_statements_covered": 91.30434782608695, "percent_statements_covered_display": "91.3"}, "missing_lines": [335, 336], "excluded_lines": [], "start_line": 310}, "list_shared_entries": {"executed_lines": [346, 347, 348, 349, 359, 360, 361, 372, 374], "summary": {"covered_lines": 9, "num_statements": 9, "percent_covered": 100.0, "percent_covered_display": "100.0", "missing_lines": 0, "excluded_lines": 0, "percent_statements_covered": 100.0, "percent_statements_covered_display": "100.0"}, "missing_lines": [], "excluded_lines": [], "start_line": 343}, "list_io_history": {"executed_lines": [380, 381, 382, 383, 393, 394, 395, 408, 410], "summary": {"covered_lines": 9, "num_statements": 9, "percent_covered": 100.0, "percent_covered_display": "100.0", "missing_lines": 0, "excluded_lines": 0, "percent_statements_covered": 100.0, "percent_statements_covered_display": "100.0"}, "missing_lines": [], "excluded_lines": [], "start_line": 377}, "": {"executed_lines": [1, 5, 6, 7, 8, 10, 12, 13, 14, 15, 16, 19, 24, 64, 104, 153, 168, 201, 246, 263, 284, 310, 343, 377], "summary": {"covered_lines": 24, "num_statements": 24, "percent_covered": 100.0, "percent_covered_display": "100.0", "missing_lines": 0, "excluded_lines": 0, "percent_statements_covered": 100.0, "percent_statements_covered_display": "100.0"}, "missing_lines": [], "excluded_lines": [], "start_line": 1}}, "classes": {"": {"executed_lines": [1, 5, 6, 7, 8, 10, 12, 13, 14, 15, 16, 19, 21, 24, 35, 36, 37, 38, 39, 40, 58, 60, 61, 64, 76, 77, 78, 79, 98, 99, 101, 104, 116, 117, 118, 119, 120, 148, 150, 153, 156, 157, 158, 159, 163, 165, 168, 171, 172, 173, 174, 183, 184, 185, 186, 198, 201, 204, 205, 206, 207, 208, 217, 226, 227, 228, 241, 243, 246, 249, 250, 251, 252, 256, 257, 258, 260, 263, 266, 267, 269, 270, 271, 272, 273, 274, 278, 280, 281, 284, 287, 288, 289, 290, 291, 292, 293, 294, 305, 307, 310, 312, 313, 314, 315, 316, 317, 318, 322, 323, 324, 325, 326, 327, 328, 331, 332, 333, 334, 337, 338, 340, 343, 346, 347, 348, 349, 359, 360, 361, 372, 374, 377, 380, 381, 382, 383, 393, 394, 395, 408, 410], "summary": {"covered_lines": 142, "num_statements": 145, "percent_covered": 97.93103448275862, "percent_covered_display": "97.9", "missing_lines": 3, "excluded_lines": 0, "percent_statements_covered": 97.93103448275862, "percent_statements_covered_display": "97.9"}, "missing_lines": [268, 335, 336], "excluded_lines": [], "start_line": 1}}}, "src\\database\\models.py": {"executed_lines": [2, 6, 7, 9, 10, 11, 14, 16, 17, 18, 19, 22, 24, 25, 27, 28, 29, 30, 31, 32, 34, 35, 36, 37, 38, 42, 46, 50, 54, 58, 59, 60, 61, 62, 63, 64, 65, 66, 67, 68, 69, 70, 71, 72, 73, 75, 77, 80, 81, 92, 98, 104, 110, 120, 127, 129, 140, 148, 159, 162, 163, 164, 167, 169, 182, 188, 196, 211, 219, 235, 242, 252, 260, 261, 271, 279, 281, 284, 285, 286, 294, 295, 296, 297, 298, 301, 302, 313, 316, 317, 318, 319, 320, 321, 322, 323, 324, 325, 326, 327, 328, 329, 330, 331, 332, 333, 334, 335, 336, 342, 343, 344, 345, 346, 347, 353, 358, 362, 363, 364, 369, 373, 375, 386, 393, 394, 397, 401, 402, 403, 404, 405, 406, 409, 412, 413, 417, 425, 426, 429, 431, 442, 447, 449, 452, 455, 460, 462, 477, 488, 502, 503, 506, 508, 510, 513, 515, 527, 529, 535, 543, 545, 548, 551, 554, 559, 560, 562, 565, 569, 570, 571, 607, 621, 622, 625, 629, 630, 631, 632, 633, 634, 635, 652, 653, 660, 661, 662, 663, 664, 666, 681, 682, 684, 685, 686, 687, 688, 698], "summary": {"covered_lines": 199, "num_statements": 237, "percent_covered": 83.96624472573839, "percent_covered_display": "84.0", "missing_lines": 38, "excluded_lines": 0, "percent_statements_covered": 83.96624472573839, "percent_statements_covered_display": "84.0"}, "missing_lines": [39, 40, 41, 43, 44, 45, 47, 48, 49, 51, 52, 53, 55, 56, 57, 340, 341, 351, 352, 398, 399, 410, 414, 415, 566, 567, 572, 573, 576, 577, 587, 590, 591, 605, 626, 627, 636, 637], "excluded_lines": [], "functions": {"get_connection": {"executed_lines": [16, 17, 18, 19], "summary": {"covered_lines": 4, "num_statements": 4, "percent_covered": 100.0, "percent_covered_display": "100.0", "missing_lines": 0, "excluded_lines": 0, "percent_statements_covered": 100.0, "percent_statements_covered_display": "100.0"}, "missing_lines": [], "excluded_lines": [], "start_line": 14}, "initialize_database": {"executed_lines": [24, 25, 27, 28, 29, 30, 31, 32, 34, 35, 36, 37, 38, 42, 46, 50, 54, 58, 59, 60, 61, 62, 63, 64, 65, 66, 67, 68, 69, 70, 71, 72, 73, 75, 77], "summary": {"covered_lines": 35, "num_statements": 50, "percent_covered": 70.0, "percent_covered_display": "70.0", "missing_lines": 15, "excluded_lines": 0, "percent_statements_covered": 70.0, "percent_statements_covered_display": "70.0"}, "missing_lines": [39, 40, 41, 43, 44, 45, 47, 48, 49, 51, 52, 53, 55, 56, 57], "excluded_lines": [], "start_line": 22}, "_apply_initial_schema": {"executed_lines": [81, 92, 98, 104, 110, 120, 127, 129, 140, 148, 159, 162, 163, 164], "summary": {"covered_lines": 14, "num_statements": 14, "percent_covered": 100.0, "percent_covered_display": "100.0", "missing_lines": 0, "excluded_lines": 0, "percent_statements_covered": 100.0, "percent_statements_covered_display": "100.0"}, "missing_lines": [], "excluded_lines": [], "start_line": 80}, "_create_sprint6_io_tables": {"executed_lines": [169, 182, 188, 196, 211, 219, 235, 242, 252], "summary": {"covered_lines": 9, "num_statements": 9, "percent_covered": 100.0, "percent_covered_display": "100.0", "missing_lines": 0, "excluded_lines": 0, "percent_statements_covered": 100.0, "percent_statements_covered_display": "100.0"}, "missing_lines": [], "excluded_lines": [], "start_line": 167}, "_migrate_v9_to_v10": {"executed_lines": [261, 271], "summary": {"covered_lines": 2, "num_statements": 2, "percent_covered": 100.0, "percent_covered_display": "100.0", "missing_lines": 0, "excluded_lines": 0, "percent_statements_covered": 100.0, "percent_statements_covered_display": "100.0"}, "missing_lines": [], "excluded_lines": [], "start_line": 260}, "_migrate_v8_to_v9": {"executed_lines": [281], "summary": {"covered_lines": 1, "num_statements": 1, "percent_covered": 100.0, "percent_covered_display": "100.0", "missing_lines": 0, "excluded_lines": 0, "percent_statements_covered": 100.0, "percent_statements_covered_display": "100.0"}, "missing_lines": [], "excluded_lines": [], "start_line": 279}, "_migrate_v7_to_v8": {"executed_lines": [285, 286], "summary": {"covered_lines": 2, "num_statements": 2, "percent_covered": 100.0, "percent_covered_display": "100.0", "missing_lines": 0, "excluded_lines": 0, "percent_statements_covered": 100.0, "percent_statements_covered_display": "100.0"}, "missing_lines": [], "excluded_lines": [], "start_line": 284}, "_migrate_v1_to_v2": {"executed_lines": [295, 296, 297, 298], "summary": {"covered_lines": 4, "num_statements": 4, "percent_covered": 100.0, "percent_covered_display": "100.0", "missing_lines": 0, "excluded_lines": 0, "percent_statements_covered": 100.0, "percent_statements_covered_display": "100.0"}, "missing_lines": [], "excluded_lines": [], "start_line": 294}, "_migrate_v2_to_v3": {"executed_lines": [302, 313, 316, 317, 318, 319, 320, 321, 322, 323, 324, 325, 326, 327, 328, 329, 330, 331, 332, 333, 334, 335, 336, 342, 343, 344, 345, 346, 347, 353, 358, 362, 363, 364], "summary": {"covered_lines": 34, "num_statements": 38, "percent_covered": 89.47368421052632, "percent_covered_display": "89.5", "missing_lines": 4, "excluded_lines": 0, "percent_statements_covered": 89.47368421052632, "percent_statements_covered_display": "89.5"}, "missing_lines": [340, 341, 351, 352], "excluded_lines": [], "start_line": 301}, "_migrate_v3_to_v4": {"executed_lines": [373, 375, 386, 393, 394, 397, 401, 402, 403, 404, 405, 406, 409, 412, 413, 417, 425, 426], "summary": {"covered_lines": 18, "num_statements": 23, "percent_covered": 78.26086956521739, "percent_covered_display": "78.3", "missing_lines": 5, "excluded_lines": 0, "percent_statements_covered": 78.26086956521739, "percent_statements_covered_display": "78.3"}, "missing_lines": [398, 399, 410, 414, 415], "excluded_lines": [], "start_line": 369}, "_migrate_v4_to_v5": {"executed_lines": [431, 442], "summary": {"covered_lines": 2, "num_statements": 2, "percent_covered": 100.0, "percent_covered_display": "100.0", "missing_lines": 0, "excluded_lines": 0, "percent_statements_covered": 100.0, "percent_statements_covered_display": "100.0"}, "missing_lines": [], "excluded_lines": [], "start_line": 429}, "_migrate_v5_to_v6": {"executed_lines": [449, 452, 455], "summary": {"covered_lines": 3, "num_statements": 3, "percent_covered": 100.0, "percent_covered_display": "100.0", "missing_lines": 0, "excluded_lines": 0, "percent_statements_covered": 100.0, "percent_statements_covered_display": "100.0"}, "missing_lines": [], "excluded_lines": [], "start_line": 447}, "_create_audit_tables_v7": {"executed_lines": [462, 477, 488, 502, 503], "summary": {"covered_lines": 5, "num_statements": 5, "percent_covered": 100.0, "percent_covered_display": "100.0", "missing_lines": 0, "excluded_lines": 0, "percent_statements_covered": 100.0, "percent_statements_covered_display": "100.0"}, "missing_lines": [], "excluded_lines": [], "start_line": 460}, "_install_audit_sec_triggers": {"executed_lines": [508, 510], "summary": {"covered_lines": 2, "num_statements": 2, "percent_covered": 100.0, "percent_covered_display": "100.0", "missing_lines": 0, "excluded_lines": 0, "percent_statements_covered": 100.0, "percent_statements_covered_display": "100.0"}, "missing_lines": [], "excluded_lines": [], "start_line": 506}, "_create_audit_security_log_table": {"executed_lines": [515], "summary": {"covered_lines": 1, "num_statements": 1, "percent_covered": 100.0, "percent_covered_display": "100.0", "missing_lines": 0, "excluded_lines": 0, "percent_statements_covered": 100.0, "percent_statements_covered_display": "100.0"}, "missing_lines": [], "excluded_lines": [], "start_line": 513}, "_init_audit_rotation_defaults": {"executed_lines": [529, 535], "summary": {"covered_lines": 2, "num_statements": 2, "percent_covered": 100.0, "percent_covered_display": "100.0", "missing_lines": 0, "excluded_lines": 0, "percent_statements_covered": 100.0, "percent_statements_covered_display": "100.0"}, "missing_lines": [], "excluded_lines": [], "start_line": 527}, "_create_audit_indexes_v7": {"executed_lines": [545, 548, 551, 554], "summary": {"covered_lines": 4, "num_statements": 4, "percent_covered": 100.0, "percent_covered_display": "100.0", "missing_lines": 0, "excluded_lines": 0, "percent_statements_covered": 100.0, "percent_statements_covered_display": "100.0"}, "missing_lines": [], "excluded_lines": [], "start_line": 543}, "_migrate_v6_to_v7": {"executed_lines": [560, 562, 565, 569, 570, 571, 607, 621, 622, 625, 629, 630, 631, 632, 633, 634, 635, 652, 653, 660, 661, 662, 663, 664, 666, 681, 682, 684, 685, 686, 687, 688, 698], "summary": {"covered_lines": 33, "num_statements": 47, "percent_covered": 70.2127659574468, "percent_covered_display": "70.2", "missing_lines": 14, "excluded_lines": 0, "percent_statements_covered": 70.2127659574468, "percent_statements_covered_display": "70.2"}, "missing_lines": [566, 567, 572, 573, 576, 577, 587, 590, 591, 605, 626, 627, 636, 637], "excluded_lines": [], "start_line": 559}, "": {"executed_lines": [2, 6, 7, 9, 10, 11, 14, 22, 80, 167, 260, 279, 284, 294, 301, 369, 429, 447, 460, 506, 513, 527, 543, 559], "summary": {"covered_lines": 24, "num_statements": 24, "percent_covered": 100.0, "percent_covered_display": "100.0", "missing_lines": 0, "excluded_lines": 0, "percent_statements_covered": 100.0, "percent_statements_covered_display": "100.0"}, "missing_lines": [], "excluded_lines": [], "start_line": 1}}, "classes": {"": {"executed_lines": [2, 6, 7, 9, 10, 11, 14, 16, 17, 18, 19, 22, 24, 25, 27, 28, 29, 30, 31, 32, 34, 35, 36, 37, 38, 42, 46, 50, 54, 58, 59, 60, 61, 62, 63, 64, 65, 66, 67, 68, 69, 70, 71, 72, 73, 75, 77, 80, 81, 92, 98, 104, 110, 120, 127, 129, 140, 148, 159, 162, 163, 164, 167, 169, 182, 188, 196, 211, 219, 235, 242, 252, 260, 261, 271, 279, 281, 284, 285, 286, 294, 295, 296, 297, 298, 301, 302, 313, 316, 317, 318, 319, 320, 321, 322, 323, 324, 325, 326, 327, 328, 329, 330, 331, 332, 333, 334, 335, 336, 342, 343, 344, 345, 346, 347, 353, 358, 362, 363, 364, 369, 373, 375, 386, 393, 394, 397, 401, 402, 403, 404, 405, 406, 409, 412, 413, 417, 425, 426, 429, 431, 442, 447, 449, 452, 455, 460, 462, 477, 488, 502, 503, 506, 508, 510, 513, 515, 527, 529, 535, 543, 545, 548, 551, 554, 559, 560, 562, 565, 569, 570, 571, 607, 621, 622, 625, 629, 630, 631, 632, 633, 634, 635, 652, 653, 660, 661, 662, 663, 664, 666, 681, 682, 684, 685, 686, 687, 688, 698], "summary": {"covered_lines": 199, "num_statements": 237, "percent_covered": 83.96624472573839, "percent_covered_display": "84.0", "missing_lines": 38, "excluded_lines": 0, "percent_statements_covered": 83.96624472573839, "percent_statements_covered_display": "84.0"}, "missing_lines": [39, 40, 41, 43, 44, 45, 47, 48, 49, 51, 52, 53, 55, 56, 57, 340, 341, 351, 352, 398, 399, 410, 414, 415, 566, 567, 572, 573, 576, 577, 587, 590, 591, 605, 626, 627, 636, 637], "excluded_lines": [], "start_line": 1}}}}, "totals": {"covered_lines": 3946, "num_statements": 4906, "percent_covered": 80.43212392988178, "percent_covered_display": "80.4", "missing_lines": 960, "excluded_lines": 2, "percent_statements_covered": 80.43212392988178, "percent_statements_covered_display": "80.4"}}