{"meta": {"format": 3, "version": "7.14.1", "timestamp": "2026-06-03T00:00:55.761891", "branch_coverage": false, "show_contexts": false}, "files": {"src\\__init__.py": {"executed_lines": [1], "summary": {"covered_lines": 1, "num_statements": 1, "percent_covered": 100.0, "percent_covered_display": "100.0", "missing_lines": 0, "excluded_lines": 0, "percent_statements_covered": 100.0, "percent_statements_covered_display": "100.0"}, "missing_lines": [], "excluded_lines": [], "functions": {"": {"executed_lines": [1], "summary": {"covered_lines": 1, "num_statements": 1, "percent_covered": 100.0, "percent_covered_display": "100.0", "missing_lines": 0, "excluded_lines": 0, "percent_statements_covered": 100.0, "percent_statements_covered_display": "100.0"}, "missing_lines": [], "excluded_lines": [], "start_line": 1}}, "classes": {"": {"executed_lines": [1], "summary": {"covered_lines": 1, "num_statements": 1, "percent_covered": 100.0, "percent_covered_display": "100.0", "missing_lines": 0, "excluded_lines": 0, "percent_statements_covered": 100.0, "percent_statements_covered_display": "100.0"}, "missing_lines": [], "excluded_lines": [], "start_line": 1}}}, "src\\core\\__init__.py": {"executed_lines": [2], "summary": {"covered_lines": 1, "num_statements": 1, "percent_covered": 100.0, "percent_covered_display": "100.0", "missing_lines": 0, "excluded_lines": 0, "percent_statements_covered": 100.0, "percent_statements_covered_display": "100.0"}, "missing_lines": [], "excluded_lines": [], "functions": {"": {"executed_lines": [2], "summary": {"covered_lines": 1, "num_statements": 1, "percent_covered": 100.0, "percent_covered_display": "100.0", "missing_lines": 0, "excluded_lines": 0, "percent_statements_covered": 100.0, "percent_statements_covered_display": "100.0"}, "missing_lines": [], "excluded_lines": [], "start_line": 1}}, "classes": {"": {"executed_lines": [2], "summary": {"covered_lines": 1, "num_statements": 1, "percent_covered": 100.0, "percent_covered_display": "100.0", "missing_lines": 0, "excluded_lines": 0, "percent_statements_covered": 100.0, "percent_statements_covered_display": "100.0"}, "missing_lines": [], "excluded_lines": [], "start_line": 1}}}, "src\\core\\audit\\__init__.py": {"executed_lines": [1, 2, 3, 4, 6], "summary": {"covered_lines": 5, "num_statements": 5, "percent_covered": 100.0, "percent_covered_display": "100.0", "missing_lines": 0, "excluded_lines": 0, "percent_statements_covered": 100.0, "percent_statements_covered_display": "100.0"}, "missing_lines": [], "excluded_lines": [], "functions": {"": {"executed_lines": [1, 2, 3, 4, 6], "summary": {"covered_lines": 5, "num_statements": 5, "percent_covered": 100.0, "percent_covered_display": "100.0", "missing_lines": 0, "excluded_lines": 0, "percent_statements_covered": 100.0, "percent_statements_covered_display": "100.0"}, "missing_lines": [], "excluded_lines": [], "start_line": 1}}, "classes": {"": {"executed_lines": [1, 2, 3, 4, 6], "summary": {"covered_lines": 5, "num_statements": 5, "percent_covered": 100.0, "percent_covered_display": "100.0", "missing_lines": 0, "excluded_lines": 0, "percent_statements_covered": 100.0, "percent_statements_covered_display": "100.0"}, "missing_lines": [], "excluded_lines": [], "start_line": 1}}}, "src\\core\\audit\\audit_compliance.py": {"executed_lines": [1, 5, 6, 8, 9, 12, 14, 15, 16, 18, 26, 28, 31, 33, 34, 35, 41, 42, 43, 44, 45, 46, 47, 48, 49, 50, 56, 58, 59, 69, 70, 71, 72, 73, 74, 75, 76, 77, 78, 79, 80, 81, 82, 83, 84, 87, 89, 90, 91, 95, 96, 100, 103], "summary": {"covered_lines": 53, "num_statements": 61, "percent_covered": 86.88524590163935, "percent_covered_display": "86.9", "missing_lines": 8, "excluded_lines": 0, "percent_statements_covered": 86.88524590163935, "percent_statements_covered_display": "86.9"}, "missing_lines": [92, 93, 94, 97, 98, 105, 107, 108], "excluded_lines": [], "functions": {"get_audit_timestamp": {"executed_lines": [28], "summary": {"covered_lines": 1, "num_statements": 1, "percent_covered": 100.0, "percent_covered_display": "100.0", "missing_lines": 0, "excluded_lines": 0, "percent_statements_covered": 100.0, "percent_statements_covered_display": "100.0"}, "missing_lines": [], "excluded_lines": [], "start_line": 26}, "format_cef": {"executed_lines": [33, 34, 35, 41, 42, 43, 44, 45, 46, 47, 48, 49, 50], "summary": {"covered_lines": 13, "num_statements": 13, "percent_covered": 100.0, "percent_covered_display": "100.0", "missing_lines": 0, "excluded_lines": 0, "percent_statements_covered": 100.0, "percent_statements_covered_display": "100.0"}, "missing_lines": [], "excluded_lines": [], "start_line": 31}, "format_cef_from_row": {"executed_lines": [58, 59, 69, 70, 71, 72, 73, 74, 75, 76, 77, 78, 79, 80, 81, 82, 83, 84], "summary": {"covered_lines": 18, "num_statements": 18, "percent_covered": 100.0, "percent_covered_display": "100.0", "missing_lines": 0, "excluded_lines": 0, "percent_statements_covered": 100.0, "percent_statements_covered_display": "100.0"}, "missing_lines": [], "excluded_lines": [], "start_line": 56}, "reconstruct_chronological": {"executed_lines": [89, 100], "summary": {"covered_lines": 2, "num_statements": 2, "percent_covered": 100.0, "percent_covered_display": "100.0", "missing_lines": 0, "excluded_lines": 0, "percent_statements_covered": 100.0, "percent_statements_covered_display": "100.0"}, "missing_lines": [], "excluded_lines": [], "start_line": 87}, "reconstruct_chronological._seq": {"executed_lines": [90, 91, 95, 96], "summary": {"covered_lines": 4, "num_statements": 9, "percent_covered": 44.44444444444444, "percent_covered_display": "44.4", "missing_lines": 5, "excluded_lines": 0, "percent_statements_covered": 44.44444444444444, "percent_statements_covered_display": "44.4"}, "missing_lines": [92, 93, 94, 97, 98], "excluded_lines": [], "start_line": 89}, "fetch_chronological_timeline": {"executed_lines": [], "summary": {"covered_lines": 0, "num_statements": 3, "percent_covered": 0.0, "percent_covered_display": "0.0", "missing_lines": 3, "excluded_lines": 0, "percent_statements_covered": 0.0, "percent_statements_covered_display": "0.0"}, "missing_lines": [105, 107, 108], "excluded_lines": [], "start_line": 103}, "": {"executed_lines": [1, 5, 6, 8, 9, 12, 14, 15, 16, 18, 26, 31, 56, 87, 103], "summary": {"covered_lines": 15, "num_statements": 15, "percent_covered": 100.0, "percent_covered_display": "100.0", "missing_lines": 0, "excluded_lines": 0, "percent_statements_covered": 100.0, "percent_statements_covered_display": "100.0"}, "missing_lines": [], "excluded_lines": [], "start_line": 1}}, "classes": {"": {"executed_lines": [1, 5, 6, 8, 9, 12, 14, 15, 16, 18, 26, 28, 31, 33, 34, 35, 41, 42, 43, 44, 45, 46, 47, 48, 49, 50, 56, 58, 59, 69, 70, 71, 72, 73, 74, 75, 76, 77, 78, 79, 80, 81, 82, 83, 84, 87, 89, 90, 91, 95, 96, 100, 103], "summary": {"covered_lines": 53, "num_statements": 61, "percent_covered": 86.88524590163935, "percent_covered_display": "86.9", "missing_lines": 8, "excluded_lines": 0, "percent_statements_covered": 86.88524590163935, "percent_statements_covered_display": "86.9"}, "missing_lines": [92, 93, 94, 97, 98, 105, 107, 108], "excluded_lines": [], "start_line": 1}}}, "src\\core\\audit\\audit_logger.py": {"executed_lines": [1, 5, 6, 7, 9, 11, 12, 13, 14, 15, 16, 17, 18, 19, 20, 21, 22, 25, 38, 73, 76, 77, 78, 79, 87, 88, 89, 90, 91, 93, 94, 95, 96, 98, 104, 105, 107, 110, 112, 115, 120, 121, 123, 124, 125, 126, 127, 129, 137, 139, 146, 147, 148, 149, 150, 152, 153, 154, 155, 163, 165, 166, 168, 169, 170, 171, 172, 173, 176, 178, 181, 184, 186, 189, 192, 195, 197, 200, 201, 202, 204, 207, 209, 210, 211, 212, 213, 220, 221, 222, 224, 225, 226, 228], "summary": {"covered_lines": 94, "num_statements": 102, "percent_covered": 92.15686274509804, "percent_covered_display": "92.2", "missing_lines": 8, "excluded_lines": 0, "percent_statements_covered": 92.15686274509804, "percent_statements_covered_display": "92.2"}, "missing_lines": [97, 99, 100, 101, 102, 193, 198, 223], "excluded_lines": [], "functions": {"_load_chain_state": {"executed_lines": [76, 77, 78, 79, 87, 88, 89, 90, 91, 93, 94, 95, 96, 98, 104, 105, 107], "summary": {"covered_lines": 17, "num_statements": 22, "percent_covered": 77.27272727272727, "percent_covered_display": "77.3", "missing_lines": 5, "excluded_lines": 0, "percent_statements_covered": 77.27272727272727, "percent_statements_covered_display": "77.3"}, "missing_lines": [97, 99, 100, 101, 102], "excluded_lines": [], "start_line": 73}, "reload_chain_state": {"executed_lines": [112], "summary": {"covered_lines": 1, "num_statements": 1, "percent_covered": 100.0, "percent_covered_display": "100.0", "missing_lines": 0, "excluded_lines": 0, "percent_statements_covered": 100.0, "percent_statements_covered_display": "100.0"}, "missing_lines": [], "excluded_lines": [], "start_line": 110}, "_append_record": {"executed_lines": [120, 121, 123, 124, 125, 126, 127, 129, 137, 139, 146, 147, 148, 149, 150, 152, 153, 154, 155, 163, 165, 166, 168, 169, 170, 171, 172, 173], "summary": {"covered_lines": 28, "num_statements": 28, "percent_covered": 100.0, "percent_covered_display": "100.0", "missing_lines": 0, "excluded_lines": 0, "percent_statements_covered": 100.0, "percent_statements_covered_display": "100.0"}, "missing_lines": [], "excluded_lines": [], "start_line": 115}, "_handle_event": {"executed_lines": [178], "summary": {"covered_lines": 1, "num_statements": 1, "percent_covered": 100.0, "percent_covered_display": "100.0", "missing_lines": 0, "excluded_lines": 0, "percent_statements_covered": 100.0, "percent_statements_covered_display": "100.0"}, "missing_lines": [], "excluded_lines": [], "start_line": 176}, "AuditLogger.log_event": {"executed_lines": [186], "summary": {"covered_lines": 1, "num_statements": 1, "percent_covered": 100.0, "percent_covered_display": "100.0", "missing_lines": 0, "excluded_lines": 0, "percent_statements_covered": 100.0, "percent_statements_covered_display": "100.0"}, "missing_lines": [], "excluded_lines": [], "start_line": 184}, "setup_audit_subscribers": {"executed_lines": [192, 195, 197, 200, 201, 202, 204], "summary": {"covered_lines": 7, "num_statements": 9, "percent_covered": 77.77777777777777, "percent_covered_display": "77.8", "missing_lines": 2, "excluded_lines": 0, "percent_statements_covered": 77.77777777777777, "percent_statements_covered_display": "77.8"}, "missing_lines": [193, 198], "excluded_lines": [], "start_line": 189}, "fetch_all_rows": {"executed_lines": [209, 210, 211, 212, 213, 220, 221, 222, 224, 225, 226, 228], "summary": {"covered_lines": 12, "num_statements": 13, "percent_covered": 92.3076923076923, "percent_covered_display": "92.3", "missing_lines": 1, "excluded_lines": 0, "percent_statements_covered": 92.3076923076923, "percent_statements_covered_display": "92.3"}, "missing_lines": [223], "excluded_lines": [], "start_line": 207}, "": {"executed_lines": [1, 5, 6, 7, 9, 11, 12, 13, 14, 15, 16, 17, 18, 19, 20, 21, 22, 25, 38, 73, 110, 115, 176, 181, 184, 189, 207], "summary": {"covered_lines": 27, "num_statements": 27, "percent_covered": 100.0, "percent_covered_display": "100.0", "missing_lines": 0, "excluded_lines": 0, "percent_statements_covered": 100.0, "percent_statements_covered_display": "100.0"}, "missing_lines": [], "excluded_lines": [], "start_line": 1}}, "classes": {"AuditLogger": {"executed_lines": [186], "summary": {"covered_lines": 1, "num_statements": 1, "percent_covered": 100.0, "percent_covered_display": "100.0", "missing_lines": 0, "excluded_lines": 0, "percent_statements_covered": 100.0, "percent_statements_covered_display": "100.0"}, "missing_lines": [], "excluded_lines": [], "start_line": 181}, "": {"executed_lines": [1, 5, 6, 7, 9, 11, 12, 13, 14, 15, 16, 17, 18, 19, 20, 21, 22, 25, 38, 73, 76, 77, 78, 79, 87, 88, 89, 90, 91, 93, 94, 95, 96, 98, 104, 105, 107, 110, 112, 115, 120, 121, 123, 124, 125, 126, 127, 129, 137, 139, 146, 147, 148, 149, 150, 152, 153, 154, 155, 163, 165, 166, 168, 169, 170, 171, 172, 173, 176, 178, 181, 184, 189, 192, 195, 197, 200, 201, 202, 204, 207, 209, 210, 211, 212, 213, 220, 221, 222, 224, 225, 226, 228], "summary": {"covered_lines": 93, "num_statements": 101, "percent_covered": 92.07920792079207, "percent_covered_display": "92.1", "missing_lines": 8, "excluded_lines": 0, "percent_statements_covered": 92.07920792079207, "percent_statements_covered_display": "92.1"}, "missing_lines": [97, 99, 100, 101, 102, 193, 198, 223], "excluded_lines": [], "start_line": 1}}}, "src\\core\\audit\\audit_security.py": {"executed_lines": [1, 5, 6, 8, 9, 12, 15, 17, 20, 23, 25, 26, 27, 28, 29, 37, 40, 44, 46, 49, 54, 56, 57, 60, 62, 63, 64, 65, 66, 67, 74, 76, 79, 97, 99, 100, 101, 102, 105, 107, 108, 116, 119, 128, 138], "summary": {"covered_lines": 45, "num_statements": 57, "percent_covered": 78.94736842105263, "percent_covered_display": "78.9", "missing_lines": 12, "excluded_lines": 0, "percent_statements_covered": 78.94736842105263, "percent_statements_covered_display": "78.9"}, "missing_lines": [51, 81, 82, 83, 84, 85, 86, 87, 88, 89, 93, 94], "excluded_lines": [], "functions": {"_utc_now_iso": {"executed_lines": [17], "summary": {"covered_lines": 1, "num_statements": 1, "percent_covered": 100.0, "percent_covered_display": "100.0", "missing_lines": 0, "excluded_lines": 0, "percent_statements_covered": 100.0, "percent_statements_covered_display": "100.0"}, "missing_lines": [], "excluded_lines": [], "start_line": 15}, "set_audit_maintenance": {"executed_lines": [23, 25, 26, 27, 28, 29, 37, 40, 44, 46], "summary": {"covered_lines": 10, "num_statements": 10, "percent_covered": 100.0, "percent_covered_display": "100.0", "missing_lines": 0, "excluded_lines": 0, "percent_statements_covered": 100.0, "percent_statements_covered_display": "100.0"}, "missing_lines": [], "excluded_lines": [], "start_line": 20}, "is_audit_maintenance": {"executed_lines": [], "summary": {"covered_lines": 0, "num_statements": 1, "percent_covered": 0.0, "percent_covered_display": "0.0", "missing_lines": 1, "excluded_lines": 0, "percent_statements_covered": 0.0, "percent_statements_covered_display": "0.0"}, "missing_lines": [51], "excluded_lines": [], "start_line": 49}, "require_audit_read_access": {"executed_lines": [56, 57], "summary": {"covered_lines": 2, "num_statements": 2, "percent_covered": 100.0, "percent_covered_display": "100.0", "missing_lines": 0, "excluded_lines": 0, "percent_statements_covered": 100.0, "percent_statements_covered_display": "100.0"}, "missing_lines": [], "excluded_lines": [], "start_line": 54}, "log_protection_event": {"executed_lines": [62, 63, 64, 65, 66, 67, 74, 76], "summary": {"covered_lines": 8, "num_statements": 8, "percent_covered": 100.0, "percent_covered_display": "100.0", "missing_lines": 0, "excluded_lines": 0, "percent_statements_covered": 100.0, "percent_statements_covered_display": "100.0"}, "missing_lines": [], "excluded_lines": [], "start_line": 60}, "check_append_only_sql": {"executed_lines": [], "summary": {"covered_lines": 0, "num_statements": 11, "percent_covered": 0.0, "percent_covered_display": "0.0", "missing_lines": 11, "excluded_lines": 0, "percent_statements_covered": 0.0, "percent_statements_covered_display": "0.0"}, "missing_lines": [81, 82, 83, 84, 85, 86, 87, 88, 89, 93, 94], "excluded_lines": [], "start_line": 79}, "ensure_signed": {"executed_lines": [99, 100, 101, 102], "summary": {"covered_lines": 4, "num_statements": 4, "percent_covered": 100.0, "percent_covered_display": "100.0", "missing_lines": 0, "excluded_lines": 0, "percent_statements_covered": 100.0, "percent_statements_covered_display": "100.0"}, "missing_lines": [], "excluded_lines": [], "start_line": 97}, "install_audit_security_triggers": {"executed_lines": [107, 108, 116, 119, 128, 138], "summary": {"covered_lines": 6, "num_statements": 6, "percent_covered": 100.0, "percent_covered_display": "100.0", "missing_lines": 0, "excluded_lines": 0, "percent_statements_covered": 100.0, "percent_statements_covered_display": "100.0"}, "missing_lines": [], "excluded_lines": [], "start_line": 105}, "": {"executed_lines": [1, 5, 6, 8, 9, 12, 15, 20, 49, 54, 60, 79, 97, 105], "summary": {"covered_lines": 14, "num_statements": 14, "percent_covered": 100.0, "percent_covered_display": "100.0", "missing_lines": 0, "excluded_lines": 0, "percent_statements_covered": 100.0, "percent_statements_covered_display": "100.0"}, "missing_lines": [], "excluded_lines": [], "start_line": 1}}, "classes": {"": {"executed_lines": [1, 5, 6, 8, 9, 12, 15, 17, 20, 23, 25, 26, 27, 28, 29, 37, 40, 44, 46, 49, 54, 56, 57, 60, 62, 63, 64, 65, 66, 67, 74, 76, 79, 97, 99, 100, 101, 102, 105, 107, 108, 116, 119, 128, 138], "summary": {"covered_lines": 45, "num_statements": 57, "percent_covered": 78.94736842105263, "percent_covered_display": "78.9", "missing_lines": 12, "excluded_lines": 0, "percent_statements_covered": 78.94736842105263, "percent_statements_covered_display": "78.9"}, "missing_lines": [51, 81, 82, 83, 84, 85, 86, 87, 88, 89, 93, 94], "excluded_lines": [], "start_line": 1}}}, "src\\core\\audit\\log_entry.py": {"executed_lines": [1, 5, 6, 7, 8, 11, 12, 13, 14, 15, 16, 19, 54, 88, 89, 90, 93, 95, 97, 100, 102, 105, 107, 109, 111, 112, 113, 116, 118, 119, 120, 121, 122, 125, 127, 128, 129, 131, 134, 136, 137, 138, 140, 143, 145, 146, 147, 150, 152, 153, 155, 158, 160, 161, 162, 163, 164, 165, 167, 170, 171, 172, 174, 177, 179, 182, 185, 187, 189, 190, 191, 193, 194, 195, 196, 197, 198, 199, 200, 204, 206, 219, 221, 222, 223, 224, 225, 226, 227, 228, 230, 247, 250, 260, 261, 262, 263, 264, 265, 266, 268, 270, 271, 273, 275, 276, 277, 279, 280], "summary": {"covered_lines": 109, "num_statements": 127, "percent_covered": 85.8267716535433, "percent_covered_display": "85.8", "missing_lines": 18, "excluded_lines": 0, "percent_statements_covered": 85.8267716535433, "percent_statements_covered_display": "85.8"}, "missing_lines": [108, 110, 130, 139, 154, 166, 168, 173, 180, 181, 201, 202, 229, 267, 269, 272, 274, 278], "excluded_lines": [], "functions": {"utc_timestamp": {"executed_lines": [95, 97], "summary": {"covered_lines": 2, "num_statements": 2, "percent_covered": 100.0, "percent_covered_display": "100.0", "missing_lines": 0, "excluded_lines": 0, "percent_statements_covered": 100.0, "percent_statements_covered_display": "100.0"}, "missing_lines": [], "excluded_lines": [], "start_line": 93}, "get_event_category": {"executed_lines": [102], "summary": {"covered_lines": 1, "num_statements": 1, "percent_covered": 100.0, "percent_covered_display": "100.0", "missing_lines": 0, "excluded_lines": 0, "percent_statements_covered": 100.0, "percent_statements_covered_display": "100.0"}, "missing_lines": [], "excluded_lines": [], "start_line": 100}, "get_event_severity": {"executed_lines": [107, 109, 111, 112, 113], "summary": {"covered_lines": 5, "num_statements": 7, "percent_covered": 71.42857142857143, "percent_covered_display": "71.4", "missing_lines": 2, "excluded_lines": 0, "percent_statements_covered": 71.42857142857143, "percent_statements_covered_display": "71.4"}, "missing_lines": [108, 110], "excluded_lines": [], "start_line": 105}, "_is_secret_key": {"executed_lines": [118, 119, 120, 121, 122], "summary": {"covered_lines": 5, "num_statements": 5, "percent_covered": 100.0, "percent_covered_display": "100.0", "missing_lines": 0, "excluded_lines": 0, "percent_statements_covered": 100.0, "percent_statements_covered_display": "100.0"}, "missing_lines": [], "excluded_lines": [], "start_line": 116}, "_is_key_field": {"executed_lines": [127, 128, 129, 131], "summary": {"covered_lines": 4, "num_statements": 5, "percent_covered": 80.0, "percent_covered_display": "80.0", "missing_lines": 1, "excluded_lines": 0, "percent_statements_covered": 80.0, "percent_statements_covered_display": "80.0"}, "missing_lines": [130], "excluded_lines": [], "start_line": 125}, "_is_personal_key": {"executed_lines": [136, 137, 138, 140], "summary": {"covered_lines": 4, "num_statements": 5, "percent_covered": 80.0, "percent_covered_display": "80.0", "missing_lines": 1, "excluded_lines": 0, "percent_statements_covered": 80.0, "percent_statements_covered_display": "80.0"}, "missing_lines": [139], "excluded_lines": [], "start_line": 134}, "_hash_personal": {"executed_lines": [145, 146, 147], "summary": {"covered_lines": 3, "num_statements": 3, "percent_covered": 100.0, "percent_covered_display": "100.0", "missing_lines": 0, "excluded_lines": 0, "percent_statements_covered": 100.0, "percent_statements_covered_display": "100.0"}, "missing_lines": [], "excluded_lines": [], "start_line": 143}, "anonymize_search_query": {"executed_lines": [152, 153, 155], "summary": {"covered_lines": 3, "num_statements": 4, "percent_covered": 75.0, "percent_covered_display": "75.0", "missing_lines": 1, "excluded_lines": 0, "percent_statements_covered": 75.0, "percent_statements_covered_display": "75.0"}, "missing_lines": [154], "excluded_lines": [], "start_line": 150}, "sanitize_details": {"executed_lines": [160, 161, 162, 163, 164, 165, 167, 170, 171, 172, 174], "summary": {"covered_lines": 11, "num_statements": 14, "percent_covered": 78.57142857142857, "percent_covered_display": "78.6", "missing_lines": 3, "excluded_lines": 0, "percent_statements_covered": 78.57142857142857, "percent_statements_covered_display": "78.6"}, "missing_lines": [166, 168, 173], "excluded_lines": [], "start_line": 158}, "normalize_event_type": {"executed_lines": [179, 182], "summary": {"covered_lines": 2, "num_statements": 4, "percent_covered": 50.0, "percent_covered_display": "50.0", "missing_lines": 2, "excluded_lines": 0, "percent_statements_covered": 50.0, "percent_statements_covered_display": "50.0"}, "missing_lines": [180, 181], "excluded_lines": [], "start_line": 177}, "build_log_entry": {"executed_lines": [187, 189, 190, 191, 193, 194, 195, 196, 197, 198, 199, 200, 204, 206], "summary": {"covered_lines": 14, "num_statements": 16, "percent_covered": 87.5, "percent_covered_display": "87.5", "missing_lines": 2, "excluded_lines": 0, "percent_statements_covered": 87.5, "percent_statements_covered_display": "87.5"}, "missing_lines": [201, 202], "excluded_lines": [], "start_line": 185}, "parse_log_rows": {"executed_lines": [221, 222, 223, 224, 225, 226, 227, 228, 230, 247], "summary": {"covered_lines": 10, "num_statements": 11, "percent_covered": 90.9090909090909, "percent_covered_display": "90.9", "missing_lines": 1, "excluded_lines": 0, "percent_statements_covered": 90.9090909090909, "percent_statements_covered_display": "90.9"}, "missing_lines": [229], "excluded_lines": [], "start_line": 219}, "filter_audit_items": {"executed_lines": [260, 261, 262, 263, 264, 265, 266, 268, 270, 271, 273, 275, 276, 277, 279, 280], "summary": {"covered_lines": 16, "num_statements": 21, "percent_covered": 76.19047619047619, "percent_covered_display": "76.2", "missing_lines": 5, "excluded_lines": 0, "percent_statements_covered": 76.19047619047619, "percent_statements_covered_display": "76.2"}, "missing_lines": [267, 269, 272, 274, 278], "excluded_lines": [], "start_line": 250}, "": {"executed_lines": [1, 5, 6, 7, 8, 11, 12, 13, 14, 15, 16, 19, 54, 88, 89, 90, 93, 100, 105, 116, 125, 134, 143, 150, 158, 177, 185, 219, 250], "summary": {"covered_lines": 29, "num_statements": 29, "percent_covered": 100.0, "percent_covered_display": "100.0", "missing_lines": 0, "excluded_lines": 0, "percent_statements_covered": 100.0, "percent_statements_covered_display": "100.0"}, "missing_lines": [], "excluded_lines": [], "start_line": 1}}, "classes": {"": {"executed_lines": [1, 5, 6, 7, 8, 11, 12, 13, 14, 15, 16, 19, 54, 88, 89, 90, 93, 95, 97, 100, 102, 105, 107, 109, 111, 112, 113, 116, 118, 119, 120, 121, 122, 125, 127, 128, 129, 131, 134, 136, 137, 138, 140, 143, 145, 146, 147, 150, 152, 153, 155, 158, 160, 161, 162, 163, 164, 165, 167, 170, 171, 172, 174, 177, 179, 182, 185, 187, 189, 190, 191, 193, 194, 195, 196, 197, 198, 199, 200, 204, 206, 219, 221, 222, 223, 224, 225, 226, 227, 228, 230, 247, 250, 260, 261, 262, 263, 264, 265, 266, 268, 270, 271, 273, 275, 276, 277, 279, 280], "summary": {"covered_lines": 109, "num_statements": 127, "percent_covered": 85.8267716535433, "percent_covered_display": "85.8", "missing_lines": 18, "excluded_lines": 0, "percent_statements_covered": 85.8267716535433, "percent_statements_covered_display": "85.8"}, "missing_lines": [108, 110, 130, 139, 154, 166, 168, 173, 180, 181, 201, 202, 229, 267, 269, 272, 274, 278], "excluded_lines": [], "start_line": 1}}}, "src\\core\\audit\\log_export.py": {"executed_lines": [1, 5, 6, 7, 8, 9, 11, 12, 13, 15, 16, 17, 18, 19, 20, 21, 23, 26, 28, 31, 39, 47, 55, 57, 58, 59, 61, 64, 66, 67, 68, 69, 70, 79, 82, 84, 85, 87, 88, 89, 90, 91, 99, 100, 101, 102, 103, 106, 108, 109, 110, 111, 112, 115, 116, 117, 118, 120, 123, 129, 130, 131, 132, 133, 134, 135, 136, 137, 139, 140, 143, 145, 146, 147, 148, 151, 161, 162, 163, 164, 166, 178, 180, 181, 185, 186, 189, 191, 192, 203, 212, 214, 216, 217, 219, 220, 221, 222, 238, 239], "summary": {"covered_lines": 100, "num_statements": 140, "percent_covered": 71.42857142857143, "percent_covered_display": "71.4", "missing_lines": 40, "excluded_lines": 0, "percent_statements_covered": 71.42857142857143, "percent_statements_covered_display": "71.4"}, "missing_lines": [33, 34, 35, 36, 41, 42, 43, 44, 49, 50, 51, 52, 60, 92, 93, 94, 95, 96, 97, 98, 138, 149, 150, 182, 183, 184, 213, 223, 224, 225, 226, 227, 228, 229, 230, 231, 232, 233, 234, 236], "excluded_lines": [], "functions": {"_utc_now_iso": {"executed_lines": [28], "summary": {"covered_lines": 1, "num_statements": 1, "percent_covered": 100.0, "percent_covered_display": "100.0", "missing_lines": 0, "excluded_lines": 0, "percent_statements_covered": 100.0, "percent_statements_covered_display": "100.0"}, "missing_lines": [], "excluded_lines": [], "start_line": 26}, "derive_export_key": {"executed_lines": [], "summary": {"covered_lines": 0, "num_statements": 4, "percent_covered": 0.0, "percent_covered_display": "0.0", "missing_lines": 4, "excluded_lines": 0, "percent_statements_covered": 0.0, "percent_statements_covered_display": "0.0"}, "missing_lines": [33, 34, 35, 36], "excluded_lines": [], "start_line": 31}, "_encrypt_bytes": {"executed_lines": [], "summary": {"covered_lines": 0, "num_statements": 4, "percent_covered": 0.0, "percent_covered_display": "0.0", "missing_lines": 4, "excluded_lines": 0, "percent_statements_covered": 0.0, "percent_statements_covered_display": "0.0"}, "missing_lines": [41, 42, 43, 44], "excluded_lines": [], "start_line": 39}, "_decrypt_bytes": {"executed_lines": [], "summary": {"covered_lines": 0, "num_statements": 4, "percent_covered": 0.0, "percent_covered_display": "0.0", "missing_lines": 4, "excluded_lines": 0, "percent_statements_covered": 0.0, "percent_statements_covered_display": "0.0"}, "missing_lines": [49, 50, 51, 52], "excluded_lines": [], "start_line": 47}, "load_signed_json_export": {"executed_lines": [57, 58, 59, 61], "summary": {"covered_lines": 4, "num_statements": 5, "percent_covered": 80.0, "percent_covered_display": "80.0", "missing_lines": 1, "excluded_lines": 0, "percent_statements_covered": 80.0, "percent_statements_covered_display": "80.0"}, "missing_lines": [60], "excluded_lines": [], "start_line": 55}, "rows_from_signed_json": {"executed_lines": [66, 67, 68, 69, 70, 79], "summary": {"covered_lines": 6, "num_statements": 6, "percent_covered": 100.0, "percent_covered_display": "100.0", "missing_lines": 0, "excluded_lines": 0, "percent_statements_covered": 100.0, "percent_statements_covered_display": "100.0"}, "missing_lines": [], "excluded_lines": [], "start_line": 64}, "verify_export_independent": {"executed_lines": [84, 85, 87, 88, 89, 90, 91, 99, 100, 101, 102, 103], "summary": {"covered_lines": 12, "num_statements": 19, "percent_covered": 63.1578947368421, "percent_covered_display": "63.2", "missing_lines": 7, "excluded_lines": 0, "percent_statements_covered": 63.1578947368421, "percent_statements_covered_display": "63.2"}, "missing_lines": [92, 93, 94, 95, 96, 97, 98], "excluded_lines": [], "start_line": 82}, "_load_public_key": {"executed_lines": [108, 109, 110, 111, 112, 115, 116, 117, 118, 120], "summary": {"covered_lines": 10, "num_statements": 10, "percent_covered": 100.0, "percent_covered_display": "100.0", "missing_lines": 0, "excluded_lines": 0, "percent_statements_covered": 100.0, "percent_statements_covered_display": "100.0"}, "missing_lines": [], "excluded_lines": [], "start_line": 106}, "filter_rows_by_date": {"executed_lines": [129, 130, 131, 132, 133, 134, 135, 136, 137, 139, 140], "summary": {"covered_lines": 11, "num_statements": 12, "percent_covered": 91.66666666666667, "percent_covered_display": "91.7", "missing_lines": 1, "excluded_lines": 0, "percent_statements_covered": 91.66666666666667, "percent_statements_covered_display": "91.7"}, "missing_lines": [138], "excluded_lines": [], "start_line": 123}, "build_signed_json": {"executed_lines": [145, 146, 147, 148, 151, 161, 162, 163, 164, 166], "summary": {"covered_lines": 10, "num_statements": 12, "percent_covered": 83.33333333333333, "percent_covered_display": "83.3", "missing_lines": 2, "excluded_lines": 0, "percent_statements_covered": 83.33333333333333, "percent_statements_covered_display": "83.3"}, "missing_lines": [149, 150], "excluded_lines": [], "start_line": 143}, "_write_file": {"executed_lines": [180, 181, 185, 186], "summary": {"covered_lines": 4, "num_statements": 7, "percent_covered": 57.142857142857146, "percent_covered_display": "57.1", "missing_lines": 3, "excluded_lines": 0, "percent_statements_covered": 57.142857142857146, "percent_statements_covered_display": "57.1"}, "missing_lines": [182, 183, 184], "excluded_lines": [], "start_line": 178}, "log_export_operation": {"executed_lines": [191, 192], "summary": {"covered_lines": 2, "num_statements": 2, "percent_covered": 100.0, "percent_covered_display": "100.0", "missing_lines": 0, "excluded_lines": 0, "percent_statements_covered": 100.0, "percent_statements_covered_display": "100.0"}, "missing_lines": [], "excluded_lines": [], "start_line": 189}, "export_audit_log": {"executed_lines": [212, 214, 216, 217, 219, 220, 221, 222, 238, 239], "summary": {"covered_lines": 10, "num_statements": 24, "percent_covered": 41.666666666666664, "percent_covered_display": "41.7", "missing_lines": 14, "excluded_lines": 0, "percent_statements_covered": 41.666666666666664, "percent_statements_covered_display": "41.7"}, "missing_lines": [213, 223, 224, 225, 226, 227, 228, 229, 230, 231, 232, 233, 234, 236], "excluded_lines": [], "start_line": 203}, "": {"executed_lines": [1, 5, 6, 7, 8, 9, 11, 12, 13, 15, 16, 17, 18, 19, 20, 21, 23, 26, 31, 39, 47, 55, 64, 82, 106, 123, 143, 178, 189, 203], "summary": {"covered_lines": 30, "num_statements": 30, "percent_covered": 100.0, "percent_covered_display": "100.0", "missing_lines": 0, "excluded_lines": 0, "percent_statements_covered": 100.0, "percent_statements_covered_display": "100.0"}, "missing_lines": [], "excluded_lines": [], "start_line": 1}}, "classes": {"": {"executed_lines": [1, 5, 6, 7, 8, 9, 11, 12, 13, 15, 16, 17, 18, 19, 20, 21, 23, 26, 28, 31, 39, 47, 55, 57, 58, 59, 61, 64, 66, 67, 68, 69, 70, 79, 82, 84, 85, 87, 88, 89, 90, 91, 99, 100, 101, 102, 103, 106, 108, 109, 110, 111, 112, 115, 116, 117, 118, 120, 123, 129, 130, 131, 132, 133, 134, 135, 136, 137, 139, 140, 143, 145, 146, 147, 148, 151, 161, 162, 163, 164, 166, 178, 180, 181, 185, 186, 189, 191, 192, 203, 212, 214, 216, 217, 219, 220, 221, 222, 238, 239], "summary": {"covered_lines": 100, "num_statements": 140, "percent_covered": 71.42857142857143, "percent_covered_display": "71.4", "missing_lines": 40, "excluded_lines": 0, "percent_statements_covered": 71.42857142857143, "percent_statements_covered_display": "71.4"}, "missing_lines": [33, 34, 35, 36, 41, 42, 43, 44, 49, 50, 51, 52, 60, 92, 93, 94, 95, 96, 97, 98, 138, 149, 150, 182, 183, 184, 213, 223, 224, 225, 226, 227, 228, 229, 230, 231, 232, 233, 234, 236], "excluded_lines": [], "start_line": 1}}}, "src\\core\\audit\\log_formatters.py": {"executed_lines": [1, 5, 6, 7, 8, 11, 13, 14, 15, 16, 23, 24, 27, 29, 30, 31, 34, 43, 45, 46, 47, 48, 49, 50, 53, 55, 56, 57, 58, 59, 60, 61, 62, 64, 65, 66, 69, 71, 72, 73, 75, 76, 77, 78, 83, 88, 90, 91, 92, 93, 94, 95, 96, 97, 99, 100, 101, 102, 103, 105, 110], "summary": {"covered_lines": 61, "num_statements": 65, "percent_covered": 93.84615384615384, "percent_covered_display": "93.8", "missing_lines": 4, "excluded_lines": 0, "percent_statements_covered": 93.84615384615384, "percent_statements_covered_display": "93.8"}, "missing_lines": [36, 38, 39, 40], "excluded_lines": [], "functions": {"_rows_to_dicts": {"executed_lines": [13, 14, 15, 16, 23, 24], "summary": {"covered_lines": 6, "num_statements": 6, "percent_covered": 100.0, "percent_covered_display": "100.0", "missing_lines": 0, "excluded_lines": 0, "percent_statements_covered": 100.0, "percent_statements_covered_display": "100.0"}, "missing_lines": [], "excluded_lines": [], "start_line": 11}, "export_json": {"executed_lines": [29, 30, 31], "summary": {"covered_lines": 3, "num_statements": 3, "percent_covered": 100.0, "percent_covered_display": "100.0", "missing_lines": 0, "excluded_lines": 0, "percent_statements_covered": 100.0, "percent_statements_covered_display": "100.0"}, "missing_lines": [], "excluded_lines": [], "start_line": 27}, "export_cef": {"executed_lines": [], "summary": {"covered_lines": 0, "num_statements": 4, "percent_covered": 0.0, "percent_covered_display": "0.0", "missing_lines": 4, "excluded_lines": 0, "percent_statements_covered": 0.0, "percent_statements_covered_display": "0.0"}, "missing_lines": [36, 38, 39, 40], "excluded_lines": [], "start_line": 34}, "export_csv": {"executed_lines": [45, 46, 47, 48, 49, 50], "summary": {"covered_lines": 6, "num_statements": 6, "percent_covered": 100.0, "percent_covered_display": "100.0", "missing_lines": 0, "excluded_lines": 0, "percent_statements_covered": 100.0, "percent_statements_covered_display": "100.0"}, "missing_lines": [], "excluded_lines": [], "start_line": 43}, "export_pdf": {"executed_lines": [55, 56, 57, 58, 59, 60, 61, 62, 64, 65, 66], "summary": {"covered_lines": 11, "num_statements": 11, "percent_covered": 100.0, "percent_covered_display": "100.0", "missing_lines": 0, "excluded_lines": 0, "percent_statements_covered": 100.0, "percent_statements_covered_display": "100.0"}, "missing_lines": [], "excluded_lines": [], "start_line": 53}, "_build_simple_pdf": {"executed_lines": [71, 72, 73, 75, 76, 77, 78, 83, 88, 90, 91, 92, 93, 94, 95, 96, 97, 99, 100, 101, 102, 103, 105, 110], "summary": {"covered_lines": 24, "num_statements": 24, "percent_covered": 100.0, "percent_covered_display": "100.0", "missing_lines": 0, "excluded_lines": 0, "percent_statements_covered": 100.0, "percent_statements_covered_display": "100.0"}, "missing_lines": [], "excluded_lines": [], "start_line": 69}, "": {"executed_lines": [1, 5, 6, 7, 8, 11, 27, 34, 43, 53, 69], "summary": {"covered_lines": 11, "num_statements": 11, "percent_covered": 100.0, "percent_covered_display": "100.0", "missing_lines": 0, "excluded_lines": 0, "percent_statements_covered": 100.0, "percent_statements_covered_display": "100.0"}, "missing_lines": [], "excluded_lines": [], "start_line": 1}}, "classes": {"": {"executed_lines": [1, 5, 6, 7, 8, 11, 13, 14, 15, 16, 23, 24, 27, 29, 30, 31, 34, 43, 45, 46, 47, 48, 49, 50, 53, 55, 56, 57, 58, 59, 60, 61, 62, 64, 65, 66, 69, 71, 72, 73, 75, 76, 77, 78, 83, 88, 90, 91, 92, 93, 94, 95, 96, 97, 99, 100, 101, 102, 103, 105, 110], "summary": {"covered_lines": 61, "num_statements": 65, "percent_covered": 93.84615384615384, "percent_covered_display": "93.8", "missing_lines": 4, "excluded_lines": 0, "percent_statements_covered": 93.84615384615384, "percent_statements_covered_display": "93.8"}, "missing_lines": [36, 38, 39, 40], "excluded_lines": [], "start_line": 1}}}, "src\\core\\audit\\log_integrity.py": {"executed_lines": [1, 5, 6, 7, 8, 10, 11, 12, 14, 15, 16, 18, 19, 20, 22, 23, 25, 26, 29, 31, 34, 39, 44, 47, 48, 49, 52, 70, 82, 84, 85, 86, 87, 88, 89, 96, 98, 101, 103, 110, 111, 112, 113, 115, 116, 119, 121, 122, 123, 124, 125, 126, 127, 128, 129, 130, 131, 132, 135, 146, 155, 157, 158, 159, 162, 168, 173, 175, 176, 182, 184, 185, 187, 188, 189, 190, 191, 192, 193, 194, 196, 197, 198, 201, 203, 204, 205, 206, 207, 210, 212], "summary": {"covered_lines": 91, "num_statements": 129, "percent_covered": 70.54263565891473, "percent_covered_display": "70.5", "missing_lines": 38, "excluded_lines": 0, "percent_statements_covered": 70.54263565891473, "percent_statements_covered_display": "70.5"}, "missing_lines": [36, 41, 54, 55, 56, 57, 58, 62, 63, 64, 65, 67, 72, 73, 74, 75, 76, 77, 78, 79, 137, 138, 139, 140, 141, 142, 143, 148, 149, 150, 151, 152, 164, 165, 170, 177, 178, 179], "excluded_lines": [], "functions": {"_utc_now_iso": {"executed_lines": [31], "summary": {"covered_lines": 1, "num_statements": 1, "percent_covered": 100.0, "percent_covered_display": "100.0", "missing_lines": 0, "excluded_lines": 0, "percent_statements_covered": 100.0, "percent_statements_covered_display": "100.0"}, "missing_lines": [], "excluded_lines": [], "start_line": 29}, "get_integrity_status": {"executed_lines": [], "summary": {"covered_lines": 0, "num_statements": 1, "percent_covered": 0.0, "percent_covered_display": "0.0", "missing_lines": 1, "excluded_lines": 0, "percent_statements_covered": 0.0, "percent_statements_covered_display": "0.0"}, "missing_lines": [36], "excluded_lines": [], "start_line": 34}, "get_last_report": {"executed_lines": [], "summary": {"covered_lines": 0, "num_statements": 1, "percent_covered": 0.0, "percent_covered_display": "0.0", "missing_lines": 1, "excluded_lines": 0, "percent_statements_covered": 0.0, "percent_statements_covered_display": "0.0"}, "missing_lines": [41], "excluded_lines": [], "start_line": 39}, "_set_result": {"executed_lines": [47, 48, 49], "summary": {"covered_lines": 3, "num_statements": 3, "percent_covered": 100.0, "percent_covered_display": "100.0", "missing_lines": 0, "excluded_lines": 0, "percent_statements_covered": 100.0, "percent_statements_covered_display": "100.0"}, "missing_lines": [], "excluded_lines": [], "start_line": 44}, "_read_setting": {"executed_lines": [], "summary": {"covered_lines": 0, "num_statements": 10, "percent_covered": 0.0, "percent_covered_display": "0.0", "missing_lines": 10, "excluded_lines": 0, "percent_statements_covered": 0.0, "percent_statements_covered_display": "0.0"}, "missing_lines": [54, 55, 56, 57, 58, 62, 63, 64, 65, 67], "excluded_lines": [], "start_line": 52}, "get_verify_interval_hours": {"executed_lines": [], "summary": {"covered_lines": 0, "num_statements": 8, "percent_covered": 0.0, "percent_covered_display": "0.0", "missing_lines": 8, "excluded_lines": 0, "percent_statements_covered": 0.0, "percent_statements_covered_display": "0.0"}, "missing_lines": [72, 73, 74, 75, 76, 77, 78, 79], "excluded_lines": [], "start_line": 70}, "write_security_log": {"executed_lines": [84, 85, 86, 87, 88, 89, 96, 98], "summary": {"covered_lines": 8, "num_statements": 8, "percent_covered": 100.0, "percent_covered_display": "100.0", "missing_lines": 0, "excluded_lines": 0, "percent_statements_covered": 100.0, "percent_statements_covered_display": "100.0"}, "missing_lines": [], "excluded_lines": [], "start_line": 82}, "build_report": {"executed_lines": [103, 110, 111, 112, 113, 115, 116], "summary": {"covered_lines": 7, "num_statements": 7, "percent_covered": 100.0, "percent_covered_display": "100.0", "missing_lines": 0, "excluded_lines": 0, "percent_statements_covered": 100.0, "percent_statements_covered_display": "100.0"}, "missing_lines": [], "excluded_lines": [], "start_line": 101}, "_run_check": {"executed_lines": [121, 122, 123, 124, 125, 126, 127, 128, 129, 130, 131, 132], "summary": {"covered_lines": 12, "num_statements": 12, "percent_covered": 100.0, "percent_covered_display": "100.0", "missing_lines": 0, "excluded_lines": 0, "percent_statements_covered": 100.0, "percent_statements_covered_display": "100.0"}, "missing_lines": [], "excluded_lines": [], "start_line": 119}, "verify_on_startup": {"executed_lines": [], "summary": {"covered_lines": 0, "num_statements": 7, "percent_covered": 0.0, "percent_covered_display": "0.0", "missing_lines": 7, "excluded_lines": 0, "percent_statements_covered": 0.0, "percent_statements_covered_display": "0.0"}, "missing_lines": [137, 138, 139, 140, 141, 142, 143], "excluded_lines": [], "start_line": 135}, "verify_periodic": {"executed_lines": [], "summary": {"covered_lines": 0, "num_statements": 5, "percent_covered": 0.0, "percent_covered_display": "0.0", "missing_lines": 5, "excluded_lines": 0, "percent_statements_covered": 0.0, "percent_statements_covered_display": "0.0"}, "missing_lines": [148, 149, 150, 151, 152], "excluded_lines": [], "start_line": 146}, "verify_manual_full": {"executed_lines": [157, 158, 159], "summary": {"covered_lines": 3, "num_statements": 3, "percent_covered": 100.0, "percent_covered_display": "100.0", "missing_lines": 0, "excluded_lines": 0, "percent_statements_covered": 100.0, "percent_statements_covered_display": "100.0"}, "missing_lines": [], "excluded_lines": [], "start_line": 155}, "export_report_to_file": {"executed_lines": [], "summary": {"covered_lines": 0, "num_statements": 2, "percent_covered": 0.0, "percent_covered_display": "0.0", "missing_lines": 2, "excluded_lines": 0, "percent_statements_covered": 0.0, "percent_statements_covered_display": "0.0"}, "missing_lines": [164, 165], "excluded_lines": [], "start_line": 162}, "should_lock_on_tamper": {"executed_lines": [], "summary": {"covered_lines": 0, "num_statements": 1, "percent_covered": 0.0, "percent_covered_display": "0.0", "missing_lines": 1, "excluded_lines": 0, "percent_statements_covered": 0.0, "percent_statements_covered_display": "0.0"}, "missing_lines": [170], "excluded_lines": [], "start_line": 168}, "safe_verify_manual_full": {"executed_lines": [175, 176], "summary": {"covered_lines": 2, "num_statements": 5, "percent_covered": 40.0, "percent_covered_display": "40.0", "missing_lines": 3, "excluded_lines": 0, "percent_statements_covered": 40.0, "percent_statements_covered_display": "40.0"}, "missing_lines": [177, 178, 179], "excluded_lines": [], "start_line": 173}, "recover_audit_log_clear": {"executed_lines": [184, 185, 187, 188, 189, 190, 191, 192, 193, 194, 196, 197, 198], "summary": {"covered_lines": 13, "num_statements": 13, "percent_covered": 100.0, "percent_covered_display": "100.0", "missing_lines": 0, "excluded_lines": 0, "percent_statements_covered": 100.0, "percent_statements_covered_display": "100.0"}, "missing_lines": [], "excluded_lines": [], "start_line": 182}, "check_audit_table_exists": {"executed_lines": [203, 204, 205, 206, 207, 210, 212], "summary": {"covered_lines": 7, "num_statements": 7, "percent_covered": 100.0, "percent_covered_display": "100.0", "missing_lines": 0, "excluded_lines": 0, "percent_statements_covered": 100.0, "percent_statements_covered_display": "100.0"}, "missing_lines": [], "excluded_lines": [], "start_line": 201}, "": {"executed_lines": [1, 5, 6, 7, 8, 10, 11, 12, 14, 15, 16, 18, 19, 20, 22, 23, 25, 26, 29, 34, 39, 44, 52, 70, 82, 101, 119, 135, 146, 155, 162, 168, 173, 182, 201], "summary": {"covered_lines": 35, "num_statements": 35, "percent_covered": 100.0, "percent_covered_display": "100.0", "missing_lines": 0, "excluded_lines": 0, "percent_statements_covered": 100.0, "percent_statements_covered_display": "100.0"}, "missing_lines": [], "excluded_lines": [], "start_line": 1}}, "classes": {"": {"executed_lines": [1, 5, 6, 7, 8, 10, 11, 12, 14, 15, 16, 18, 19, 20, 22, 23, 25, 26, 29, 31, 34, 39, 44, 47, 48, 49, 52, 70, 82, 84, 85, 86, 87, 88, 89, 96, 98, 101, 103, 110, 111, 112, 113, 115, 116, 119, 121, 122, 123, 124, 125, 126, 127, 128, 129, 130, 131, 132, 135, 146, 155, 157, 158, 159, 162, 168, 173, 175, 176, 182, 184, 185, 187, 188, 189, 190, 191, 192, 193, 194, 196, 197, 198, 201, 203, 204, 205, 206, 207, 210, 212], "summary": {"covered_lines": 91, "num_statements": 129, "percent_covered": 70.54263565891473, "percent_covered_display": "70.5", "missing_lines": 38, "excluded_lines": 0, "percent_statements_covered": 70.54263565891473, "percent_statements_covered_display": "70.5"}, "missing_lines": [36, 41, 54, 55, 56, 57, 58, 62, 63, 64, 65, 67, 72, 73, 74, 75, 76, 77, 78, 79, 137, 138, 139, 140, 141, 142, 143, 148, 149, 150, 151, 152, 164, 165, 170, 177, 178, 179], "excluded_lines": [], "start_line": 1}}}, "src\\core\\audit\\log_signer.py": {"executed_lines": [1, 5, 6, 7, 9, 10, 11, 13, 15, 17, 18, 19, 20, 22, 23, 24, 27, 29, 30, 32, 33, 38, 40, 41, 42, 48, 51, 53, 54, 56, 57, 58, 62, 63, 64, 65, 66, 67, 68, 69, 80, 83, 85, 86, 87, 90, 92, 95, 97, 98, 99, 100, 101, 106, 107, 108, 109, 110, 111, 112, 117, 119, 120, 121, 126, 128, 129, 130, 131, 134, 136, 137, 139, 140, 141, 142, 143, 148, 150, 151, 153, 154, 157, 159, 161, 162, 163, 166, 169], "summary": {"covered_lines": 89, "num_statements": 116, "percent_covered": 76.72413793103448, "percent_covered_display": "76.7", "missing_lines": 27, "excluded_lines": 0, "percent_statements_covered": 76.72413793103448, "percent_statements_covered_display": "76.7"}, "missing_lines": [31, 34, 35, 55, 59, 60, 70, 71, 78, 102, 103, 113, 114, 122, 123, 138, 144, 145, 152, 160, 164, 171, 172, 173, 174, 175, 176], "excluded_lines": [], "functions": {"_get_master_salt": {"executed_lines": [29, 30, 32, 33], "summary": {"covered_lines": 4, "num_statements": 7, "percent_covered": 57.142857142857146, "percent_covered_display": "57.1", "missing_lines": 3, "excluded_lines": 0, "percent_statements_covered": 57.142857142857146, "percent_statements_covered_display": "57.1"}, "missing_lines": [31, 34, 35], "excluded_lines": [], "start_line": 27}, "derive_audit_signing_key": {"executed_lines": [40, 41, 42, 48], "summary": {"covered_lines": 4, "num_statements": 4, "percent_covered": 100.0, "percent_covered_display": "100.0", "missing_lines": 0, "excluded_lines": 0, "percent_statements_covered": 100.0, "percent_statements_covered_display": "100.0"}, "missing_lines": [], "excluded_lines": [], "start_line": 38}, "_save_public_key_once": {"executed_lines": [53, 54, 56, 57, 58, 62, 63, 64, 65, 66, 67, 68, 69, 80], "summary": {"covered_lines": 14, "num_statements": 20, "percent_covered": 70.0, "percent_covered_display": "70.0", "missing_lines": 6, "excluded_lines": 0, "percent_statements_covered": 70.0, "percent_statements_covered_display": "70.0"}, "missing_lines": [55, 59, 60, 70, 71, 78], "excluded_lines": [], "start_line": 51}, "cache_audit_signing_key": {"executed_lines": [85, 86, 87], "summary": {"covered_lines": 3, "num_statements": 3, "percent_covered": 100.0, "percent_covered_display": "100.0", "missing_lines": 0, "excluded_lines": 0, "percent_statements_covered": 100.0, "percent_statements_covered_display": "100.0"}, "missing_lines": [], "excluded_lines": [], "start_line": 83}, "get_audit_signing_key": {"executed_lines": [92], "summary": {"covered_lines": 1, "num_statements": 1, "percent_covered": 100.0, "percent_covered_display": "100.0", "missing_lines": 0, "excluded_lines": 0, "percent_statements_covered": 100.0, "percent_statements_covered_display": "100.0"}, "missing_lines": [], "excluded_lines": [], "start_line": 90}, "_ed25519_private_key": {"executed_lines": [97, 98, 99, 100, 101], "summary": {"covered_lines": 5, "num_statements": 7, "percent_covered": 71.42857142857143, "percent_covered_display": "71.4", "missing_lines": 2, "excluded_lines": 0, "percent_statements_covered": 71.42857142857143, "percent_statements_covered_display": "71.4"}, "missing_lines": [102, 103], "excluded_lines": [], "start_line": 95}, "_sign_ed25519": {"executed_lines": [107, 108, 109, 110, 111, 112], "summary": {"covered_lines": 6, "num_statements": 8, "percent_covered": 75.0, "percent_covered_display": "75.0", "missing_lines": 2, "excluded_lines": 0, "percent_statements_covered": 75.0, "percent_statements_covered_display": "75.0"}, "missing_lines": [113, 114], "excluded_lines": [], "start_line": 106}, "_sign_hmac": {"executed_lines": [119, 120, 121], "summary": {"covered_lines": 3, "num_statements": 5, "percent_covered": 60.0, "percent_covered_display": "60.0", "missing_lines": 2, "excluded_lines": 0, "percent_statements_covered": 60.0, "percent_statements_covered_display": "60.0"}, "missing_lines": [122, 123], "excluded_lines": [], "start_line": 117}, "sign_bytes": {"executed_lines": [128, 129, 130, 131], "summary": {"covered_lines": 4, "num_statements": 4, "percent_covered": 100.0, "percent_covered_display": "100.0", "missing_lines": 0, "excluded_lines": 0, "percent_statements_covered": 100.0, "percent_statements_covered_display": "100.0"}, "missing_lines": [], "excluded_lines": [], "start_line": 126}, "_verify_ed25519": {"executed_lines": [136, 137, 139, 140, 141, 142, 143], "summary": {"covered_lines": 7, "num_statements": 10, "percent_covered": 70.0, "percent_covered_display": "70.0", "missing_lines": 3, "excluded_lines": 0, "percent_statements_covered": 70.0, "percent_statements_covered_display": "70.0"}, "missing_lines": [138, 144, 145], "excluded_lines": [], "start_line": 134}, "_verify_hmac": {"executed_lines": [150, 151, 153, 154], "summary": {"covered_lines": 4, "num_statements": 5, "percent_covered": 80.0, "percent_covered_display": "80.0", "missing_lines": 1, "excluded_lines": 0, "percent_statements_covered": 80.0, "percent_statements_covered_display": "80.0"}, "missing_lines": [152], "excluded_lines": [], "start_line": 148}, "verify_bytes": {"executed_lines": [159, 161, 162, 163, 166], "summary": {"covered_lines": 5, "num_statements": 7, "percent_covered": 71.42857142857143, "percent_covered_display": "71.4", "missing_lines": 2, "excluded_lines": 0, "percent_statements_covered": 71.42857142857143, "percent_statements_covered_display": "71.4"}, "missing_lines": [160, 164], "excluded_lines": [], "start_line": 157}, "get_signing_algorithm_name": {"executed_lines": [], "summary": {"covered_lines": 0, "num_statements": 6, "percent_covered": 0.0, "percent_covered_display": "0.0", "missing_lines": 6, "excluded_lines": 0, "percent_statements_covered": 0.0, "percent_statements_covered_display": "0.0"}, "missing_lines": [171, 172, 173, 174, 175, 176], "excluded_lines": [], "start_line": 169}, "": {"executed_lines": [1, 5, 6, 7, 9, 10, 11, 13, 15, 17, 18, 19, 20, 22, 23, 24, 27, 38, 51, 83, 90, 95, 106, 117, 126, 134, 148, 157, 169], "summary": {"covered_lines": 29, "num_statements": 29, "percent_covered": 100.0, "percent_covered_display": "100.0", "missing_lines": 0, "excluded_lines": 0, "percent_statements_covered": 100.0, "percent_statements_covered_display": "100.0"}, "missing_lines": [], "excluded_lines": [], "start_line": 1}}, "classes": {"": {"executed_lines": [1, 5, 6, 7, 9, 10, 11, 13, 15, 17, 18, 19, 20, 22, 23, 24, 27, 29, 30, 32, 33, 38, 40, 41, 42, 48, 51, 53, 54, 56, 57, 58, 62, 63, 64, 65, 66, 67, 68, 69, 80, 83, 85, 86, 87, 90, 92, 95, 97, 98, 99, 100, 101, 106, 107, 108, 109, 110, 111, 112, 117, 119, 120, 121, 126, 128, 129, 130, 131, 134, 136, 137, 139, 140, 141, 142, 143, 148, 150, 151, 153, 154, 157, 159, 161, 162, 163, 166, 169], "summary": {"covered_lines": 89, "num_statements": 116, "percent_covered": 76.72413793103448, "percent_covered_display": "76.7", "missing_lines": 27, "excluded_lines": 0, "percent_statements_covered": 76.72413793103448, "percent_statements_covered_display": "76.7"}, "missing_lines": [31, 34, 35, 55, 59, 60, 70, 71, 78, 102, 103, 113, 114, 122, 123, 138, 144, 145, 152, 160, 164, 171, 172, 173, 174, 175, 176], "excluded_lines": [], "start_line": 1}}}, "src\\core\\audit\\log_storage.py": {"executed_lines": [1, 5, 7, 9, 10, 12, 13, 16, 21, 23, 24, 28, 29, 31, 34, 36, 37, 38, 43, 45, 46, 47, 52, 54, 55, 56, 57, 62, 65, 67, 68, 69, 70, 71, 79, 87, 89, 92, 107, 109, 111, 112, 113, 114, 115, 116, 117, 119, 120, 121, 140, 141, 142, 150, 151, 159, 161, 162], "summary": {"covered_lines": 58, "num_statements": 77, "percent_covered": 75.32467532467533, "percent_covered_display": "75.3", "missing_lines": 19, "excluded_lines": 0, "percent_statements_covered": 75.32467532467533, "percent_statements_covered_display": "75.3"}, "missing_lines": [18, 30, 39, 40, 48, 49, 94, 95, 96, 97, 122, 123, 132, 133, 134, 135, 152, 153, 154], "excluded_lines": [], "functions": {"_utc_now_iso": {"executed_lines": [], "summary": {"covered_lines": 0, "num_statements": 1, "percent_covered": 0.0, "percent_covered_display": "0.0", "missing_lines": 1, "excluded_lines": 0, "percent_statements_covered": 0.0, "percent_statements_covered_display": "0.0"}, "missing_lines": [18], "excluded_lines": [], "start_line": 16}, "_read_setting": {"executed_lines": [23, 24, 28, 29, 31], "summary": {"covered_lines": 5, "num_statements": 6, "percent_covered": 83.33333333333333, "percent_covered_display": "83.3", "missing_lines": 1, "excluded_lines": 0, "percent_statements_covered": 83.33333333333333, "percent_statements_covered_display": "83.3"}, "missing_lines": [30], "excluded_lines": [], "start_line": 21}, "get_max_entries": {"executed_lines": [36, 37, 38], "summary": {"covered_lines": 3, "num_statements": 5, "percent_covered": 60.0, "percent_covered_display": "60.0", "missing_lines": 2, "excluded_lines": 0, "percent_statements_covered": 60.0, "percent_statements_covered_display": "60.0"}, "missing_lines": [39, 40], "excluded_lines": [], "start_line": 34}, "get_max_age_days": {"executed_lines": [45, 46, 47], "summary": {"covered_lines": 3, "num_statements": 5, "percent_covered": 60.0, "percent_covered_display": "60.0", "missing_lines": 2, "excluded_lines": 0, "percent_statements_covered": 60.0, "percent_statements_covered_display": "60.0"}, "missing_lines": [48, 49], "excluded_lines": [], "start_line": 43}, "get_retention_policy": {"executed_lines": [54, 55, 56, 57, 62], "summary": {"covered_lines": 5, "num_statements": 5, "percent_covered": 100.0, "percent_covered_display": "100.0", "missing_lines": 0, "excluded_lines": 0, "percent_statements_covered": 100.0, "percent_statements_covered_display": "100.0"}, "missing_lines": [], "excluded_lines": [], "start_line": 52}, "set_rotation_policy": {"executed_lines": [67, 68, 69, 70, 71, 79, 87, 89], "summary": {"covered_lines": 8, "num_statements": 8, "percent_covered": 100.0, "percent_covered_display": "100.0", "missing_lines": 0, "excluded_lines": 0, "percent_statements_covered": 100.0, "percent_statements_covered_display": "100.0"}, "missing_lines": [], "excluded_lines": [], "start_line": 65}, "_archive_rows": {"executed_lines": [], "summary": {"covered_lines": 0, "num_statements": 4, "percent_covered": 0.0, "percent_covered_display": "0.0", "missing_lines": 4, "excluded_lines": 0, "percent_statements_covered": 0.0, "percent_statements_covered_display": "0.0"}, "missing_lines": [94, 95, 96, 97], "excluded_lines": [], "start_line": 92}, "apply_log_rotation": {"executed_lines": [109, 111, 112, 113, 114, 115, 116, 117, 119, 120, 121, 140, 141, 142, 150, 151, 159, 161, 162], "summary": {"covered_lines": 19, "num_statements": 28, "percent_covered": 67.85714285714286, "percent_covered_display": "67.9", "missing_lines": 9, "excluded_lines": 0, "percent_statements_covered": 67.85714285714286, "percent_statements_covered_display": "67.9"}, "missing_lines": [122, 123, 132, 133, 134, 135, 152, 153, 154], "excluded_lines": [], "start_line": 107}, "": {"executed_lines": [1, 5, 7, 9, 10, 12, 13, 16, 21, 34, 43, 52, 65, 92, 107], "summary": {"covered_lines": 15, "num_statements": 15, "percent_covered": 100.0, "percent_covered_display": "100.0", "missing_lines": 0, "excluded_lines": 0, "percent_statements_covered": 100.0, "percent_statements_covered_display": "100.0"}, "missing_lines": [], "excluded_lines": [], "start_line": 1}}, "classes": {"": {"executed_lines": [1, 5, 7, 9, 10, 12, 13, 16, 21, 23, 24, 28, 29, 31, 34, 36, 37, 38, 43, 45, 46, 47, 52, 54, 55, 56, 57, 62, 65, 67, 68, 69, 70, 71, 79, 87, 89, 92, 107, 109, 111, 112, 113, 114, 115, 116, 117, 119, 120, 121, 140, 141, 142, 150, 151, 159, 161, 162], "summary": {"covered_lines": 58, "num_statements": 77, "percent_covered": 75.32467532467533, "percent_covered_display": "75.3", "missing_lines": 19, "excluded_lines": 0, "percent_statements_covered": 75.32467532467533, "percent_statements_covered_display": "75.3"}, "missing_lines": [18, 30, 39, 40, 48, 49, 94, 95, 96, 97, 122, 123, 132, 133, 134, 135, 152, 153, 154], "excluded_lines": [], "start_line": 1}}}, "src\\core\\audit\\log_verifier.py": {"executed_lines": [1, 5, 6, 7, 9, 12, 14, 17, 19, 25, 28, 30, 32, 33, 34, 35, 36, 37, 38, 41, 49, 52, 53, 54, 55, 56, 59, 60, 61, 62, 64, 65, 67, 74, 75, 77, 85, 88, 91, 94, 96, 97, 98, 100, 101, 102, 103, 104, 105, 107, 108, 109, 111, 112, 114, 115, 117, 118, 120, 121, 122], "summary": {"covered_lines": 61, "num_statements": 64, "percent_covered": 95.3125, "percent_covered_display": "95.3", "missing_lines": 3, "excluded_lines": 0, "percent_statements_covered": 95.3125, "percent_statements_covered_display": "95.3"}, "missing_lines": [31, 86, 89], "excluded_lines": [], "functions": {"compute_entry_hash": {"executed_lines": [14], "summary": {"covered_lines": 1, "num_statements": 1, "percent_covered": 100.0, "percent_covered_display": "100.0", "missing_lines": 0, "excluded_lines": 0, "percent_statements_covered": 100.0, "percent_statements_covered_display": "100.0"}, "missing_lines": [], "excluded_lines": [], "start_line": 12}, "build_signed_payload_bytes": {"executed_lines": [19, 25], "summary": {"covered_lines": 2, "num_statements": 2, "percent_covered": 100.0, "percent_covered_display": "100.0", "missing_lines": 0, "excluded_lines": 0, "percent_statements_covered": 100.0, "percent_statements_covered_display": "100.0"}, "missing_lines": [], "excluded_lines": [], "start_line": 17}, "parse_stored_details": {"executed_lines": [30, 32, 33, 34, 35, 36, 37, 38], "summary": {"covered_lines": 8, "num_statements": 9, "percent_covered": 88.88888888888889, "percent_covered_display": "88.9", "missing_lines": 1, "excluded_lines": 0, "percent_statements_covered": 88.88888888888889, "percent_statements_covered_display": "88.9"}, "missing_lines": [31], "excluded_lines": [], "start_line": 28}, "verify_single_row": {"executed_lines": [49, 52, 53, 54, 55, 56, 59, 60, 61, 62, 64, 65, 67, 74, 75, 77, 85, 88, 91], "summary": {"covered_lines": 19, "num_statements": 21, "percent_covered": 90.47619047619048, "percent_covered_display": "90.5", "missing_lines": 2, "excluded_lines": 0, "percent_statements_covered": 90.47619047619048, "percent_statements_covered_display": "90.5"}, "missing_lines": [86, 89], "excluded_lines": [], "start_line": 41}, "verify_chain": {"executed_lines": [96, 97, 98, 100, 101, 102, 103, 104, 105, 107, 108, 109, 111, 112, 114, 115, 117, 118, 120, 121, 122], "summary": {"covered_lines": 21, "num_statements": 21, "percent_covered": 100.0, "percent_covered_display": "100.0", "missing_lines": 0, "excluded_lines": 0, "percent_statements_covered": 100.0, "percent_statements_covered_display": "100.0"}, "missing_lines": [], "excluded_lines": [], "start_line": 94}, "": {"executed_lines": [1, 5, 6, 7, 9, 12, 17, 28, 41, 94], "summary": {"covered_lines": 10, "num_statements": 10, "percent_covered": 100.0, "percent_covered_display": "100.0", "missing_lines": 0, "excluded_lines": 0, "percent_statements_covered": 100.0, "percent_statements_covered_display": "100.0"}, "missing_lines": [], "excluded_lines": [], "start_line": 1}}, "classes": {"": {"executed_lines": [1, 5, 6, 7, 9, 12, 14, 17, 19, 25, 28, 30, 32, 33, 34, 35, 36, 37, 38, 41, 49, 52, 53, 54, 55, 56, 59, 60, 61, 62, 64, 65, 67, 74, 75, 77, 85, 88, 91, 94, 96, 97, 98, 100, 101, 102, 103, 104, 105, 107, 108, 109, 111, 112, 114, 115, 117, 118, 120, 121, 122], "summary": {"covered_lines": 61, "num_statements": 64, "percent_covered": 95.3125, "percent_covered_display": "95.3", "missing_lines": 3, "excluded_lines": 0, "percent_statements_covered": 95.3125, "percent_statements_covered_display": "95.3"}, "missing_lines": [31, 86, 89], "excluded_lines": [], "start_line": 1}}}, "src\\core\\clipboard\\__init__.py": {"executed_lines": [3, 4, 5, 15], "summary": {"covered_lines": 4, "num_statements": 4, "percent_covered": 100.0, "percent_covered_display": "100.0", "missing_lines": 0, "excluded_lines": 0, "percent_statements_covered": 100.0, "percent_statements_covered_display": "100.0"}, "missing_lines": [], "excluded_lines": [], "functions": {"": {"executed_lines": [3, 4, 5, 15], "summary": {"covered_lines": 4, "num_statements": 4, "percent_covered": 100.0, "percent_covered_display": "100.0", "missing_lines": 0, "excluded_lines": 0, "percent_statements_covered": 100.0, "percent_statements_covered_display": "100.0"}, "missing_lines": [], "excluded_lines": [], "start_line": 1}}, "classes": {"": {"executed_lines": [3, 4, 5, 15], "summary": {"covered_lines": 4, "num_statements": 4, "percent_covered": 100.0, "percent_covered_display": "100.0", "missing_lines": 0, "excluded_lines": 0, "percent_statements_covered": 100.0, "percent_statements_covered_display": "100.0"}, "missing_lines": [], "excluded_lines": [], "start_line": 1}}}, "src\\core\\clipboard\\clipboard_monitor.py": {"executed_lines": [1, 5, 6, 7, 9, 12, 15, 23, 24, 25, 26, 27, 28, 30, 32, 34, 35, 36, 37, 39, 41, 42, 43, 45, 47, 48, 49, 53, 55, 56, 57, 58, 59, 60], "summary": {"covered_lines": 34, "num_statements": 37, "percent_covered": 91.89189189189189, "percent_covered_display": "91.9", "missing_lines": 3, "excluded_lines": 0, "percent_statements_covered": 91.89189189189189, "percent_statements_covered_display": "91.9"}, "missing_lines": [33, 50, 51], "excluded_lines": [], "functions": {"ClipboardMonitor.__init__": {"executed_lines": [23, 24, 25, 26, 27, 28], "summary": {"covered_lines": 6, "num_statements": 6, "percent_covered": 100.0, "percent_covered_display": "100.0", "missing_lines": 0, "excluded_lines": 0, "percent_statements_covered": 100.0, "percent_statements_covered_display": "100.0"}, "missing_lines": [], "excluded_lines": [], "start_line": 15}, "ClipboardMonitor.start": {"executed_lines": [32, 34, 35, 36, 37], "summary": {"covered_lines": 5, "num_statements": 6, "percent_covered": 83.33333333333333, "percent_covered_display": "83.3", "missing_lines": 1, "excluded_lines": 0, "percent_statements_covered": 83.33333333333333, "percent_statements_covered_display": "83.3"}, "missing_lines": [33], "excluded_lines": [], "start_line": 30}, "ClipboardMonitor.stop": {"executed_lines": [41, 42, 43], "summary": {"covered_lines": 3, "num_statements": 3, "percent_covered": 100.0, "percent_covered_display": "100.0", "missing_lines": 0, "excluded_lines": 0, "percent_statements_covered": 100.0, "percent_statements_covered_display": "100.0"}, "missing_lines": [], "excluded_lines": [], "start_line": 39}, "ClipboardMonitor._safe_get_text": {"executed_lines": [47, 48, 49], "summary": {"covered_lines": 3, "num_statements": 5, "percent_covered": 60.0, "percent_covered_display": "60.0", "missing_lines": 2, "excluded_lines": 0, "percent_statements_covered": 60.0, "percent_statements_covered_display": "60.0"}, "missing_lines": [50, 51], "excluded_lines": [], "start_line": 45}, "ClipboardMonitor._loop": {"executed_lines": [55, 56, 57, 58, 59, 60], "summary": {"covered_lines": 6, "num_statements": 6, "percent_covered": 100.0, "percent_covered_display": "100.0", "missing_lines": 0, "excluded_lines": 0, "percent_statements_covered": 100.0, "percent_statements_covered_display": "100.0"}, "missing_lines": [], "excluded_lines": [], "start_line": 53}, "": {"executed_lines": [1, 5, 6, 7, 9, 12, 15, 30, 39, 45, 53], "summary": {"covered_lines": 11, "num_statements": 11, "percent_covered": 100.0, "percent_covered_display": "100.0", "missing_lines": 0, "excluded_lines": 0, "percent_statements_covered": 100.0, "percent_statements_covered_display": "100.0"}, "missing_lines": [], "excluded_lines": [], "start_line": 1}}, "classes": {"ClipboardMonitor": {"executed_lines": [23, 24, 25, 26, 27, 28, 32, 34, 35, 36, 37, 41, 42, 43, 47, 48, 49, 55, 56, 57, 58, 59, 60], "summary": {"covered_lines": 23, "num_statements": 26, "percent_covered": 88.46153846153847, "percent_covered_display": "88.5", "missing_lines": 3, "excluded_lines": 0, "percent_statements_covered": 88.46153846153847, "percent_statements_covered_display": "88.5"}, "missing_lines": [33, 50, 51], "excluded_lines": [], "start_line": 12}, "": {"executed_lines": [1, 5, 6, 7, 9, 12, 15, 30, 39, 45, 53], "summary": {"covered_lines": 11, "num_statements": 11, "percent_covered": 100.0, "percent_covered_display": "100.0", "missing_lines": 0, "excluded_lines": 0, "percent_statements_covered": 100.0, "percent_statements_covered_display": "100.0"}, "missing_lines": [], "excluded_lines": [], "start_line": 1}}}, "src\\core\\clipboard\\clipboard_service.py": {"executed_lines": [1, 5, 6, 7, 8, 9, 10, 11, 12, 13, 14, 15, 16, 21, 23, 25, 26, 28, 29, 30, 31, 32, 33, 34, 36, 38, 39, 40, 41, 42, 43, 44, 45, 46, 47, 49, 51, 52, 53, 55, 56, 58, 60, 61, 62, 63, 67, 74, 75, 76, 77, 78, 79, 80, 81, 82, 83, 84, 85, 87, 89, 91, 92, 93, 94, 95, 99, 101, 106, 107, 109, 111, 112, 113, 117, 119, 121, 122, 124, 126, 127, 129, 136, 137, 138, 139, 140, 142, 143, 151, 152, 153, 154, 155, 156, 158, 159, 166, 168, 169, 170, 171, 173, 174, 186, 187, 188, 189, 190, 192, 199, 200, 201, 203, 205, 207, 208, 209, 210, 211, 212, 213, 215, 216, 223, 224, 226, 228, 229, 231, 233, 234, 235, 237, 242, 243, 244, 246, 248, 249, 250, 252, 253, 268, 269, 270, 271, 272, 273, 274, 275, 276, 277, 278, 279, 280, 282, 283, 284, 286, 288, 289, 290, 292, 293, 300, 302, 303, 305, 306, 307, 309, 310, 317, 319, 320, 322, 324, 326, 327, 329, 330, 331, 332, 333, 335, 337, 338, 339, 340, 342, 345, 347, 349, 350, 351, 352, 354, 356, 359, 360, 361, 363, 365, 366, 368, 373, 374, 375, 376, 377, 379, 381, 383, 384, 385, 386, 388, 390, 392, 393, 394, 398, 400, 402, 404, 406, 408, 409, 410, 411, 412, 413, 421, 423, 425, 426, 427, 428, 429, 430, 438, 440, 442, 444, 445, 446, 448, 450, 451, 452, 456, 462, 464, 465, 466, 468, 470, 471, 473, 475, 476, 477, 478, 483, 484, 485, 486, 487, 489, 491, 492, 494, 496, 497, 499, 508, 510, 511, 512, 513, 514, 515, 517, 519, 521, 522, 529, 530, 531, 533, 535, 536, 538, 539, 540, 542, 544, 546, 547], "summary": {"covered_lines": 300, "num_statements": 351, "percent_covered": 85.47008547008546, "percent_covered_display": "85.5", "missing_lines": 51, "excluded_lines": 0, "percent_statements_covered": 85.47008547008546, "percent_statements_covered_display": "85.5"}, "missing_lines": [64, 65, 175, 184, 206, 255, 264, 304, 325, 328, 343, 353, 355, 358, 382, 391, 395, 396, 401, 407, 414, 415, 416, 417, 418, 419, 424, 431, 432, 433, 434, 435, 436, 453, 454, 458, 459, 460, 467, 469, 501, 502, 503, 504, 505, 506, 516, 545, 548, 549, 550], "excluded_lines": [], "functions": {"SecureClipboardItem.secure_wipe": {"executed_lines": [38, 39, 40, 41, 42, 43, 44, 45, 46, 47], "summary": {"covered_lines": 10, "num_statements": 10, "percent_covered": 100.0, "percent_covered_display": "100.0", "missing_lines": 0, "excluded_lines": 0, "percent_statements_covered": 100.0, "percent_statements_covered_display": "100.0"}, "missing_lines": [], "excluded_lines": [], "start_line": 36}, "ClipboardService._entry_id_from_source": {"executed_lines": [60, 61, 62, 63], "summary": {"covered_lines": 4, "num_statements": 6, "percent_covered": 66.66666666666667, "percent_covered_display": "66.7", "missing_lines": 2, "excluded_lines": 0, "percent_statements_covered": 66.66666666666667, "percent_statements_covered_display": "66.7"}, "missing_lines": [64, 65], "excluded_lines": [], "start_line": 58}, "ClipboardService.__init__": {"executed_lines": [74, 75, 76, 77, 78, 79, 80, 81, 82, 83, 84, 85, 87], "summary": {"covered_lines": 13, "num_statements": 13, "percent_covered": 100.0, "percent_covered_display": "100.0", "missing_lines": 0, "excluded_lines": 0, "percent_statements_covered": 100.0, "percent_statements_covered_display": "100.0"}, "missing_lines": [], "excluded_lines": [], "start_line": 67}, "ClipboardService.start": {"executed_lines": [91, 92, 93, 94, 95, 99, 101, 106, 107], "summary": {"covered_lines": 9, "num_statements": 9, "percent_covered": 100.0, "percent_covered_display": "100.0", "missing_lines": 0, "excluded_lines": 0, "percent_statements_covered": 100.0, "percent_statements_covered_display": "100.0"}, "missing_lines": [], "excluded_lines": [], "start_line": 89}, "ClipboardService.stop": {"executed_lines": [111, 112, 113, 117], "summary": {"covered_lines": 4, "num_statements": 4, "percent_covered": 100.0, "percent_covered_display": "100.0", "missing_lines": 0, "excluded_lines": 0, "percent_statements_covered": 100.0, "percent_statements_covered_display": "100.0"}, "missing_lines": [], "excluded_lines": [], "start_line": 109}, "ClipboardService.subscribe": {"executed_lines": [121, 122], "summary": {"covered_lines": 2, "num_statements": 2, "percent_covered": 100.0, "percent_covered_display": "100.0", "missing_lines": 0, "excluded_lines": 0, "percent_statements_covered": 100.0, "percent_statements_covered_display": "100.0"}, "missing_lines": [], "excluded_lines": [], "start_line": 119}, "ClipboardService.unsubscribe": {"executed_lines": [126, 127], "summary": {"covered_lines": 2, "num_statements": 2, "percent_covered": 100.0, "percent_covered_display": "100.0", "missing_lines": 0, "excluded_lines": 0, "percent_statements_covered": 100.0, "percent_statements_covered_display": "100.0"}, "missing_lines": [], "excluded_lines": [], "start_line": 124}, "ClipboardService.copy_to_clipboard": {"executed_lines": [136, 137, 138, 139, 140, 142, 143, 151, 152, 153, 154, 155, 156, 158, 159, 166, 168, 169, 170, 171, 173, 174, 186, 187, 188, 189, 190, 192, 199, 200, 201], "summary": {"covered_lines": 31, "num_statements": 33, "percent_covered": 93.93939393939394, "percent_covered_display": "93.9", "missing_lines": 2, "excluded_lines": 0, "percent_statements_covered": 93.93939393939394, "percent_statements_covered_display": "93.9"}, "missing_lines": [175, 184], "excluded_lines": [], "start_line": 129}, "ClipboardService.copy_ephemeral": {"executed_lines": [205, 207, 208, 209, 210, 211, 212, 213, 215, 216, 223, 224], "summary": {"covered_lines": 12, "num_statements": 13, "percent_covered": 92.3076923076923, "percent_covered_display": "92.3", "missing_lines": 1, "excluded_lines": 0, "percent_statements_covered": 92.3076923076923, "percent_statements_covered_display": "92.3"}, "missing_lines": [206], "excluded_lines": [], "start_line": 203}, "ClipboardService.clear_clipboard": {"executed_lines": [228, 229], "summary": {"covered_lines": 2, "num_statements": 2, "percent_covered": 100.0, "percent_covered_display": "100.0", "missing_lines": 0, "excluded_lines": 0, "percent_statements_covered": 100.0, "percent_statements_covered_display": "100.0"}, "missing_lines": [], "excluded_lines": [], "start_line": 226}, "ClipboardService._on_timeout": {"executed_lines": [233, 234, 235, 237, 242, 243, 244], "summary": {"covered_lines": 7, "num_statements": 7, "percent_covered": 100.0, "percent_covered_display": "100.0", "missing_lines": 0, "excluded_lines": 0, "percent_statements_covered": 100.0, "percent_statements_covered_display": "100.0"}, "missing_lines": [], "excluded_lines": [], "start_line": 231}, "ClipboardService._clear_clipboard": {"executed_lines": [248, 249, 250, 252, 253, 268, 269, 270, 271, 272, 273, 274, 275, 276, 277, 278, 279, 280, 282, 283, 284], "summary": {"covered_lines": 21, "num_statements": 23, "percent_covered": 91.30434782608695, "percent_covered_display": "91.3", "missing_lines": 2, "excluded_lines": 0, "percent_statements_covered": 91.30434782608695, "percent_statements_covered_display": "91.3"}, "missing_lines": [255, 264], "excluded_lines": [], "start_line": 246}, "ClipboardService.get_clipboard_status": {"executed_lines": [288, 289, 290, 292, 293], "summary": {"covered_lines": 5, "num_statements": 5, "percent_covered": 100.0, "percent_covered_display": "100.0", "missing_lines": 0, "excluded_lines": 0, "percent_statements_covered": 100.0, "percent_statements_covered_display": "100.0"}, "missing_lines": [], "excluded_lines": [], "start_line": 286}, "ClipboardService.get_clipboard_preview": {"executed_lines": [302, 303, 305, 306, 307, 309, 310], "summary": {"covered_lines": 7, "num_statements": 8, "percent_covered": 87.5, "percent_covered_display": "87.5", "missing_lines": 1, "excluded_lines": 0, "percent_statements_covered": 87.5, "percent_statements_covered_display": "87.5"}, "missing_lines": [304], "excluded_lines": [], "start_line": 300}, "ClipboardService.set_timeout_seconds": {"executed_lines": [319, 320], "summary": {"covered_lines": 2, "num_statements": 2, "percent_covered": 100.0, "percent_covered_display": "100.0", "missing_lines": 0, "excluded_lines": 0, "percent_statements_covered": 100.0, "percent_statements_covered_display": "100.0"}, "missing_lines": [], "excluded_lines": [], "start_line": 317}, "ClipboardService._get_remaining_time": {"executed_lines": [324, 326, 327, 329, 330, 331, 332, 333], "summary": {"covered_lines": 8, "num_statements": 10, "percent_covered": 80.0, "percent_covered_display": "80.0", "missing_lines": 2, "excluded_lines": 0, "percent_statements_covered": 80.0, "percent_statements_covered_display": "80.0"}, "missing_lines": [325, 328], "excluded_lines": [], "start_line": 322}, "ClipboardService.copy_secret": {"executed_lines": [337, 338, 339, 340, 342, 345], "summary": {"covered_lines": 6, "num_statements": 7, "percent_covered": 85.71428571428571, "percent_covered_display": "85.7", "missing_lines": 1, "excluded_lines": 0, "percent_statements_covered": 85.71428571428571, "percent_statements_covered_display": "85.7"}, "missing_lines": [343], "excluded_lines": [], "start_line": 335}, "ClipboardService._on_clipboard_changed": {"executed_lines": [349, 350, 351, 352, 354, 356, 359, 360, 361, 363, 365, 366, 368, 373, 374, 375, 376, 377], "summary": {"covered_lines": 18, "num_statements": 21, "percent_covered": 85.71428571428571, "percent_covered_display": "85.7", "missing_lines": 3, "excluded_lines": 0, "percent_statements_covered": 85.71428571428571, "percent_statements_covered_display": "85.7"}, "missing_lines": [353, 355, 358], "excluded_lines": [], "start_line": 347}, "ClipboardService._obfuscate_data": {"executed_lines": [381, 383, 384, 385, 386], "summary": {"covered_lines": 5, "num_statements": 6, "percent_covered": 83.33333333333333, "percent_covered_display": "83.3", "missing_lines": 1, "excluded_lines": 0, "percent_statements_covered": 83.33333333333333, "percent_statements_covered_display": "83.3"}, "missing_lines": [382], "excluded_lines": [], "start_line": 379}, "ClipboardService._decode_item": {"executed_lines": [390, 392, 393, 394], "summary": {"covered_lines": 4, "num_statements": 7, "percent_covered": 57.142857142857146, "percent_covered_display": "57.1", "missing_lines": 3, "excluded_lines": 0, "percent_statements_covered": 57.142857142857146, "percent_statements_covered_display": "57.1"}, "missing_lines": [391, 395, 396], "excluded_lines": [], "start_line": 388}, "ClipboardService._xor_bytes": {"executed_lines": [400, 402], "summary": {"covered_lines": 2, "num_statements": 3, "percent_covered": 66.66666666666667, "percent_covered_display": "66.7", "missing_lines": 1, "excluded_lines": 0, "percent_statements_covered": 66.66666666666667, "percent_statements_covered_display": "66.7"}, "missing_lines": [401], "excluded_lines": [], "start_line": 398}, "ClipboardService._try_lock_buffer": {"executed_lines": [406, 408, 409, 410, 411, 412, 413], "summary": {"covered_lines": 7, "num_statements": 14, "percent_covered": 50.0, "percent_covered_display": "50.0", "missing_lines": 7, "excluded_lines": 0, "percent_statements_covered": 50.0, "percent_statements_covered_display": "50.0"}, "missing_lines": [407, 414, 415, 416, 417, 418, 419], "excluded_lines": [], "start_line": 404}, "ClipboardService._try_unlock_buffer": {"executed_lines": [423, 425, 426, 427, 428, 429, 430], "summary": {"covered_lines": 7, "num_statements": 14, "percent_covered": 50.0, "percent_covered_display": "50.0", "missing_lines": 7, "excluded_lines": 0, "percent_statements_covered": 50.0, "percent_statements_covered_display": "50.0"}, "missing_lines": [424, 431, 432, 433, 434, 435, 436], "excluded_lines": [], "start_line": 421}, "ClipboardService._show_notification": {"executed_lines": [440], "summary": {"covered_lines": 1, "num_statements": 1, "percent_covered": 100.0, "percent_covered_display": "100.0", "missing_lines": 0, "excluded_lines": 0, "percent_statements_covered": 100.0, "percent_statements_covered_display": "100.0"}, "missing_lines": [], "excluded_lines": [], "start_line": 438}, "ClipboardService._on_user_logged_out": {"executed_lines": [444, 445, 446], "summary": {"covered_lines": 3, "num_statements": 3, "percent_covered": 100.0, "percent_covered_display": "100.0", "missing_lines": 0, "excluded_lines": 0, "percent_statements_covered": 100.0, "percent_statements_covered_display": "100.0"}, "missing_lines": [], "excluded_lines": [], "start_line": 442}, "ClipboardService._notify": {"executed_lines": [450, 451, 452], "summary": {"covered_lines": 3, "num_statements": 5, "percent_covered": 60.0, "percent_covered_display": "60.0", "missing_lines": 2, "excluded_lines": 0, "percent_statements_covered": 60.0, "percent_statements_covered_display": "60.0"}, "missing_lines": [453, 454], "excluded_lines": [], "start_line": 448}, "ClipboardService._cancel_timer": {"executed_lines": [], "summary": {"covered_lines": 0, "num_statements": 3, "percent_covered": 0.0, "percent_covered_display": "0.0", "missing_lines": 3, "excluded_lines": 0, "percent_statements_covered": 0.0, "percent_statements_covered_display": "0.0"}, "missing_lines": [458, 459, 460], "excluded_lines": [], "start_line": 456}, "ClipboardService.clear_if_owned": {"executed_lines": [464, 465, 466, 468, 470, 471], "summary": {"covered_lines": 6, "num_statements": 8, "percent_covered": 75.0, "percent_covered_display": "75.0", "missing_lines": 2, "excluded_lines": 0, "percent_statements_covered": 75.0, "percent_statements_covered_display": "75.0"}, "missing_lines": [467, 469], "excluded_lines": [], "start_line": 462}, "ClipboardService.force_clear": {"executed_lines": [475, 476, 477, 478, 483, 484, 485, 486, 487], "summary": {"covered_lines": 9, "num_statements": 9, "percent_covered": 100.0, "percent_covered_display": "100.0", "missing_lines": 0, "excluded_lines": 0, "percent_statements_covered": 100.0, "percent_statements_covered_display": "100.0"}, "missing_lines": [], "excluded_lines": [], "start_line": 473}, "ClipboardService.set_block_future_copies_on_suspicious": {"executed_lines": [491, 492], "summary": {"covered_lines": 2, "num_statements": 2, "percent_covered": 100.0, "percent_covered_display": "100.0", "missing_lines": 0, "excluded_lines": 0, "percent_statements_covered": 100.0, "percent_statements_covered_display": "100.0"}, "missing_lines": [], "excluded_lines": [], "start_line": 489}, "ClipboardService.allow_future_copies": {"executed_lines": [496, 497], "summary": {"covered_lines": 2, "num_statements": 2, "percent_covered": 100.0, "percent_covered_display": "100.0", "missing_lines": 0, "excluded_lines": 0, "percent_statements_covered": 100.0, "percent_statements_covered_display": "100.0"}, "missing_lines": [], "excluded_lines": [], "start_line": 494}, "ClipboardService._arm_timer": {"executed_lines": [], "summary": {"covered_lines": 0, "num_statements": 6, "percent_covered": 0.0, "percent_covered_display": "0.0", "missing_lines": 6, "excluded_lines": 0, "percent_statements_covered": 0.0, "percent_statements_covered_display": "0.0"}, "missing_lines": [501, 502, 503, 504, 505, 506], "excluded_lines": [], "start_line": 499}, "ClipboardService._normalize_timeout": {"executed_lines": [510, 511, 512, 513, 514, 515, 517], "summary": {"covered_lines": 7, "num_s
[...]
22, "percent_covered": 86.36363636363636, "percent_covered_display": "86.4", "missing_lines": 3, "excluded_lines": 0, "percent_statements_covered": 86.36363636363636, "percent_statements_covered_display": "86.4"}, "missing_lines": [63, 69, 70], "excluded_lines": [], "start_line": 34}, "Database": {"executed_lines": [111, 112, 113, 117, 118, 119, 120, 122, 123, 124], "summary": {"covered_lines": 10, "num_statements": 12, "percent_covered": 83.33333333333333, "percent_covered_display": "83.3", "missing_lines": 2, "excluded_lines": 0, "percent_statements_covered": 83.33333333333333, "percent_statements_covered_display": "83.3"}, "missing_lines": [128, 132], "excluded_lines": [], "start_line": 106}, "": {"executed_lines": [2, 4, 6, 7, 8, 10, 13, 16, 22, 29, 34, 37, 45, 52, 65, 74, 77, 79, 80, 81, 82, 83, 84, 87, 100, 106, 109, 115, 126, 130, 135, 137], "summary": {"covered_lines": 32, "num_statements": 43, "percent_covered": 74.4186046511628, "percent_covered_display": "74.4", "missing_lines": 11, "excluded_lines": 0, "percent_statements_covered": 74.4186046511628, "percent_statements_covered_display": "74.4"}, "missing_lines": [89, 90, 91, 92, 93, 94, 95, 96, 97, 102, 103], "excluded_lines": [], "start_line": 1}}}, "src\\database\\io_storage.py": {"executed_lines": [1, 5, 6, 7, 8, 10, 12, 13, 14, 15, 16, 19, 21, 24, 34, 35, 36, 37, 38, 39, 57, 59, 60, 63, 74, 75, 76, 77, 96, 97, 99, 102, 113, 114, 115, 116, 117, 145, 147, 150, 152, 153, 154, 155, 159, 161, 164, 166, 167, 168, 169, 178, 179, 181, 193, 196, 198, 199, 200, 201, 211, 220, 221, 222, 235, 237, 240, 242, 243, 244, 245, 249, 250, 251, 253, 256, 258, 259, 261, 263, 264, 265, 266, 270, 272, 273, 276, 278, 279, 281, 282, 283, 284, 285, 296, 298, 301, 302, 303, 305, 306, 307, 308, 312, 313, 314, 315, 316, 317, 318, 321, 327, 328, 330, 333, 335, 336, 337, 338, 348, 349, 350, 361, 363, 366, 368, 369, 370, 371, 381, 382, 383, 396, 398], "summary": {"covered_lines": 134, "num_statements": 145, "percent_covered": 92.41379310344827, "percent_covered_display": "92.4", "missing_lines": 11, "excluded_lines": 0, "percent_statements_covered": 92.41379310344827, "percent_statements_covered_display": "92.4"}, "missing_lines": [180, 202, 260, 262, 280, 304, 322, 323, 324, 325, 326], "excluded_lines": [], "functions": {"_utc_now_iso": {"executed_lines": [21], "summary": {"covered_lines": 1, "num_statements": 1, "percent_covered": 100.0, "percent_covered_display": "100.0", "missing_lines": 0, "excluded_lines": 0, "percent_statements_covered": 100.0, "percent_statements_covered_display": "100.0"}, "missing_lines": [], "excluded_lines": [], "start_line": 19}, "insert_shared_entry": {"executed_lines": [34, 35, 36, 37, 38, 39, 57, 59, 60], "summary": {"covered_lines": 9, "num_statements": 9, "percent_covered": 100.0, "percent_covered_display": "100.0", "missing_lines": 0, "excluded_lines": 0, "percent_statements_covered": 100.0, "percent_statements_covered_display": "100.0"}, "missing_lines": [], "excluded_lines": [], "start_line": 24}, "insert_io_history": {"executed_lines": [74, 75, 76, 77, 96, 97, 99], "summary": {"covered_lines": 7, "num_statements": 7, "percent_covered": 100.0, "percent_covered_display": "100.0", "missing_lines": 0, "excluded_lines": 0, "percent_statements_covered": 100.0, "percent_statements_covered_display": "100.0"}, "missing_lines": [], "excluded_lines": [], "start_line": 63}, "upsert_contact": {"executed_lines": [113, 114, 115, 116, 117, 145, 147], "summary": {"covered_lines": 7, "num_statements": 7, "percent_covered": 100.0, "percent_covered_display": "100.0", "missing_lines": 0, "excluded_lines": 0, "percent_statements_covered": 100.0, "percent_statements_covered_display": "100.0"}, "missing_lines": [], "excluded_lines": [], "start_line": 102}, "touch_contact_last_used": {"executed_lines": [152, 153, 154, 155, 159, 161], "summary": {"covered_lines": 6, "num_statements": 6, "percent_covered": 100.0, "percent_covered_display": "100.0", "missing_lines": 0, "excluded_lines": 0, "percent_statements_covered": 100.0, "percent_statements_covered_display": "100.0"}, "missing_lines": [], "excluded_lines": [], "start_line": 150}, "get_contact_row": {"executed_lines": [166, 167, 168, 169, 178, 179, 181, 193], "summary": {"covered_lines": 8, "num_statements": 9, "percent_covered": 88.88888888888889, "percent_covered_display": "88.9", "missing_lines": 1, "excluded_lines": 0, "percent_statements_covered": 88.88888888888889, "percent_statements_covered_display": "88.9"}, "missing_lines": [180], "excluded_lines": [], "start_line": 164}, "list_contact_rows": {"executed_lines": [198, 199, 200, 201, 211, 220, 221, 222, 235, 237], "summary": {"covered_lines": 10, "num_statements": 11, "percent_covered": 90.9090909090909, "percent_covered_display": "90.9", "missing_lines": 1, "excluded_lines": 0, "percent_statements_covered": 90.9090909090909, "percent_statements_covered_display": "90.9"}, "missing_lines": [202], "excluded_lines": [], "start_line": 196}, "revoke_contact_row": {"executed_lines": [242, 243, 244, 245, 249, 250, 251, 253], "summary": {"covered_lines": 8, "num_statements": 8, "percent_covered": 100.0, "percent_covered_display": "100.0", "missing_lines": 0, "excluded_lines": 0, "percent_statements_covered": 100.0, "percent_statements_covered_display": "100.0"}, "missing_lines": [], "excluded_lines": [], "start_line": 240}, "set_contact_fingerprint_verified": {"executed_lines": [258, 259, 261, 263, 264, 265, 266, 270, 272, 273], "summary": {"covered_lines": 10, "num_statements": 12, "percent_covered": 83.33333333333333, "percent_covered_display": "83.3", "missing_lines": 2, "excluded_lines": 0, "percent_statements_covered": 83.33333333333333, "percent_statements_covered_display": "83.3"}, "missing_lines": [260, 262], "excluded_lines": [], "start_line": 256}, "save_share_inbox": {"executed_lines": [278, 279, 281, 282, 283, 284, 285, 296, 298], "summary": {"covered_lines": 9, "num_statements": 10, "percent_covered": 90.0, "percent_covered_display": "90.0", "missing_lines": 1, "excluded_lines": 0, "percent_statements_covered": 90.0, "percent_statements_covered_display": "90.0"}, "missing_lines": [280], "excluded_lines": [], "start_line": 276}, "load_share_inbox_by_token": {"executed_lines": [302, 303, 305, 306, 307, 308, 312, 313, 314, 315, 316, 317, 318, 321, 327, 328, 330], "summary": {"covered_lines": 17, "num_statements": 23, "percent_covered": 73.91304347826087, "percent_covered_display": "73.9", "missing_lines": 6, "excluded_lines": 0, "percent_statements_covered": 73.91304347826087, "percent_statements_covered_display": "73.9"}, "missing_lines": [304, 322, 323, 324, 325, 326], "excluded_lines": [], "start_line": 301}, "list_shared_entries": {"executed_lines": [335, 336, 337, 338, 348, 349, 350, 361, 363], "summary": {"covered_lines": 9, "num_statements": 9, "percent_covered": 100.0, "percent_covered_display": "100.0", "missing_lines": 0, "excluded_lines": 0, "percent_statements_covered": 100.0, "percent_statements_covered_display": "100.0"}, "missing_lines": [], "excluded_lines": [], "start_line": 333}, "list_io_history": {"executed_lines": [368, 369, 370, 371, 381, 382, 383, 396, 398], "summary": {"covered_lines": 9, "num_statements": 9, "percent_covered": 100.0, "percent_covered_display": "100.0", "missing_lines": 0, "excluded_lines": 0, "percent_statements_covered": 100.0, "percent_statements_covered_display": "100.0"}, "missing_lines": [], "excluded_lines": [], "start_line": 366}, "": {"executed_lines": [1, 5, 6, 7, 8, 10, 12, 13, 14, 15, 16, 19, 24, 63, 102, 150, 164, 196, 240, 256, 276, 301, 333, 366], "summary": {"covered_lines": 24, "num_statements": 24, "percent_covered": 100.0, "percent_covered_display": "100.0", "missing_lines": 0, "excluded_lines": 0, "percent_statements_covered": 100.0, "percent_statements_covered_display": "100.0"}, "missing_lines": [], "excluded_lines": [], "start_line": 1}}, "classes": {"": {"executed_lines": [1, 5, 6, 7, 8, 10, 12, 13, 14, 15, 16, 19, 21, 24, 34, 35, 36, 37, 38, 39, 57, 59, 60, 63, 74, 75, 76, 77, 96, 97, 99, 102, 113, 114, 115, 116, 117, 145, 147, 150, 152, 153, 154, 155, 159, 161, 164, 166, 167, 168, 169, 178, 179, 181, 193, 196, 198, 199, 200, 201, 211, 220, 221, 222, 235, 237, 240, 242, 243, 244, 245, 249, 250, 251, 253, 256, 258, 259, 261, 263, 264, 265, 266, 270, 272, 273, 276, 278, 279, 281, 282, 283, 284, 285, 296, 298, 301, 302, 303, 305, 306, 307, 308, 312, 313, 314, 315, 316, 317, 318, 321, 327, 328, 330, 333, 335, 336, 337, 338, 348, 349, 350, 361, 363, 366, 368, 369, 370, 371, 381, 382, 383, 396, 398], "summary": {"covered_lines": 134, "num_statements": 145, "percent_covered": 92.41379310344827, "percent_covered_display": "92.4", "missing_lines": 11, "excluded_lines": 0, "percent_statements_covered": 92.41379310344827, "percent_statements_covered_display": "92.4"}, "missing_lines": [180, 202, 260, 262, 280, 304, 322, 323, 324, 325, 326], "excluded_lines": [], "start_line": 1}}}, "src\\database\\models.py": {"executed_lines": [2, 6, 7, 9, 10, 11, 14, 15, 16, 17, 18, 21, 22, 23, 25, 26, 27, 28, 29, 30, 32, 33, 34, 35, 36, 40, 44, 48, 52, 56, 57, 58, 59, 60, 61, 62, 63, 64, 65, 66, 67, 68, 69, 70, 71, 73, 75, 78, 79, 90, 96, 102, 108, 118, 125, 127, 138, 146, 157, 160, 161, 162, 165, 167, 180, 186, 194, 209, 217, 233, 240, 250, 258, 259, 269, 277, 279, 282, 283, 284, 292, 293, 294, 295, 296, 299, 300, 311, 314, 315, 316, 317, 318, 319, 320, 321, 322, 323, 324, 325, 326, 327, 328, 329, 330, 331, 332, 333, 334, 340, 341, 342, 343, 344, 345, 351, 356, 360, 361, 362, 367, 371, 373, 384, 391, 392, 395, 399, 400, 401, 402, 403, 404, 407, 410, 411, 415, 423, 424, 427, 429, 440, 445, 447, 450, 453, 458, 460, 475, 486, 500, 501, 504, 506, 508, 511, 513, 525, 527, 533, 541, 543, 546, 549, 552, 557, 558, 560, 563, 567, 568, 569, 605, 619, 620, 623, 627, 628, 629, 630, 631, 632, 633, 650, 651, 658, 659, 660, 661, 662, 664, 679, 680, 682, 683, 684, 685, 686, 696], "summary": {"covered_lines": 199, "num_statements": 237, "percent_covered": 83.96624472573839, "percent_covered_display": "84.0", "missing_lines": 38, "excluded_lines": 0, "percent_statements_covered": 83.96624472573839, "percent_statements_covered_display": "84.0"}, "missing_lines": [37, 38, 39, 41, 42, 43, 45, 46, 47, 49, 50, 51, 53, 54, 55, 338, 339, 349, 350, 396, 397, 408, 412, 413, 564, 565, 570, 571, 574, 575, 585, 588, 589, 603, 624, 625, 634, 635], "excluded_lines": [], "functions": {"get_connection": {"executed_lines": [15, 16, 17, 18], "summary": {"covered_lines": 4, "num_statements": 4, "percent_covered": 100.0, "percent_covered_display": "100.0", "missing_lines": 0, "excluded_lines": 0, "percent_statements_covered": 100.0, "percent_statements_covered_display": "100.0"}, "missing_lines": [], "excluded_lines": [], "start_line": 14}, "initialize_database": {"executed_lines": [22, 23, 25, 26, 27, 28, 29, 30, 32, 33, 34, 35, 36, 40, 44, 48, 52, 56, 57, 58, 59, 60, 61, 62, 63, 64, 65, 66, 67, 68, 69, 70, 71, 73, 75], "summary": {"covered_lines": 35, "num_statements": 50, "percent_covered": 70.0, "percent_covered_display": "70.0", "missing_lines": 15, "excluded_lines": 0, "percent_statements_covered": 70.0, "percent_statements_covered_display": "70.0"}, "missing_lines": [37, 38, 39, 41, 42, 43, 45, 46, 47, 49, 50, 51, 53, 54, 55], "excluded_lines": [], "start_line": 21}, "_apply_initial_schema": {"executed_lines": [79, 90, 96, 102, 108, 118, 125, 127, 138, 146, 157, 160, 161, 162], "summary": {"covered_lines": 14, "num_statements": 14, "percent_covered": 100.0, "percent_covered_display": "100.0", "missing_lines": 0, "excluded_lines": 0, "percent_statements_covered": 100.0, "percent_statements_covered_display": "100.0"}, "missing_lines": [], "excluded_lines": [], "start_line": 78}, "_create_sprint6_io_tables": {"executed_lines": [167, 180, 186, 194, 209, 217, 233, 240, 250], "summary": {"covered_lines": 9, "num_statements": 9, "percent_covered": 100.0, "percent_covered_display": "100.0", "missing_lines": 0, "excluded_lines": 0, "percent_statements_covered": 100.0, "percent_statements_covered_display": "100.0"}, "missing_lines": [], "excluded_lines": [], "start_line": 165}, "_migrate_v9_to_v10": {"executed_lines": [259, 269], "summary": {"covered_lines": 2, "num_statements": 2, "percent_covered": 100.0, "percent_covered_display": "100.0", "missing_lines": 0, "excluded_lines": 0, "percent_statements_covered": 100.0, "percent_statements_covered_display": "100.0"}, "missing_lines": [], "excluded_lines": [], "start_line": 258}, "_migrate_v8_to_v9": {"executed_lines": [279], "summary": {"covered_lines": 1, "num_statements": 1, "percent_covered": 100.0, "percent_covered_display": "100.0", "missing_lines": 0, "excluded_lines": 0, "percent_statements_covered": 100.0, "percent_statements_covered_display": "100.0"}, "missing_lines": [], "excluded_lines": [], "start_line": 277}, "_migrate_v7_to_v8": {"executed_lines": [283, 284], "summary": {"covered_lines": 2, "num_statements": 2, "percent_covered": 100.0, "percent_covered_display": "100.0", "missing_lines": 0, "excluded_lines": 0, "percent_statements_covered": 100.0, "percent_statements_covered_display": "100.0"}, "missing_lines": [], "excluded_lines": [], "start_line": 282}, "_migrate_v1_to_v2": {"executed_lines": [293, 294, 295, 296], "summary": {"covered_lines": 4, "num_statements": 4, "percent_covered": 100.0, "percent_covered_display": "100.0", "missing_lines": 0, "excluded_lines": 0, "percent_statements_covered": 100.0, "percent_statements_covered_display": "100.0"}, "missing_lines": [], "excluded_lines": [], "start_line": 292}, "_migrate_v2_to_v3": {"executed_lines": [300, 311, 314, 315, 316, 317, 318, 319, 320, 321, 322, 323, 324, 325, 326, 327, 328, 329, 330, 331, 332, 333, 334, 340, 341, 342, 343, 344, 345, 351, 356, 360, 361, 362], "summary": {"covered_lines": 34, "num_statements": 38, "percent_covered": 89.47368421052632, "percent_covered_display": "89.5", "missing_lines": 4, "excluded_lines": 0, "percent_statements_covered": 89.47368421052632, "percent_statements_covered_display": "89.5"}, "missing_lines": [338, 339, 349, 350], "excluded_lines": [], "start_line": 299}, "_migrate_v3_to_v4": {"executed_lines": [371, 373, 384, 391, 392, 395, 399, 400, 401, 402, 403, 404, 407, 410, 411, 415, 423, 424], "summary": {"covered_lines": 18, "num_statements": 23, "percent_covered": 78.26086956521739, "percent_covered_display": "78.3", "missing_lines": 5, "excluded_lines": 0, "percent_statements_covered": 78.26086956521739, "percent_statements_covered_display": "78.3"}, "missing_lines": [396, 397, 408, 412, 413], "excluded_lines": [], "start_line": 367}, "_migrate_v4_to_v5": {"executed_lines": [429, 440], "summary": {"covered_lines": 2, "num_statements": 2, "percent_covered": 100.0, "percent_covered_display": "100.0", "missing_lines": 0, "excluded_lines": 0, "percent_statements_covered": 100.0, "percent_statements_covered_display": "100.0"}, "missing_lines": [], "excluded_lines": [], "start_line": 427}, "_migrate_v5_to_v6": {"executed_lines": [447, 450, 453], "summary": {"covered_lines": 3, "num_statements": 3, "percent_covered": 100.0, "percent_covered_display": "100.0", "missing_lines": 0, "excluded_lines": 0, "percent_statements_covered": 100.0, "percent_statements_covered_display": "100.0"}, "missing_lines": [], "excluded_lines": [], "start_line": 445}, "_create_audit_tables_v7": {"executed_lines": [460, 475, 486, 500, 501], "summary": {"covered_lines": 5, "num_statements": 5, "percent_covered": 100.0, "percent_covered_display": "100.0", "missing_lines": 0, "excluded_lines": 0, "percent_statements_covered": 100.0, "percent_statements_covered_display": "100.0"}, "missing_lines": [], "excluded_lines": [], "start_line": 458}, "_install_audit_sec_triggers": {"executed_lines": [506, 508], "summary": {"covered_lines": 2, "num_statements": 2, "percent_covered": 100.0, "percent_covered_display": "100.0", "missing_lines": 0, "excluded_lines": 0, "percent_statements_covered": 100.0, "percent_statements_covered_display": "100.0"}, "missing_lines": [], "excluded_lines": [], "start_line": 504}, "_create_audit_security_log_table": {"executed_lines": [513], "summary": {"covered_lines": 1, "num_statements": 1, "percent_covered": 100.0, "percent_covered_display": "100.0", "missing_lines": 0, "excluded_lines": 0, "percent_statements_covered": 100.0, "percent_statements_covered_display": "100.0"}, "missing_lines": [], "excluded_lines": [], "start_line": 511}, "_init_audit_rotation_defaults": {"executed_lines": [527, 533], "summary": {"covered_lines": 2, "num_statements": 2, "percent_covered": 100.0, "percent_covered_display": "100.0", "missing_lines": 0, "excluded_lines": 0, "percent_statements_covered": 100.0, "percent_statements_covered_display": "100.0"}, "missing_lines": [], "excluded_lines": [], "start_line": 525}, "_create_audit_indexes_v7": {"executed_lines": [543, 546, 549, 552], "summary": {"covered_lines": 4, "num_statements": 4, "percent_covered": 100.0, "percent_covered_display": "100.0", "missing_lines": 0, "excluded_lines": 0, "percent_statements_covered": 100.0, "percent_statements_covered_display": "100.0"}, "missing_lines": [], "excluded_lines": [], "start_line": 541}, "_migrate_v6_to_v7": {"executed_lines": [558, 560, 563, 567, 568, 569, 605, 619, 620, 623, 627, 628, 629, 630, 631, 632, 633, 650, 651, 658, 659, 660, 661, 662, 664, 679, 680, 682, 683, 684, 685, 686, 696], "summary": {"covered_lines": 33, "num_statements": 47, "percent_covered": 70.2127659574468, "percent_covered_display": "70.2", "missing_lines": 14, "excluded_lines": 0, "percent_statements_covered": 70.2127659574468, "percent_statements_covered_display": "70.2"}, "missing_lines": [564, 565, 570, 571, 574, 575, 585, 588, 589, 603, 624, 625, 634, 635], "excluded_lines": [], "start_line": 557}, "": {"executed_lines": [2, 6, 7, 9, 10, 11, 14, 21, 78, 165, 258, 277, 282, 292, 299, 367, 427, 445, 458, 504, 511, 525, 541, 557], "summary": {"covered_lines": 24, "num_statements": 24, "percent_covered": 100.0, "percent_covered_display": "100.0", "missing_lines": 0, "excluded_lines": 0, "percent_statements_covered": 100.0, "percent_statements_covered_display": "100.0"}, "missing_lines": [], "excluded_lines": [], "start_line": 1}}, "classes": {"": {"executed_lines": [2, 6, 7, 9, 10, 11, 14, 15, 16, 17, 18, 21, 22, 23, 25, 26, 27, 28, 29, 30, 32, 33, 34, 35, 36, 40, 44, 48, 52, 56, 57, 58, 59, 60, 61, 62, 63, 64, 65, 66, 67, 68, 69, 70, 71, 73, 75, 78, 79, 90, 96, 102, 108, 118, 125, 127, 138, 146, 157, 160, 161, 162, 165, 167, 180, 186, 194, 209, 217, 233, 240, 250, 258, 259, 269, 277, 279, 282, 283, 284, 292, 293, 294, 295, 296, 299, 300, 311, 314, 315, 316, 317, 318, 319, 320, 321, 322, 323, 324, 325, 326, 327, 328, 329, 330, 331, 332, 333, 334, 340, 341, 342, 343, 344, 345, 351, 356, 360, 361, 362, 367, 371, 373, 384, 391, 392, 395, 399, 400, 401, 402, 403, 404, 407, 410, 411, 415, 423, 424, 427, 429, 440, 445, 447, 450, 453, 458, 460, 475, 486, 500, 501, 504, 506, 508, 511, 513, 525, 527, 533, 541, 543, 546, 549, 552, 557, 558, 560, 563, 567, 568, 569, 605, 619, 620, 623, 627, 628, 629, 630, 631, 632, 633, 650, 651, 658, 659, 660, 661, 662, 664, 679, 680, 682, 683, 684, 685, 686, 696], "summary": {"covered_lines": 199, "num_statements": 237, "percent_covered": 83.96624472573839, "percent_covered_display": "84.0", "missing_lines": 38, "excluded_lines": 0, "percent_statements_covered": 83.96624472573839, "percent_statements_covered_display": "84.0"}, "missing_lines": [37, 38, 39, 41, 42, 43, 45, 46, 47, 49, 50, 51, 53, 54, 55, 338, 339, 349, 350, 396, 397, 408, 412, 413, 564, 565, 570, 571, 574, 575, 585, 588, 589, 603, 624, 625, 634, 635], "excluded_lines": [], "start_line": 1}}}}, "totals": {"covered_lines": 3937, "num_statements": 4906, "percent_covered": 80.24867509172442, "percent_covered_display": "80.2", "missing_lines": 969, "excluded_lines": 2, "percent_statements_covered": 80.24867509172442, "percent_statements_covered_display": "80.2"}}