============================= test session starts =============================
platform win32 -- Python 3.12.0, pytest-9.0.3, pluggy-1.6.0
rootdir: C:\Users\moroz\PycharmProjects\crypto
configfile: pytest.ini
plugins: cov-7.1.0, html-4.2.0, metadata-3.1.1
collected 135 items / 2 deselected / 133 selected

tests\test_audit_sprint5_validation.py .....                             [  3%]
tests\test_clipboard_sprint4.py .....                                    [  7%]
tests\test_crypto.py ...                                                 [  9%]
tests\test_database.py ..                                                [ 11%]
tests\test_events.py ..                                                  [ 12%]
tests\test_security.py ..........                                        [ 20%]
tests\test_sprint3.py ....                                               [ 23%]
tests\test_sprint6_validation.py ......................                  [ 39%]
tests\test_sprint7_integration.py ....                                   [ 42%]
tests\test_sprint7_platform.py .......sssss                              [ 51%]
tests\test_sprint7_security_principles.py ....                           [ 54%]
tests\test_sprint7_security_validation.py .......s                       [ 60%]
tests\test_sprint8.py ...............                                    [ 72%]
tests\test_sprint8_core_gaps.py .....                                    [ 75%]
tests\test_sprint8_coverage_boost.py ..............                      [ 86%]
tests\test_sprint8_io.py ...                                             [ 88%]
tests\test_sprint8_models.py ......                                      [ 93%]
tests\test_sprint8_storage_integration.py .........                      [100%]

============================== warnings summary ===============================
tests/test_clipboard_sprint4.py: 82 warnings
tests/test_sprint8.py: 21 warnings
tests/test_sprint8_coverage_boost.py: 5 warnings
tests/test_sprint8_storage_integration.py: 1 warning
  C:\Users\moroz\PycharmProjects\crypto\src\core\clipboard\clipboard_service.py:171: DeprecationWarning: datetime.datetime.utcnow() is deprecated and scheduled for removal in a future version. Use timezone-aware objects to represent datetimes in UTC: datetime.datetime.now(datetime.UTC).
    copied_at=datetime.utcnow(),

tests/test_clipboard_sprint4.py: 82 warnings
tests/test_sprint8.py: 21 warnings
tests/test_sprint8_coverage_boost.py: 5 warnings
tests/test_sprint8_storage_integration.py: 1 warning
  C:\Users\moroz\PycharmProjects\crypto\src\core\clipboard\clipboard_service.py:205: DeprecationWarning: datetime.datetime.utcnow() is deprecated and scheduled for removal in a future version. Use timezone-aware objects to represent datetimes in UTC: datetime.datetime.now(datetime.UTC).
    "timestamp": datetime.utcnow().isoformat(timespec="seconds"),

tests/test_clipboard_sprint4.py: 455 warnings
tests/test_sprint8.py: 1 warning
tests/test_sprint8_storage_integration.py: 1 warning
  C:\Users\moroz\PycharmProjects\crypto\src\core\clipboard\clipboard_service.py:343: DeprecationWarning: datetime.datetime.utcnow() is deprecated and scheduled for removal in a future version. Use timezone-aware objects to represent datetimes in UTC: datetime.datetime.now(datetime.UTC).
    delta = expires_at - datetime.utcnow()

tests/test_clipboard_sprint4.py::TestClipboardAutoClearTiming::test_auto_clear_timing_within_100ms
tests/test_security.py::TestKeyDerivationConsistency::test_argon2_same_input_same_output_100_times
tests/test_sprint8_coverage_boost.py::TestSprint8BoostClipboard::test_clipboard_fallback_and_logout
  C:\Users\moroz\PycharmProjects\crypto\src\core\clipboard\clipboard_service.py:250: DeprecationWarning: datetime.datetime.utcnow() is deprecated and scheduled for removal in a future version. Use timezone-aware objects to represent datetimes in UTC: datetime.datetime.now(datetime.UTC).
    "timestamp": datetime.utcnow().isoformat(timespec="seconds"),

tests/test_security.py: 6 warnings
tests/test_sprint6_validation.py: 38 warnings
tests/test_sprint8.py: 8 warnings
tests/test_sprint8_core_gaps.py: 6 warnings
tests/test_sprint8_coverage_boost.py: 6 warnings
tests/test_sprint8_io.py: 6 warnings
  C:\Users\moroz\PycharmProjects\crypto\src\core\crypto\key_storage.py:66: DeprecationWarning: datetime.datetime.utcnow() is deprecated and scheduled for removal in a future version. Use timezone-aware objects to represent datetimes in UTC: datetime.datetime.now(datetime.UTC).
    now = datetime.utcnow().isoformat()

tests/test_security.py: 10 warnings
tests/test_sprint3.py: 220 warnings
tests/test_sprint6_validation.py: 56 warnings
tests/test_sprint8.py: 4 warnings
tests/test_sprint8_core_gaps.py: 1 warning
tests/test_sprint8_coverage_boost.py: 9 warnings
tests/test_sprint8_io.py: 18 warnings
  C:\Users\moroz\PycharmProjects\crypto\src\core\vault\entry_manager.py:198: DeprecationWarning: datetime.datetime.utcnow() is deprecated and scheduled for removal in a future version. Use timezone-aware objects to represent datetimes in UTC: datetime.datetime.now(datetime.UTC).
    now = datetime.utcnow().isoformat()

tests/test_sprint3.py::TestSprint3EncryptionRoundTrip::test_encryption_round_trip
tests/test_sprint7_integration.py::TestInt1Vault::test_int1_encrypt_decrypt_and_secure_search
tests/test_sprint8.py::TestSprint8Crypto::test_vault_encryption_roundtrip
  C:\Users\moroz\PycharmProjects\crypto\src\core\vault\encryption_service.py:34: DeprecationWarning: datetime.datetime.utcnow() is deprecated and scheduled for removal in a future version. Use timezone-aware objects to represent datetimes in UTC: datetime.datetime.now(datetime.UTC).
    "created_at": created_at or datetime.utcnow().isoformat(),

tests/test_sprint3.py: 10 warnings
tests/test_sprint8.py: 1 warning
  C:\Users\moroz\PycharmProjects\crypto\src\core\vault\entry_manager.py:261: DeprecationWarning: datetime.datetime.utcnow() is deprecated and scheduled for removal in a future version. Use timezone-aware objects to represent datetimes in UTC: datetime.datetime.now(datetime.UTC).
    updated_at = datetime.utcnow().isoformat()

tests/test_sprint3.py: 10 warnings
tests/test_sprint8.py: 1 warning
  C:\Users\moroz\PycharmProjects\crypto\src\core\vault\entry_manager.py:327: DeprecationWarning: datetime.datetime.utcnow() is deprecated and scheduled for removal in a future version. Use timezone-aware objects to represent datetimes in UTC: datetime.datetime.now(datetime.UTC).
    deleted_at = datetime.utcnow().isoformat()

tests/test_sprint3.py: 10 warnings
tests/test_sprint8.py: 1 warning
  C:\Users\moroz\PycharmProjects\crypto\src\core\vault\entry_manager.py:328: DeprecationWarning: datetime.datetime.utcnow() is deprecated and scheduled for removal in a future version. Use timezone-aware objects to represent datetimes in UTC: datetime.datetime.now(datetime.UTC).
    expires_at = (datetime.utcnow().timestamp() + 30 * 24 * 3600)

tests/test_sprint3.py: 10 warnings
tests/test_sprint8.py: 1 warning
  C:\Users\moroz\PycharmProjects\crypto\src\core\vault\entry_manager.py:329: DeprecationWarning: datetime.datetime.utcfromtimestamp() is deprecated and scheduled for removal in a future version. Use timezone-aware objects to represent datetimes in UTC: datetime.datetime.fromtimestamp(timestamp, datetime.UTC).
    expires_iso = datetime.utcfromtimestamp(expires_at).isoformat()

tests/test_sprint7_integration.py: 1 warning
tests/test_sprint8_core_gaps.py: 8 warnings
tests/test_sprint8_coverage_boost.py: 23 warnings
  C:\Users\moroz\PycharmProjects\crypto\src\core\clipboard\clipboard_service.py:497: DeprecationWarning: datetime.datetime.utcnow() is deprecated and scheduled for removal in a future version. Use timezone-aware objects to represent datetimes in UTC: datetime.datetime.now(datetime.UTC).
    "timestamp": datetime.utcnow().isoformat(timespec="seconds"),

tests/test_sprint8.py::TestSprint8Clipboard::test_ephemeral_copy
tests/test_sprint8_coverage_boost.py::TestSprint8BoostClipboard::test_clipboard_service_paths
  C:\Users\moroz\PycharmProjects\crypto\src\core\clipboard\clipboard_service.py:229: DeprecationWarning: datetime.datetime.utcnow() is deprecated and scheduled for removal in a future version. Use timezone-aware objects to represent datetimes in UTC: datetime.datetime.now(datetime.UTC).
    copied_at=datetime.utcnow(),

tests/test_sprint8_core_gaps.py::TestStateManagerGaps::test_settings_and_events
  C:\Users\moroz\AppData\Local\Programs\Python\Python312\Lib\site-packages\_pytest\threadexception.py:58: PytestUnhandledThreadExceptionWarning: Exception in thread Thread-1 (_worker_loop)
  
  Traceback (most recent call last):
    File "C:\Users\moroz\AppData\Local\Programs\Python\Python312\Lib\threading.py", line 1052, in _bootstrap_inner
      self.run()
    File "C:\Users\moroz\AppData\Local\Programs\Python\Python312\Lib\threading.py", line 989, in run
      self._target(*self._args, **self._kwargs)
    File "C:\Users\moroz\PycharmProjects\crypto\src\core\events.py", line 56, in _worker_loop
      handler(event_name, payload)
    File "C:\Users\moroz\PycharmProjects\crypto\src\core\audit\audit_logger.py", line 179, in _handle_event
      _append_record(event_name, payload)
    File "C:\Users\moroz\PycharmProjects\crypto\src\core\audit\audit_logger.py", line 148, in _append_record
      ensure_signed(signature)
    File "C:\Users\moroz\PycharmProjects\crypto\src\core\audit\audit_security.py", line 108, in ensure_signed
      raise ValueError("������ ��� ������� ���������")
  ValueError: ������ ��� ������� ���������
  
  Enable tracemalloc to get traceback where the object was allocated.
  See https://docs.pytest.org/en/stable/how-to/capture-warnings.html#resource-warnings for more info.
    warnings.warn(pytest.PytestUnhandledThreadExceptionWarning(msg))

tests/test_sprint8_coverage_boost.py::TestSprint8BoostClipboard::test_clipboard_monitor_start_failure
  C:\Users\moroz\PycharmProjects\crypto\src\core\clipboard\clipboard_service.py:108: DeprecationWarning: datetime.datetime.utcnow() is deprecated and scheduled for removal in a future version. Use timezone-aware objects to represent datetimes in UTC: datetime.datetime.now(datetime.UTC).
    "timestamp": datetime.utcnow().isoformat(timespec="seconds"),

tests/test_sprint8_coverage_boost.py::TestSprint8BoostClipboard::test_clipboard_service_paths
  C:\Users\moroz\PycharmProjects\crypto\src\core\clipboard\clipboard_service.py:101: DeprecationWarning: datetime.datetime.utcnow() is deprecated and scheduled for removal in a future version. Use timezone-aware objects to represent datetimes in UTC: datetime.datetime.now(datetime.UTC).
    {"source": "clipboard_service", "timestamp": datetime.utcnow().isoformat(timespec="seconds")},

tests/test_sprint8_coverage_boost.py::TestSprint8BoostClipboard::test_clipboard_service_paths
  C:\Users\moroz\PycharmProjects\crypto\src\core\clipboard\clipboard_service.py:385: DeprecationWarning: datetime.datetime.utcnow() is deprecated and scheduled for removal in a future version. Use timezone-aware objects to represent datetimes in UTC: datetime.datetime.now(datetime.UTC).
    "timestamp": datetime.utcnow().isoformat(timespec="seconds"),

tests/test_sprint8_coverage_boost.py::TestSprint8BoostClipboard::test_clipboard_service_paths
  C:\Users\moroz\PycharmProjects\crypto\src\core\clipboard\clipboard_service.py:120: DeprecationWarning: datetime.datetime.utcnow() is deprecated and scheduled for removal in a future version. Use timezone-aware objects to represent datetimes in UTC: datetime.datetime.now(datetime.UTC).
    {"source": "clipboard_service", "timestamp": datetime.utcnow().isoformat(timespec="seconds")},

tests/test_sprint8_coverage_boost.py::TestSprint8BoostClipboard::test_clipboard_service_paths
  C:\Users\moroz\PycharmProjects\crypto\tests\test_sprint8_coverage_boost.py:255: DeprecationWarning: datetime.datetime.utcnow() is deprecated and scheduled for removal in a future version. Use timezone-aware objects to represent datetimes in UTC: datetime.datetime.now(datetime.UTC).
    copied_at=__import__("datetime").datetime.utcnow(),

tests/test_sprint8_models.py::TestSprint8ModelsMigrations::test_direct_migrations_v1_through_v6
  C:\Users\moroz\PycharmProjects\crypto\src\database\models.py:320: DeprecationWarning: datetime.datetime.utcnow() is deprecated and scheduled for removal in a future version. Use timezone-aware objects to represent datetimes in UTC: datetime.datetime.now(datetime.UTC).
    now = datetime.utcnow().isoformat()

-- Docs: https://docs.pytest.org/en/stable/how-to/capture-warnings.html
=============================== tests coverage ================================
_______________ coverage: platform win32, python 3.12.0-final-0 _______________

Name                                                    Stmts   Miss  Cover
---------------------------------------------------------------------------
src\__init__.py                                             1      0 100.0%
src\core\__init__.py                                        1      0 100.0%
src\core\audit\__init__.py                                  5      0 100.0%
src\core\audit\audit_compliance.py                         61     10  83.6%
src\core\audit\audit_logger.py                            102      8  92.2%
src\core\audit\audit_security.py                           57     12  78.9%
src\core\audit\log_entry.py                               127     18  85.8%
src\core\audit\log_export.py                              140     40  71.4%
src\core\audit\log_formatters.py                           65     54  16.9%
src\core\audit\log_integrity.py                           129      7  94.6%
src\core\audit\log_signer.py                              116     27  76.7%
src\core\audit\log_storage.py                              77     62  19.5%
src\core\audit\log_verifier.py                             64      3  95.3%
src\core\clipboard\__init__.py                              4      0 100.0%
src\core\clipboard\clipboard_monitor.py                    37      5  86.5%
src\core\clipboard\clipboard_service.py                   351     54  84.6%
src\core\config.py                                         43      5  88.4%
src\core\crypto\__init__.py                                 1      0 100.0%
src\core\crypto\abstract.py                                13      6  53.8%
src\core\crypto\authentication.py                         102     21  79.4%
src\core\crypto\key_derivation.py                          47     12  74.5%
src\core\crypto\key_storage.py                            130     36  72.3%
src\core\crypto\memory.py                                   4      0 100.0%
src\core\crypto\placeholder.py                             17      2  88.2%
src\core\events.py                                         43      3  93.0%
src\core\import_export\__init__.py                          9      0 100.0%
src\core\import_export\exporter.py                        260     61  76.5%
src\core\import_export\formats\__init__.py                  7      0 100.0%
src\core\import_export\formats\bw_json_format.py           28      3  89.3%
src\core\import_export\formats\csv_format.py               61     12  80.3%
src\core\import_export\formats\json_format.py              20      1  95.0%
src\core\import_export\formats\lastpass_csv_format.py      27      1  96.3%
src\core\import_export\formats\native_json_format.py       34      8  76.5%
src\core\import_export\formats\share_json_format.py        35      9  74.3%
src\core\import_export\import_checkpoint.py                20      1  95.0%
src\core\import_export\import_errors.py                    47      1  97.9%
src\core\import_export\import_security.py                  20      2  90.0%
src\core\import_export\importer.py                        434    109  74.9%
src\core\import_export\io_integration.py                  130     28  78.5%
src\core\import_export\io_keys.py                          33      5  84.8%
src\core\import_export\key_exchange.py                    136      7  94.9%
src\core\import_export\share_crypto.py                    204     56  72.5%
src\core\import_export\share_package_codec.py              24      4  83.3%
src\core\import_export\sharing_service.py                 215     48  77.7%
src\core\key_manager.py                                    14      4  71.4%
src\core\security\__init__.py                               8      0 100.0%
src\core\security\activity_monitor.py                      81     13  84.0%
src\core\security\integration.py                           34      3  91.2%
src\core\security\memory_guard.py                          87     22  74.7%
src\core\security\panic_mode.py                           157     44  72.0%
src\core\security\security_config.py                       77     23  70.1%
src\core\security\side_channel_protection.py               11      0 100.0%
src\core\state_manager.py                                 125      2  98.4%
src\core\vault\encryption_service.py                       36      4  88.9%
src\core\vault\entry_manager.py                           222     28  87.4%
src\core\vault\password_generator.py                       99     17  82.8%
src\core\vault\search_index.py                              6      1  83.3%
src\database\__init__.py                                    1      0 100.0%
src\database\db.py                                         85     17  80.0%
src\database\io_storage.py                                145      3  97.9%
src\database\models.py                                    237     38  84.0%
---------------------------------------------------------------------------
TOTAL                                                    4906    960  80.4%
Coverage HTML written to dir C:\Users\moroz\PycharmProjects\crypto\tests\report\coverage_html
Coverage JSON written to file C:\Users\moroz\PycharmProjects\crypto\tests\report\coverage.json
- Generated html report: file:///C:/Users/moroz/PycharmProjects/crypto/tests/report/pytest_report.html -
=========================== short test summary info ===========================
SKIPPED [1] tests\test_sprint7_platform.py:93: PLAT-2: ������ macOS
SKIPPED [1] tests\test_sprint7_platform.py:81: PLAT-2: ������ macOS
SKIPPED [1] tests\test_sprint7_platform.py:109: PLAT-3: ������ Linux
SKIPPED [1] tests\test_sprint7_platform.py:121: PLAT-3: ������ Linux
SKIPPED [1] tests\test_sprint7_platform.py:100: PLAT-3: ������ Linux
SKIPPED [1] tests\test_sprint7_security_validation.py:117: TEST-5: ������ usability-������������ (5+ ����������) � ��. docs/SPRINT7_IMPLEMENTATION.md
=== 127 passed, 6 skipped, 2 deselected, 1154 warnings in 102.83s (0:01:42) ===
